-------------------------------------------------------------------------------
Test set: com.example.tokenservice.service.ClientServiceTest
-------------------------------------------------------------------------------
Tests run: 11, Failures: 0, Errors: 11, Skipped: 0, Time elapsed: 0.194 s <<< FAILURE! -- in com.example.tokenservice.service.ClientServiceTest
com.example.tokenservice.service.ClientServiceTest.testValidateUnregisteredClient -- Time elapsed: 0.002 s <<< ERROR!
io.micronaut.context.exceptions.BeanInstantiationException: 
Error instantiating bean of type  [com.example.tokenservice.service.ClientServiceTest]

Path Taken: ClientServiceTest.clientService
	at io.micronaut.context.DefaultBeanContext.resolveByBeanFactory(DefaultBeanContext.java:2349)
	at io.micronaut.context.DefaultBeanContext.doCreateBean(DefaultBeanContext.java:2304)
	at io.micronaut.context.DefaultBeanContext.doCreateBean(DefaultBeanContext.java:2316)
	at io.micronaut.context.DefaultBeanContext.createRegistration(DefaultBeanContext.java:3127)
	at io.micronaut.context.SingletonScope.getOrCreate(SingletonScope.java:80)
	at io.micronaut.context.DefaultBeanContext.findOrCreateSingletonBeanRegistration(DefaultBeanContext.java:3029)
	at io.micronaut.context.DefaultBeanContext.resolveBeanRegistration(DefaultBeanContext.java:2990)
	at io.micronaut.context.DefaultBeanContext.resolveBeanRegistration(DefaultBeanContext.java:2756)
	at io.micronaut.context.DefaultBeanContext.getBean(DefaultBeanContext.java:1745)
	at io.micronaut.context.AbstractBeanResolutionContext.getBean(AbstractBeanResolutionContext.java:89)
	at io.micronaut.context.AbstractInitializableBeanDefinition.resolveBean(AbstractInitializableBeanDefinition.java:2188)
	at io.micronaut.context.AbstractInitializableBeanDefinition.getBeanForField(AbstractInitializableBeanDefinition.java:1694)
	at com.example.tokenservice.service.$ClientServiceTest$Definition.inject(Unknown Source)
	at io.micronaut.context.DefaultBeanContext.doInjectAndInitialize(DefaultBeanContext.java:2661)
	at io.micronaut.context.DefaultBeanContext.inject(DefaultBeanContext.java:1009)
	at io.micronaut.test.extensions.AbstractMicronautExtension.beforeEach(AbstractMicronautExtension.java:459)
	at io.micronaut.test.extensions.junit5.MicronautJunit5Extension.beforeEach(MicronautJunit5Extension.java:223)
	at java.base/java.util.ArrayList.forEach(ArrayList.java:1597)
	at java.base/java.util.ArrayList.forEach(ArrayList.java:1597)
Caused by: java.lang.NullPointerException
	at java.base/java.util.concurrent.ConcurrentHashMap.putVal(ConcurrentHashMap.java:1011)
	at java.base/java.util.concurrent.ConcurrentHashMap.put(ConcurrentHashMap.java:1006)
	at com.example.tokenservice.service.ClientService.initializePreRegisteredClient(ClientService.java:40)
	at com.example.tokenservice.service.ClientService.<init>(ClientService.java:30)
	at com.example.tokenservice.service.$ClientService$Definition.instantiate(Unknown Source)
	at io.micronaut.context.DefaultBeanContext.resolveByBeanFactory(DefaultBeanContext.java:2334)
	... 18 more

com.example.tokenservice.service.ClientServiceTest.testRegisterCallback -- Time elapsed: 0.001 s <<< ERROR!
io.micronaut.context.exceptions.BeanInstantiationException: 
Error instantiating bean of type  [com.example.tokenservice.service.ClientServiceTest]

Path Taken: ClientServiceTest.clientService
	at io.micronaut.context.DefaultBeanContext.resolveByBeanFactory(DefaultBeanContext.java:2349)
	at io.micronaut.context.DefaultBeanContext.doCreateBean(DefaultBeanContext.java:2304)
	at io.micronaut.context.DefaultBeanContext.doCreateBean(DefaultBeanContext.java:2316)
	at io.micronaut.context.DefaultBeanContext.createRegistration(DefaultBeanContext.java:3127)
	at io.micronaut.context.SingletonScope.getOrCreate(SingletonScope.java:80)
	at io.micronaut.context.DefaultBeanContext.findOrCreateSingletonBeanRegistration(DefaultBeanContext.java:3029)
	at io.micronaut.context.DefaultBeanContext.resolveBeanRegistration(DefaultBeanContext.java:2990)
	at io.micronaut.context.DefaultBeanContext.resolveBeanRegistration(DefaultBeanContext.java:2756)
	at io.micronaut.context.DefaultBeanContext.getBean(DefaultBeanContext.java:1745)
	at io.micronaut.context.AbstractBeanResolutionContext.getBean(AbstractBeanResolutionContext.java:89)
	at io.micronaut.context.AbstractInitializableBeanDefinition.resolveBean(AbstractInitializableBeanDefinition.java:2188)
	at io.micronaut.context.AbstractInitializableBeanDefinition.getBeanForField(AbstractInitializableBeanDefinition.java:1694)
	at com.example.tokenservice.service.$ClientServiceTest$Definition.inject(Unknown Source)
	at io.micronaut.context.DefaultBeanContext.doInjectAndInitialize(DefaultBeanContext.java:2661)
	at io.micronaut.context.DefaultBeanContext.inject(DefaultBeanContext.java:1009)
	at io.micronaut.test.extensions.AbstractMicronautExtension.beforeEach(AbstractMicronautExtension.java:459)
	at io.micronaut.test.extensions.junit5.MicronautJunit5Extension.beforeEach(MicronautJunit5Extension.java:223)
	at java.base/java.util.ArrayList.forEach(ArrayList.java:1597)
	at java.base/java.util.ArrayList.forEach(ArrayList.java:1597)
Caused by: java.lang.NullPointerException
	at java.base/java.util.concurrent.ConcurrentHashMap.putVal(ConcurrentHashMap.java:1011)
	at java.base/java.util.concurrent.ConcurrentHashMap.put(ConcurrentHashMap.java:1006)
	at com.example.tokenservice.service.ClientService.initializePreRegisteredClient(ClientService.java:40)
	at com.example.tokenservice.service.ClientService.<init>(ClientService.java:30)
	at com.example.tokenservice.service.$ClientService$Definition.instantiate(Unknown Source)
	at io.micronaut.context.DefaultBeanContext.resolveByBeanFactory(DefaultBeanContext.java:2334)
	... 18 more

com.example.tokenservice.service.ClientServiceTest.testValidateClientWithWrongSecret -- Time elapsed: 0.001 s <<< ERROR!
io.micronaut.context.exceptions.BeanInstantiationException: 
Error instantiating bean of type  [com.example.tokenservice.service.ClientServiceTest]

Path Taken: ClientServiceTest.clientService
	at io.micronaut.context.DefaultBeanContext.resolveByBeanFactory(DefaultBeanContext.java:2349)
	at io.micronaut.context.DefaultBeanContext.doCreateBean(DefaultBeanContext.java:2304)
	at io.micronaut.context.DefaultBeanContext.doCreateBean(DefaultBeanContext.java:2316)
	at io.micronaut.context.DefaultBeanContext.createRegistration(DefaultBeanContext.java:3127)
	at io.micronaut.context.SingletonScope.getOrCreate(SingletonScope.java:80)
	at io.micronaut.context.DefaultBeanContext.findOrCreateSingletonBeanRegistration(DefaultBeanContext.java:3029)
	at io.micronaut.context.DefaultBeanContext.resolveBeanRegistration(DefaultBeanContext.java:2990)
	at io.micronaut.context.DefaultBeanContext.resolveBeanRegistration(DefaultBeanContext.java:2756)
	at io.micronaut.context.DefaultBeanContext.getBean(DefaultBeanContext.java:1745)
	at io.micronaut.context.AbstractBeanResolutionContext.getBean(AbstractBeanResolutionContext.java:89)
	at io.micronaut.context.AbstractInitializableBeanDefinition.resolveBean(AbstractInitializableBeanDefinition.java:2188)
	at io.micronaut.context.AbstractInitializableBeanDefinition.getBeanForField(AbstractInitializableBeanDefinition.java:1694)
	at com.example.tokenservice.service.$ClientServiceTest$Definition.inject(Unknown Source)
	at io.micronaut.context.DefaultBeanContext.doInjectAndInitialize(DefaultBeanContext.java:2661)
	at io.micronaut.context.DefaultBeanContext.inject(DefaultBeanContext.java:1009)
	at io.micronaut.test.extensions.AbstractMicronautExtension.beforeEach(AbstractMicronautExtension.java:459)
	at io.micronaut.test.extensions.junit5.MicronautJunit5Extension.beforeEach(MicronautJunit5Extension.java:223)
	at java.base/java.util.ArrayList.forEach(ArrayList.java:1597)
	at java.base/java.util.ArrayList.forEach(ArrayList.java:1597)
Caused by: java.lang.NullPointerException
	at java.base/java.util.concurrent.ConcurrentHashMap.putVal(ConcurrentHashMap.java:1011)
	at java.base/java.util.concurrent.ConcurrentHashMap.put(ConcurrentHashMap.java:1006)
	at com.example.tokenservice.service.ClientService.initializePreRegisteredClient(ClientService.java:40)
	at com.example.tokenservice.service.ClientService.<init>(ClientService.java:30)
	at com.example.tokenservice.service.$ClientService$Definition.instantiate(Unknown Source)
	at io.micronaut.context.DefaultBeanContext.resolveByBeanFactory(DefaultBeanContext.java:2334)
	... 18 more

com.example.tokenservice.service.ClientServiceTest.testGetCallbackUrlForUnregisteredClient -- Time elapsed: 0.001 s <<< ERROR!
io.micronaut.context.exceptions.BeanInstantiationException: 
Error instantiating bean of type  [com.example.tokenservice.service.ClientServiceTest]

Path Taken: ClientServiceTest.clientService
	at io.micronaut.context.DefaultBeanContext.resolveByBeanFactory(DefaultBeanContext.java:2349)
	at io.micronaut.context.DefaultBeanContext.doCreateBean(DefaultBeanContext.java:2304)
	at io.micronaut.context.DefaultBeanContext.doCreateBean(DefaultBeanContext.java:2316)
	at io.micronaut.context.DefaultBeanContext.createRegistration(DefaultBeanContext.java:3127)
	at io.micronaut.context.SingletonScope.getOrCreate(SingletonScope.java:80)
	at io.micronaut.context.DefaultBeanContext.findOrCreateSingletonBeanRegistration(DefaultBeanContext.java:3029)
	at io.micronaut.context.DefaultBeanContext.resolveBeanRegistration(DefaultBeanContext.java:2990)
	at io.micronaut.context.DefaultBeanContext.resolveBeanRegistration(DefaultBeanContext.java:2756)
	at io.micronaut.context.DefaultBeanContext.getBean(DefaultBeanContext.java:1745)
	at io.micronaut.context.AbstractBeanResolutionContext.getBean(AbstractBeanResolutionContext.java:89)
	at io.micronaut.context.AbstractInitializableBeanDefinition.resolveBean(AbstractInitializableBeanDefinition.java:2188)
	at io.micronaut.context.AbstractInitializableBeanDefinition.getBeanForField(AbstractInitializableBeanDefinition.java:1694)
	at com.example.tokenservice.service.$ClientServiceTest$Definition.inject(Unknown Source)
	at io.micronaut.context.DefaultBeanContext.doInjectAndInitialize(DefaultBeanContext.java:2661)
	at io.micronaut.context.DefaultBeanContext.inject(DefaultBeanContext.java:1009)
	at io.micronaut.test.extensions.AbstractMicronautExtension.beforeEach(AbstractMicronautExtension.java:459)
	at io.micronaut.test.extensions.junit5.MicronautJunit5Extension.beforeEach(MicronautJunit5Extension.java:223)
	at java.base/java.util.ArrayList.forEach(ArrayList.java:1597)
	at java.base/java.util.ArrayList.forEach(ArrayList.java:1597)
Caused by: java.lang.NullPointerException
	at java.base/java.util.concurrent.ConcurrentHashMap.putVal(ConcurrentHashMap.java:1011)
	at java.base/java.util.concurrent.ConcurrentHashMap.put(ConcurrentHashMap.java:1006)
	at com.example.tokenservice.service.ClientService.initializePreRegisteredClient(ClientService.java:40)
	at com.example.tokenservice.service.ClientService.<init>(ClientService.java:30)
	at com.example.tokenservice.service.$ClientService$Definition.instantiate(Unknown Source)
	at io.micronaut.context.DefaultBeanContext.resolveByBeanFactory(DefaultBeanContext.java:2334)
	... 18 more

com.example.tokenservice.service.ClientServiceTest.testGetAllClients -- Time elapsed: 0.001 s <<< ERROR!
io.micronaut.context.exceptions.BeanInstantiationException: 
Error instantiating bean of type  [com.example.tokenservice.service.ClientServiceTest]

Path Taken: ClientServiceTest.clientService
	at io.micronaut.context.DefaultBeanContext.resolveByBeanFactory(DefaultBeanContext.java:2349)
	at io.micronaut.context.DefaultBeanContext.doCreateBean(DefaultBeanContext.java:2304)
	at io.micronaut.context.DefaultBeanContext.doCreateBean(DefaultBeanContext.java:2316)
	at io.micronaut.context.DefaultBeanContext.createRegistration(DefaultBeanContext.java:3127)
	at io.micronaut.context.SingletonScope.getOrCreate(SingletonScope.java:80)
	at io.micronaut.context.DefaultBeanContext.findOrCreateSingletonBeanRegistration(DefaultBeanContext.java:3029)
	at io.micronaut.context.DefaultBeanContext.resolveBeanRegistration(DefaultBeanContext.java:2990)
	at io.micronaut.context.DefaultBeanContext.resolveBeanRegistration(DefaultBeanContext.java:2756)
	at io.micronaut.context.DefaultBeanContext.getBean(DefaultBeanContext.java:1745)
	at io.micronaut.context.AbstractBeanResolutionContext.getBean(AbstractBeanResolutionContext.java:89)
	at io.micronaut.context.AbstractInitializableBeanDefinition.resolveBean(AbstractInitializableBeanDefinition.java:2188)
	at io.micronaut.context.AbstractInitializableBeanDefinition.getBeanForField(AbstractInitializableBeanDefinition.java:1694)
	at com.example.tokenservice.service.$ClientServiceTest$Definition.inject(Unknown Source)
	at io.micronaut.context.DefaultBeanContext.doInjectAndInitialize(DefaultBeanContext.java:2661)
	at io.micronaut.context.DefaultBeanContext.inject(DefaultBeanContext.java:1009)
	at io.micronaut.test.extensions.AbstractMicronautExtension.beforeEach(AbstractMicronautExtension.java:459)
	at io.micronaut.test.extensions.junit5.MicronautJunit5Extension.beforeEach(MicronautJunit5Extension.java:223)
	at java.base/java.util.ArrayList.forEach(ArrayList.java:1597)
	at java.base/java.util.ArrayList.forEach(ArrayList.java:1597)
Caused by: java.lang.NullPointerException
	at java.base/java.util.concurrent.ConcurrentHashMap.putVal(ConcurrentHashMap.java:1011)
	at java.base/java.util.concurrent.ConcurrentHashMap.put(ConcurrentHashMap.java:1006)
	at com.example.tokenservice.service.ClientService.initializePreRegisteredClient(ClientService.java:40)
	at com.example.tokenservice.service.ClientService.<init>(ClientService.java:30)
	at com.example.tokenservice.service.$ClientService$Definition.instantiate(Unknown Source)
	at io.micronaut.context.DefaultBeanContext.resolveByBeanFactory(DefaultBeanContext.java:2334)
	... 18 more

com.example.tokenservice.service.ClientServiceTest.testRegisterCallbackForNonExistentClient -- Time elapsed: 0.001 s <<< ERROR!
io.micronaut.context.exceptions.BeanInstantiationException: 
Error instantiating bean of type  [com.example.tokenservice.service.ClientServiceTest]

Path Taken: ClientServiceTest.clientService
	at io.micronaut.context.DefaultBeanContext.resolveByBeanFactory(DefaultBeanContext.java:2349)
	at io.micronaut.context.DefaultBeanContext.doCreateBean(DefaultBeanContext.java:2304)
	at io.micronaut.context.DefaultBeanContext.doCreateBean(DefaultBeanContext.java:2316)
	at io.micronaut.context.DefaultBeanContext.createRegistration(DefaultBeanContext.java:3127)
	at io.micronaut.context.SingletonScope.getOrCreate(SingletonScope.java:80)
	at io.micronaut.context.DefaultBeanContext.findOrCreateSingletonBeanRegistration(DefaultBeanContext.java:3029)
	at io.micronaut.context.DefaultBeanContext.resolveBeanRegistration(DefaultBeanContext.java:2990)
	at io.micronaut.context.DefaultBeanContext.resolveBeanRegistration(DefaultBeanContext.java:2756)
	at io.micronaut.context.DefaultBeanContext.getBean(DefaultBeanContext.java:1745)
	at io.micronaut.context.AbstractBeanResolutionContext.getBean(AbstractBeanResolutionContext.java:89)
	at io.micronaut.context.AbstractInitializableBeanDefinition.resolveBean(AbstractInitializableBeanDefinition.java:2188)
	at io.micronaut.context.AbstractInitializableBeanDefinition.getBeanForField(AbstractInitializableBeanDefinition.java:1694)
	at com.example.tokenservice.service.$ClientServiceTest$Definition.inject(Unknown Source)
	at io.micronaut.context.DefaultBeanContext.doInjectAndInitialize(DefaultBeanContext.java:2661)
	at io.micronaut.context.DefaultBeanContext.inject(DefaultBeanContext.java:1009)
	at io.micronaut.test.extensions.AbstractMicronautExtension.beforeEach(AbstractMicronautExtension.java:459)
	at io.micronaut.test.extensions.junit5.MicronautJunit5Extension.beforeEach(MicronautJunit5Extension.java:223)
	at java.base/java.util.ArrayList.forEach(ArrayList.java:1597)
	at java.base/java.util.ArrayList.forEach(ArrayList.java:1597)
Caused by: java.lang.NullPointerException
	at java.base/java.util.concurrent.ConcurrentHashMap.putVal(ConcurrentHashMap.java:1011)
	at java.base/java.util.concurrent.ConcurrentHashMap.put(ConcurrentHashMap.java:1006)
	at com.example.tokenservice.service.ClientService.initializePreRegisteredClient(ClientService.java:40)
	at com.example.tokenservice.service.ClientService.<init>(ClientService.java:30)
	at com.example.tokenservice.service.$ClientService$Definition.instantiate(Unknown Source)
	at io.micronaut.context.DefaultBeanContext.resolveByBeanFactory(DefaultBeanContext.java:2334)
	... 18 more

com.example.tokenservice.service.ClientServiceTest.testGetCallbackUrl -- Time elapsed: 0.001 s <<< ERROR!
io.micronaut.context.exceptions.BeanInstantiationException: 
Error instantiating bean of type  [com.example.tokenservice.service.ClientServiceTest]

Path Taken: ClientServiceTest.clientService
	at io.micronaut.context.DefaultBeanContext.resolveByBeanFactory(DefaultBeanContext.java:2349)
	at io.micronaut.context.DefaultBeanContext.doCreateBean(DefaultBeanContext.java:2304)
	at io.micronaut.context.DefaultBeanContext.doCreateBean(DefaultBeanContext.java:2316)
	at io.micronaut.context.DefaultBeanContext.createRegistration(DefaultBeanContext.java:3127)
	at io.micronaut.context.SingletonScope.getOrCreate(SingletonScope.java:80)
	at io.micronaut.context.DefaultBeanContext.findOrCreateSingletonBeanRegistration(DefaultBeanContext.java:3029)
	at io.micronaut.context.DefaultBeanContext.resolveBeanRegistration(DefaultBeanContext.java:2990)
	at io.micronaut.context.DefaultBeanContext.resolveBeanRegistration(DefaultBeanContext.java:2756)
	at io.micronaut.context.DefaultBeanContext.getBean(DefaultBeanContext.java:1745)
	at io.micronaut.context.AbstractBeanResolutionContext.getBean(AbstractBeanResolutionContext.java:89)
	at io.micronaut.context.AbstractInitializableBeanDefinition.resolveBean(AbstractInitializableBeanDefinition.java:2188)
	at io.micronaut.context.AbstractInitializableBeanDefinition.getBeanForField(AbstractInitializableBeanDefinition.java:1694)
	at com.example.tokenservice.service.$ClientServiceTest$Definition.inject(Unknown Source)
	at io.micronaut.context.DefaultBeanContext.doInjectAndInitialize(DefaultBeanContext.java:2661)
	at io.micronaut.context.DefaultBeanContext.inject(DefaultBeanContext.java:1009)
	at io.micronaut.test.extensions.AbstractMicronautExtension.beforeEach(AbstractMicronautExtension.java:459)
	at io.micronaut.test.extensions.junit5.MicronautJunit5Extension.beforeEach(MicronautJunit5Extension.java:223)
	at java.base/java.util.ArrayList.forEach(ArrayList.java:1597)
	at java.base/java.util.ArrayList.forEach(ArrayList.java:1597)
Caused by: java.lang.NullPointerException
	at java.base/java.util.concurrent.ConcurrentHashMap.putVal(ConcurrentHashMap.java:1011)
	at java.base/java.util.concurrent.ConcurrentHashMap.put(ConcurrentHashMap.java:1006)
	at com.example.tokenservice.service.ClientService.initializePreRegisteredClient(ClientService.java:40)
	at com.example.tokenservice.service.ClientService.<init>(ClientService.java:30)
	at com.example.tokenservice.service.$ClientService$Definition.instantiate(Unknown Source)
	at io.micronaut.context.DefaultBeanContext.resolveByBeanFactory(DefaultBeanContext.java:2334)
	... 18 more

com.example.tokenservice.service.ClientServiceTest.testGetNonExistentClient -- Time elapsed: 0.002 s <<< ERROR!
io.micronaut.context.exceptions.BeanInstantiationException: 
Error instantiating bean of type  [com.example.tokenservice.service.ClientServiceTest]

Path Taken: ClientServiceTest.clientService
	at io.micronaut.context.DefaultBeanContext.resolveByBeanFactory(DefaultBeanContext.java:2349)
	at io.micronaut.context.DefaultBeanContext.doCreateBean(DefaultBeanContext.java:2304)
	at io.micronaut.context.DefaultBeanContext.doCreateBean(DefaultBeanContext.java:2316)
	at io.micronaut.context.DefaultBeanContext.createRegistration(DefaultBeanContext.java:3127)
	at io.micronaut.context.SingletonScope.getOrCreate(SingletonScope.java:80)
	at io.micronaut.context.DefaultBeanContext.findOrCreateSingletonBeanRegistration(DefaultBeanContext.java:3029)
	at io.micronaut.context.DefaultBeanContext.resolveBeanRegistration(DefaultBeanContext.java:2990)
	at io.micronaut.context.DefaultBeanContext.resolveBeanRegistration(DefaultBeanContext.java:2756)
	at io.micronaut.context.DefaultBeanContext.getBean(DefaultBeanContext.java:1745)
	at io.micronaut.context.AbstractBeanResolutionContext.getBean(AbstractBeanResolutionContext.java:89)
	at io.micronaut.context.AbstractInitializableBeanDefinition.resolveBean(AbstractInitializableBeanDefinition.java:2188)
	at io.micronaut.context.AbstractInitializableBeanDefinition.getBeanForField(AbstractInitializableBeanDefinition.java:1694)
	at com.example.tokenservice.service.$ClientServiceTest$Definition.inject(Unknown Source)
	at io.micronaut.context.DefaultBeanContext.doInjectAndInitialize(DefaultBeanContext.java:2661)
	at io.micronaut.context.DefaultBeanContext.inject(DefaultBeanContext.java:1009)
	at io.micronaut.test.extensions.AbstractMicronautExtension.beforeEach(AbstractMicronautExtension.java:459)
	at io.micronaut.test.extensions.junit5.MicronautJunit5Extension.beforeEach(MicronautJunit5Extension.java:223)
	at java.base/java.util.ArrayList.forEach(ArrayList.java:1597)
	at java.base/java.util.ArrayList.forEach(ArrayList.java:1597)
Caused by: java.lang.NullPointerException
	at java.base/java.util.concurrent.ConcurrentHashMap.putVal(ConcurrentHashMap.java:1011)
	at java.base/java.util.concurrent.ConcurrentHashMap.put(ConcurrentHashMap.java:1006)
	at com.example.tokenservice.service.ClientService.initializePreRegisteredClient(ClientService.java:40)
	at com.example.tokenservice.service.ClientService.<init>(ClientService.java:30)
	at com.example.tokenservice.service.$ClientService$Definition.instantiate(Unknown Source)
	at io.micronaut.context.DefaultBeanContext.resolveByBeanFactory(DefaultBeanContext.java:2334)
	... 18 more

com.example.tokenservice.service.ClientServiceTest.testGetClient -- Time elapsed: 0.001 s <<< ERROR!
io.micronaut.context.exceptions.BeanInstantiationException: 
Error instantiating bean of type  [com.example.tokenservice.service.ClientServiceTest]

Path Taken: ClientServiceTest.clientService
	at io.micronaut.context.DefaultBeanContext.resolveByBeanFactory(DefaultBeanContext.java:2349)
	at io.micronaut.context.DefaultBeanContext.doCreateBean(DefaultBeanContext.java:2304)
	at io.micronaut.context.DefaultBeanContext.doCreateBean(DefaultBeanContext.java:2316)
	at io.micronaut.context.DefaultBeanContext.createRegistration(DefaultBeanContext.java:3127)
	at io.micronaut.context.SingletonScope.getOrCreate(SingletonScope.java:80)
	at io.micronaut.context.DefaultBeanContext.findOrCreateSingletonBeanRegistration(DefaultBeanContext.java:3029)
	at io.micronaut.context.DefaultBeanContext.resolveBeanRegistration(DefaultBeanContext.java:2990)
	at io.micronaut.context.DefaultBeanContext.resolveBeanRegistration(DefaultBeanContext.java:2756)
	at io.micronaut.context.DefaultBeanContext.getBean(DefaultBeanContext.java:1745)
	at io.micronaut.context.AbstractBeanResolutionContext.getBean(AbstractBeanResolutionContext.java:89)
	at io.micronaut.context.AbstractInitializableBeanDefinition.resolveBean(AbstractInitializableBeanDefinition.java:2188)
	at io.micronaut.context.AbstractInitializableBeanDefinition.getBeanForField(AbstractInitializableBeanDefinition.java:1694)
	at com.example.tokenservice.service.$ClientServiceTest$Definition.inject(Unknown Source)
	at io.micronaut.context.DefaultBeanContext.doInjectAndInitialize(DefaultBeanContext.java:2661)
	at io.micronaut.context.DefaultBeanContext.inject(DefaultBeanContext.java:1009)
	at io.micronaut.test.extensions.AbstractMicronautExtension.beforeEach(AbstractMicronautExtension.java:459)
	at io.micronaut.test.extensions.junit5.MicronautJunit5Extension.beforeEach(MicronautJunit5Extension.java:223)
	at java.base/java.util.ArrayList.forEach(ArrayList.java:1597)
	at java.base/java.util.ArrayList.forEach(ArrayList.java:1597)
Caused by: java.lang.NullPointerException
	at java.base/java.util.concurrent.ConcurrentHashMap.putVal(ConcurrentHashMap.java:1011)
	at java.base/java.util.concurrent.ConcurrentHashMap.put(ConcurrentHashMap.java:1006)
	at com.example.tokenservice.service.ClientService.initializePreRegisteredClient(ClientService.java:40)
	at com.example.tokenservice.service.ClientService.<init>(ClientService.java:30)
	at com.example.tokenservice.service.$ClientService$Definition.instantiate(Unknown Source)
	at io.micronaut.context.DefaultBeanContext.resolveByBeanFactory(DefaultBeanContext.java:2334)
	... 18 more

com.example.tokenservice.service.ClientServiceTest.testValidateRegisteredClient -- Time elapsed: 0.001 s <<< ERROR!
io.micronaut.context.exceptions.BeanInstantiationException: 
Error instantiating bean of type  [com.example.tokenservice.service.ClientServiceTest]

Path Taken: ClientServiceTest.clientService
	at io.micronaut.context.DefaultBeanContext.resolveByBeanFactory(DefaultBeanContext.java:2349)
	at io.micronaut.context.DefaultBeanContext.doCreateBean(DefaultBeanContext.java:2304)
	at io.micronaut.context.DefaultBeanContext.doCreateBean(DefaultBeanContext.java:2316)
	at io.micronaut.context.DefaultBeanContext.createRegistration(DefaultBeanContext.java:3127)
	at io.micronaut.context.SingletonScope.getOrCreate(SingletonScope.java:80)
	at io.micronaut.context.DefaultBeanContext.findOrCreateSingletonBeanRegistration(DefaultBeanContext.java:3029)
	at io.micronaut.context.DefaultBeanContext.resolveBeanRegistration(DefaultBeanContext.java:2990)
	at io.micronaut.context.DefaultBeanContext.resolveBeanRegistration(DefaultBeanContext.java:2756)
	at io.micronaut.context.DefaultBeanContext.getBean(DefaultBeanContext.java:1745)
	at io.micronaut.context.AbstractBeanResolutionContext.getBean(AbstractBeanResolutionContext.java:89)
	at io.micronaut.context.AbstractInitializableBeanDefinition.resolveBean(AbstractInitializableBeanDefinition.java:2188)
	at io.micronaut.context.AbstractInitializableBeanDefinition.getBeanForField(AbstractInitializableBeanDefinition.java:1694)
	at com.example.tokenservice.service.$ClientServiceTest$Definition.inject(Unknown Source)
	at io.micronaut.context.DefaultBeanContext.doInjectAndInitialize(DefaultBeanContext.java:2661)
	at io.micronaut.context.DefaultBeanContext.inject(DefaultBeanContext.java:1009)
	at io.micronaut.test.extensions.AbstractMicronautExtension.beforeEach(AbstractMicronautExtension.java:459)
	at io.micronaut.test.extensions.junit5.MicronautJunit5Extension.beforeEach(MicronautJunit5Extension.java:223)
	at java.base/java.util.ArrayList.forEach(ArrayList.java:1597)
	at java.base/java.util.ArrayList.forEach(ArrayList.java:1597)
Caused by: java.lang.NullPointerException
	at java.base/java.util.concurrent.ConcurrentHashMap.putVal(ConcurrentHashMap.java:1011)
	at java.base/java.util.concurrent.ConcurrentHashMap.put(ConcurrentHashMap.java:1006)
	at com.example.tokenservice.service.ClientService.initializePreRegisteredClient(ClientService.java:40)
	at com.example.tokenservice.service.ClientService.<init>(ClientService.java:30)
	at com.example.tokenservice.service.$ClientService$Definition.instantiate(Unknown Source)
	at io.micronaut.context.DefaultBeanContext.resolveByBeanFactory(DefaultBeanContext.java:2334)
	... 18 more

com.example.tokenservice.service.ClientServiceTest.testClientServiceInitialization -- Time elapsed: 0 s <<< ERROR!
io.micronaut.context.exceptions.BeanInstantiationException: 
Error instantiating bean of type  [com.example.tokenservice.service.ClientServiceTest]

Path Taken: ClientServiceTest.clientService
	at io.micronaut.context.DefaultBeanContext.resolveByBeanFactory(DefaultBeanContext.java:2349)
	at io.micronaut.context.DefaultBeanContext.doCreateBean(DefaultBeanContext.java:2304)
	at io.micronaut.context.DefaultBeanContext.doCreateBean(DefaultBeanContext.java:2316)
	at io.micronaut.context.DefaultBeanContext.createRegistration(DefaultBeanContext.java:3127)
	at io.micronaut.context.SingletonScope.getOrCreate(SingletonScope.java:80)
	at io.micronaut.context.DefaultBeanContext.findOrCreateSingletonBeanRegistration(DefaultBeanContext.java:3029)
	at io.micronaut.context.DefaultBeanContext.resolveBeanRegistration(DefaultBeanContext.java:2990)
	at io.micronaut.context.DefaultBeanContext.resolveBeanRegistration(DefaultBeanContext.java:2756)
	at io.micronaut.context.DefaultBeanContext.getBean(DefaultBeanContext.java:1745)
	at io.micronaut.context.AbstractBeanResolutionContext.getBean(AbstractBeanResolutionContext.java:89)
	at io.micronaut.context.AbstractInitializableBeanDefinition.resolveBean(AbstractInitializableBeanDefinition.java:2188)
	at io.micronaut.context.AbstractInitializableBeanDefinition.getBeanForField(AbstractInitializableBeanDefinition.java:1694)
	at com.example.tokenservice.service.$ClientServiceTest$Definition.inject(Unknown Source)
	at io.micronaut.context.DefaultBeanContext.doInjectAndInitialize(DefaultBeanContext.java:2661)
	at io.micronaut.context.DefaultBeanContext.inject(DefaultBeanContext.java:1009)
	at io.micronaut.test.extensions.AbstractMicronautExtension.beforeEach(AbstractMicronautExtension.java:459)
	at io.micronaut.test.extensions.junit5.MicronautJunit5Extension.beforeEach(MicronautJunit5Extension.java:223)
	at java.base/java.util.ArrayList.forEach(ArrayList.java:1597)
	at java.base/java.util.ArrayList.forEach(ArrayList.java:1597)
Caused by: java.lang.NullPointerException
	at java.base/java.util.concurrent.ConcurrentHashMap.putVal(ConcurrentHashMap.java:1011)
	at java.base/java.util.concurrent.ConcurrentHashMap.put(ConcurrentHashMap.java:1006)
	at com.example.tokenservice.service.ClientService.initializePreRegisteredClient(ClientService.java:40)
	at com.example.tokenservice.service.ClientService.<init>(ClientService.java:30)
	at com.example.tokenservice.service.$ClientService$Definition.instantiate(Unknown Source)
	at io.micronaut.context.DefaultBeanContext.resolveByBeanFactory(DefaultBeanContext.java:2334)
	... 18 more

