<?xml version="1.0" encoding="UTF-8"?>
<testsuite xmlns:xsi="http://www.w3.org/2001/XMLSchema-instance" xsi:noNamespaceSchemaLocation="https://maven.apache.org/surefire/maven-surefire-plugin/xsd/surefire-test-report.xsd" version="3.0.2" name="com.example.tokenservice.controller.TokenControllerTest" time="1.123" tests="1" errors="1" skipped="0" failures="0">
  <properties>
[...]
</properties>
  <testcase name="testTokenControllerInitialization" classname="com.example.tokenservice.controller.TokenControllerTest" time="0.112">
    <error message="Error instantiating bean of type  [com.example.tokenservice.controller.$TokenController$Definition$Intercepted]&#10;&#10;Path Taken: TokenControllerTest.tokenController --&gt; new $TokenController$Definition$Intercepted(JwtTokenService jwtTokenService,[ClientService clientService],CallbackDeliveryService callbackDeliveryService,BeanResolutionContext $beanResolutionContext,BeanContext $beanContext,Qualifier $qualifier,List&lt;BeanRegistration&lt;Interceptor T&gt; E&gt; $interceptors,InterceptorRegistry $interceptorRegistry)" type="io.micronaut.context.exceptions.BeanInstantiationException"><![CDATA[io.micronaut.context.exceptions.BeanInstantiationException: 
Error instantiating bean of type  [com.example.tokenservice.controller.$TokenController$Definition$Intercepted]

Path Taken: TokenControllerTest.tokenController --> new $TokenController$Definition$Intercepted(JwtTokenService jwtTokenService,[ClientService clientService],CallbackDeliveryService callbackDeliveryService,BeanResolutionContext $beanResolutionContext,BeanContext $beanContext,Qualifier $qualifier,List<BeanRegistration<Interceptor T> E> $interceptors,InterceptorRegistry $interceptorRegistry)
	at io.micronaut.context.DefaultBeanContext.resolveByBeanFactory(DefaultBeanContext.java:2349)
	at io.micronaut.context.DefaultBeanContext.doCreateBean(DefaultBeanContext.java:2304)
	at io.micronaut.context.DefaultBeanContext.doCreateBean(DefaultBeanContext.java:2316)
	at io.micronaut.context.DefaultBeanContext.createRegistration(DefaultBeanContext.java:3127)
	at io.micronaut.context.SingletonScope.getOrCreate(SingletonScope.java:80)
	at io.micronaut.context.DefaultBeanContext.findOrCreateSingletonBeanRegistration(DefaultBeanContext.java:3029)
	at io.micronaut.context.DefaultBeanContext.resolveBeanRegistration(DefaultBeanContext.java:2990)
	at io.micronaut.context.DefaultBeanContext.resolveBeanRegistration(DefaultBeanContext.java:2756)
	at io.micronaut.context.DefaultBeanContext.getBean(DefaultBeanContext.java:1745)
	at io.micronaut.context.AbstractBeanResolutionContext.getBean(AbstractBeanResolutionContext.java:89)
	at io.micronaut.context.AbstractInitializableBeanDefinition.resolveBean(AbstractInitializableBeanDefinition.java:2188)
	at io.micronaut.context.AbstractInitializableBeanDefinition.getBeanForConstructorArgument(AbstractInitializableBeanDefinition.java:1350)
	at com.example.tokenservice.controller.$TokenController$Definition$Intercepted$Definition.instantiate(Unknown Source)
	at io.micronaut.context.DefaultBeanContext.resolveByBeanFactory(DefaultBeanContext.java:2334)
	at io.micronaut.context.DefaultBeanContext.doCreateBean(DefaultBeanContext.java:2304)
	at io.micronaut.context.DefaultBeanContext.doCreateBean(DefaultBeanContext.java:2316)
	at io.micronaut.context.DefaultBeanContext.createRegistration(DefaultBeanContext.java:3127)
	at io.micronaut.context.SingletonScope.getOrCreate(SingletonScope.java:80)
	at io.micronaut.context.DefaultBeanContext.findOrCreateSingletonBeanRegistration(DefaultBeanContext.java:3029)
	at io.micronaut.context.DefaultBeanContext.resolveBeanRegistration(DefaultBeanContext.java:2990)
	at io.micronaut.context.DefaultBeanContext.resolveBeanRegistration(DefaultBeanContext.java:2756)
	at io.micronaut.context.DefaultBeanContext.getBean(DefaultBeanContext.java:1745)
	at io.micronaut.context.AbstractBeanResolutionContext.getBean(AbstractBeanResolutionContext.java:89)
	at io.micronaut.context.AbstractInitializableBeanDefinition.resolveBean(AbstractInitializableBeanDefinition.java:2188)
	at io.micronaut.context.AbstractInitializableBeanDefinition.getBeanForField(AbstractInitializableBeanDefinition.java:1694)
	at com.example.tokenservice.controller.$TokenControllerTest$Definition.inject(Unknown Source)
	at io.micronaut.context.DefaultBeanContext.doInjectAndInitialize(DefaultBeanContext.java:2661)
	at io.micronaut.context.DefaultBeanContext.inject(DefaultBeanContext.java:1009)
	at io.micronaut.test.extensions.AbstractMicronautExtension.beforeEach(AbstractMicronautExtension.java:459)
	at io.micronaut.test.extensions.junit5.MicronautJunit5Extension.beforeEach(MicronautJunit5Extension.java:223)
	at java.base/java.util.ArrayList.forEach(ArrayList.java:1597)
	at java.base/java.util.ArrayList.forEach(ArrayList.java:1597)
Caused by: java.lang.NullPointerException
	at java.base/java.util.concurrent.ConcurrentHashMap.putVal(ConcurrentHashMap.java:1011)
	at java.base/java.util.concurrent.ConcurrentHashMap.put(ConcurrentHashMap.java:1006)
	at com.example.tokenservice.service.ClientService.initializePreRegisteredClient(ClientService.java:40)
	at com.example.tokenservice.service.ClientService.<init>(ClientService.java:30)
	at com.example.tokenservice.service.$ClientService$Definition.instantiate(Unknown Source)
	at io.micronaut.context.DefaultBeanContext.resolveByBeanFactory(DefaultBeanContext.java:2334)
	... 31 more
]]></error>
    <system-out><![CDATA[01:04:57.773 [main] DEBUG io.micronaut.context.DefaultApplicationContext$RuntimeConfiguredEnvironment -- Environment deduction is using the default of: true
01:04:57.779 [main] INFO io.micronaut.context.DefaultApplicationContext$RuntimeConfiguredEnvironment -- Established active environments: [test]
01:04:57.779 [main] DEBUG io.micronaut.context.DefaultApplicationContext$RuntimeConfiguredEnvironment -- Starting environment io.micronaut.context.DefaultApplicationContext$RuntimeConfiguredEnvironment@2474f125 for active names [test]
01:04:57.782 [main] DEBUG io.micronaut.context.DefaultApplicationContext$RuntimeConfiguredEnvironment -- Reading property sources from loader: io.micronaut.context.env.PropertiesPropertySourceLoader@40317ba2
01:04:57.787 [main] DEBUG io.micronaut.context.env.PropertiesPropertySourceLoader -- No PropertySource found for file name: application.properties
01:04:57.788 [main] DEBUG io.micronaut.context.env.PropertiesPropertySourceLoader -- No PropertySource found for file name: application-test.properties
01:04:57.789 [main] DEBUG io.micronaut.context.DefaultApplicationContext$RuntimeConfiguredEnvironment -- Reading property sources from loader: io.micronaut.context.env.yaml.YamlPropertySourceLoader@3370f42
01:04:57.789 [main] DEBUG io.micronaut.context.env.yaml.YamlPropertySourceLoader -- Found PropertySource for file name: application.yml
01:04:57.839 [main] DEBUG io.micronaut.context.env.yaml.YamlPropertySourceLoader -- No PropertySource found for file name: application-test.yml
01:04:57.840 [main] DEBUG io.micronaut.context.env.yaml.YamlPropertySourceLoader -- No PropertySource found for file name: application-test.yaml
01:04:57.840 [main] DEBUG io.micronaut.context.DefaultApplicationContext$RuntimeConfiguredEnvironment -- Reading property sources from loader: io.micronaut.jackson.core.env.CloudFoundryVcapApplicationPropertySourceLoader@5dd1c9f2
01:04:57.840 [main] DEBUG io.micronaut.jackson.core.env.CloudFoundryVcapApplicationPropertySourceLoader -- No PropertySource found for file name: application.VCAP_APPLICATION
01:04:57.840 [main] DEBUG io.micronaut.jackson.core.env.CloudFoundryVcapApplicationPropertySourceLoader -- No PropertySource found for file name: application-test.VCAP_APPLICATION
01:04:57.840 [main] DEBUG io.micronaut.context.DefaultApplicationContext$RuntimeConfiguredEnvironment -- Reading property sources from loader: io.micronaut.jackson.core.env.JsonPropertySourceLoader@59b38691
01:04:57.840 [main] DEBUG io.micronaut.jackson.core.env.JsonPropertySourceLoader -- No PropertySource found for file name: application.json
01:04:57.840 [main] DEBUG io.micronaut.jackson.core.env.JsonPropertySourceLoader -- No PropertySource found for file name: application-test.json
01:04:57.840 [main] DEBUG io.micronaut.context.DefaultApplicationContext$RuntimeConfiguredEnvironment -- Reading property sources from loader: io.micronaut.jackson.core.env.EnvJsonPropertySourceLoader@2e2ff723
01:04:57.840 [main] DEBUG io.micronaut.jackson.core.env.EnvJsonPropertySourceLoader -- No PropertySource found for file name: application.json
01:04:57.840 [main] DEBUG io.micronaut.jackson.core.env.EnvJsonPropertySourceLoader -- No PropertySource found for file name: application-test.json
01:04:57.840 [main] DEBUG io.micronaut.context.DefaultApplicationContext$RuntimeConfiguredEnvironment -- Reading property sources from loader: io.micronaut.jackson.core.env.CloudFoundryVcapServicesPropertySourceLoader@324a0017
01:04:57.840 [main] DEBUG io.micronaut.jackson.core.env.CloudFoundryVcapServicesPropertySourceLoader -- No PropertySource found for file name: application.VCAP_SERVICES
01:04:57.840 [main] DEBUG io.micronaut.jackson.core.env.CloudFoundryVcapServicesPropertySourceLoader -- No PropertySource found for file name: application-test.VCAP_SERVICES
01:04:57.842 [main] DEBUG io.micronaut.context.DefaultApplicationContext$RuntimeConfiguredEnvironment -- Processing property source: application
01:04:57.843 [main] DEBUG io.micronaut.context.DefaultApplicationContext$RuntimeConfiguredEnvironment -- Processing property source: env
01:04:57.845 [main] DEBUG io.micronaut.context.DefaultApplicationContext$RuntimeConfiguredEnvironment -- Processing property source: system
01:04:57.845 [main] DEBUG io.micronaut.context.DefaultApplicationContext$RuntimeConfiguredEnvironment -- Processing property source: test-properties
01:04:57.854 [main] DEBUG io.micronaut.context.DefaultBeanContext -- Finding candidate beans for type: DefaultEnvironment
01:04:57.854 [main] DEBUG io.micronaut.context.DefaultBeanContext -- No bean candidates found for type: DefaultEnvironment
01:04:57.856 [main] DEBUG io.micronaut.context.DefaultBeanContext -- Starting BeanContext
01:04:57.861 [main] DEBUG io.micronaut.context.condition.Condition -- Configuration: io.micronaut.security.x509 will not be loaded due to failing conditions:
01:04:57.861 [main] DEBUG io.micronaut.context.condition.Condition -- * Required property [micronaut.security.x509.enabled] with value [true] not present
01:04:57.861 [main] DEBUG io.micronaut.context.DefaultBeanContext -- Finding candidate beans for type: HttpClientRegistry
01:04:57.862 [main] DEBUG io.micronaut.context.DefaultBeanContext --   class io.micronaut.http.client.netty.DefaultNettyHttpClientRegistry null Definition: io.micronaut.http.client.netty.DefaultNettyHttpClientRegistry
01:04:57.865 [main] DEBUG io.micronaut.context.DefaultBeanContext -- Finding candidate beans for type: BeanCreatedEventListener
01:04:57.865 [main] DEBUG io.micronaut.context.condition.Condition -- Bean [Definition: io.micronaut.web.router.version.VersionAwareRouterListener] will not be loaded due to failing conditions:
01:04:57.865 [main] DEBUG io.micronaut.context.condition.Condition -- * Required property [micronaut.router.versioning.enabled] with value [true] not present
01:04:57.867 [main] DEBUG io.micronaut.context.condition.Condition -- Bean [io.micronaut.tracing.opentelemetry.xray.$SdkClientBuilderListener$Definition] will not be loaded due to failing conditions:
01:04:57.867 [main] DEBUG io.micronaut.context.condition.Condition -- * Class [io.opentelemetry.instrumentation.awssdk.v2_2.AwsSdkTelemetry] is not present
01:04:57.867 [main] DEBUG io.micronaut.context.DefaultBeanContext --   class io.micronaut.context.propagation.instrument.execution.ExecutorServiceInstrumenter null Definition: io.micronaut.context.propagation.instrument.execution.ExecutorServiceInstrumenter
01:04:57.867 [main] DEBUG io.micronaut.context.DefaultBeanContext -- Finding candidate beans for type: BeanInitializedEventListener
01:04:57.868 [main] DEBUG io.micronaut.context.DefaultBeanContext -- No bean candidates found for type: BeanInitializedEventListener
01:04:57.868 [main] DEBUG io.micronaut.context.DefaultBeanContext -- Resolving beans for type: io.micronaut.core.convert.TypeConverter
01:04:57.868 [main] DEBUG io.micronaut.context.DefaultBeanContext -- Finding candidate beans for type: TypeConverter
01:04:57.868 [main] DEBUG io.micronaut.context.DefaultBeanContext --   class io.micronaut.security.config.InterceptUrlMapConverter null Definition: io.micronaut.security.config.InterceptUrlMapConverter
01:04:57.868 [main] DEBUG io.micronaut.context.DefaultBeanContext --   class io.micronaut.security.token.jwt.converters.KeyTypeConverter null Definition: io.micronaut.security.token.jwt.converters.KeyTypeConverter
01:04:57.868 [main] DEBUG io.micronaut.context.DefaultBeanContext --   class io.micronaut.security.token.jwt.converters.EncryptionMethodConverter null Definition: io.micronaut.security.token.jwt.converters.EncryptionMethodConverter
01:04:57.868 [main] DEBUG io.micronaut.context.DefaultBeanContext --   class io.micronaut.security.token.jwt.converters.JWSAlgorithmConverter null Definition: io.micronaut.security.token.jwt.converters.JWSAlgorithmConverter
01:04:57.868 [main] DEBUG io.micronaut.context.DefaultBeanContext --   class io.micronaut.security.token.jwt.converters.JWEAlgorithmConverter null Definition: io.micronaut.security.token.jwt.converters.JWEAlgorithmConverter
01:04:57.872 [main] DEBUG io.micronaut.context.lifecycle -- Created bean [io.micronaut.security.config.InterceptUrlMapConverter@61f05988] from definition [Definition: io.micronaut.security.config.InterceptUrlMapConverter] with qualifier [null]
01:04:57.873 [main] DEBUG io.micronaut.context.DefaultBeanContext -- Found a registration BeanRegistration: io.micronaut.security.config.InterceptUrlMapConverter@61f05988 for candidate: Definition: io.micronaut.security.config.InterceptUrlMapConverter with qualifier: null
01:04:57.873 [main] DEBUG io.micronaut.context.lifecycle -- Created bean [io.micronaut.security.token.jwt.converters.KeyTypeConverter@178213b] from definition [Definition: io.micronaut.security.token.jwt.converters.KeyTypeConverter] with qualifier [null]
01:04:57.873 [main] DEBUG io.micronaut.context.DefaultBeanContext -- Found a registration BeanRegistration: io.micronaut.security.token.jwt.converters.KeyTypeConverter@178213b for candidate: Definition: io.micronaut.security.token.jwt.converters.KeyTypeConverter with qualifier: null
01:04:57.873 [main] DEBUG io.micronaut.context.lifecycle -- Created bean [io.micronaut.security.token.jwt.converters.EncryptionMethodConverter@1b765a2c] from definition [Definition: io.micronaut.security.token.jwt.converters.EncryptionMethodConverter] with qualifier [null]
01:04:57.873 [main] DEBUG io.micronaut.context.DefaultBeanContext -- Found a registration BeanRegistration: io.micronaut.security.token.jwt.converters.EncryptionMethodConverter@1b765a2c for candidate: Definition: io.micronaut.security.token.jwt.converters.EncryptionMethodConverter with qualifier: null
01:04:57.873 [main] DEBUG io.micronaut.context.lifecycle -- Created bean [io.micronaut.security.token.jwt.converters.JWSAlgorithmConverter@6ebf0f36] from definition [Definition: io.micronaut.security.token.jwt.converters.JWSAlgorithmConverter] with qualifier [null]
01:04:57.873 [main] DEBUG io.micronaut.context.DefaultBeanContext -- Found a registration BeanRegistration: io.micronaut.security.token.jwt.converters.JWSAlgorithmConverter@6ebf0f36 for candidate: Definition: io.micronaut.security.token.jwt.converters.JWSAlgorithmConverter with qualifier: null
01:04:57.873 [main] DEBUG io.micronaut.context.lifecycle -- Created bean [io.micronaut.security.token.jwt.converters.JWEAlgorithmConverter@2807bdeb] from definition [Definition: io.micronaut.security.token.jwt.converters.JWEAlgorithmConverter] with qualifier [null]
01:04:57.873 [main] DEBUG io.micronaut.context.DefaultBeanContext -- Found a registration BeanRegistration: io.micronaut.security.token.jwt.converters.JWEAlgorithmConverter@2807bdeb for candidate: Definition: io.micronaut.security.token.jwt.converters.JWEAlgorithmConverter with qualifier: null
01:04:57.873 [main] DEBUG io.micronaut.context.DefaultBeanContext -- Resolving beans for type: io.micronaut.core.convert.TypeConverterRegistrar
01:04:57.873 [main] DEBUG io.micronaut.context.DefaultBeanContext -- Finding candidate beans for type: TypeConverterRegistrar
01:04:57.873 [main] DEBUG io.micronaut.context.condition.Condition -- Bean [Definition: io.micronaut.http.netty.channel.converters.KQueueChannelOptionFactory] will not be loaded due to failing conditions:
01:04:57.873 [main] DEBUG io.micronaut.context.condition.Condition -- * Class [io.netty.channel.kqueue.KQueue] is not present
01:04:57.873 [main] DEBUG io.micronaut.context.condition.Condition -- Bean [Definition: io.micronaut.reactor.convert.ReactorToRxJava2ConverterRegistrar] will not be loaded due to failing conditions:
01:04:57.873 [main] DEBUG io.micronaut.context.condition.Condition -- * Class [io.reactivex.Maybe] is not present
01:04:57.873 [main] DEBUG io.micronaut.context.condition.Condition -- Bean [Definition: io.micronaut.reactor.convert.ReactorToRxJava3ConverterRegistrar] will not be loaded due to failing conditions:
01:04:57.873 [main] DEBUG io.micronaut.context.condition.Condition -- * Class [io.reactivex.rxjava3.core.Maybe] is not present
01:04:57.874 [main] DEBUG io.micronaut.context.DefaultBeanContext --   class io.micronaut.http.converters.HttpConverterRegistrar null Definition: io.micronaut.http.converters.HttpConverterRegistrar
01:04:57.874 [main] DEBUG io.micronaut.context.DefaultBeanContext --   class io.micronaut.http.server.netty.converters.NettyConverters null Definition: io.micronaut.http.server.netty.converters.NettyConverters
01:04:57.874 [main] DEBUG io.micronaut.context.DefaultBeanContext --   class io.micronaut.jackson.databind.convert.JacksonConverterRegistrar null Definition: io.micronaut.jackson.databind.convert.JacksonConverterRegistrar
01:04:57.874 [main] DEBUG io.micronaut.context.DefaultBeanContext --   class io.micronaut.json.convert.JsonConverterRegistrar null Definition: io.micronaut.json.convert.JsonConverterRegistrar
01:04:57.874 [main] DEBUG io.micronaut.core.reflect.ClassUtils -- Attempting to dynamically load class io.micronaut.context.annotation.Prototype
01:04:57.874 [main] DEBUG io.micronaut.core.reflect.ClassUtils -- Successfully loaded class io.micronaut.context.annotation.Prototype
01:04:57.874 [main] DEBUG io.micronaut.context.DefaultBeanContext -- Finding candidate beans for type: BeanProvider<ResourceResolver T> resourceResolver
01:04:57.875 [main] DEBUG io.micronaut.context.DefaultBeanContext --   interface io.micronaut.context.BeanProvider null io.micronaut.inject.provider.BeanProviderDefinition@478b7c8f
01:04:57.875 [main] DEBUG io.micronaut.context.DefaultBeanContext -- Found concrete candidate [io.micronaut.inject.provider.BeanProviderDefinition@478b7c8f] for type: resourceResolver 
01:04:57.875 [main] DEBUG io.micronaut.context.lifecycle -- Created bean [io.micronaut.inject.provider.BeanProviderDefinition$1@2dd80673] from definition [io.micronaut.inject.provider.BeanProviderDefinition@478b7c8f] with qualifier [null]
01:04:57.875 [main] DEBUG io.micronaut.context.lifecycle -- Created bean [io.micronaut.http.converters.HttpConverterRegistrar@4af0df05] from definition [Definition: io.micronaut.http.converters.HttpConverterRegistrar] with qualifier [null]
01:04:57.875 [main] DEBUG io.micronaut.context.DefaultBeanContext -- Found a registration BeanRegistration: io.micronaut.http.converters.HttpConverterRegistrar@4af0df05 for candidate: Definition: io.micronaut.http.converters.HttpConverterRegistrar with qualifier: null
01:04:57.875 [main] DEBUG io.micronaut.core.reflect.ClassUtils -- Attempting to dynamically load class io.micronaut.context.annotation.Prototype
01:04:57.875 [main] DEBUG io.micronaut.core.reflect.ClassUtils -- Successfully loaded class io.micronaut.context.annotation.Prototype
01:04:57.875 [main] DEBUG io.micronaut.context.DefaultBeanContext -- Finding candidate beans for type: BeanProvider<MediaTypeCodecRegistry T> decoderRegistryProvider
01:04:57.875 [main] DEBUG io.micronaut.context.DefaultBeanContext --   interface io.micronaut.context.BeanProvider null io.micronaut.inject.provider.BeanProviderDefinition@478b7c8f
01:04:57.875 [main] DEBUG io.micronaut.context.DefaultBeanContext -- Found concrete candidate [io.micronaut.inject.provider.BeanProviderDefinition@478b7c8f] for type: decoderRegistryProvider 
01:04:57.875 [main] DEBUG io.micronaut.context.lifecycle -- Created bean [io.micronaut.inject.provider.BeanProviderDefinition$1@4b45dcb8] from definition [io.micronaut.inject.provider.BeanProviderDefinition@478b7c8f] with qualifier [null]
01:04:57.876 [main] DEBUG io.micronaut.context.DefaultBeanContext -- Finding candidate beans for type: BeanProvider<MessageBodyHandlerRegistry T> messageBodyHandlerRegistries
01:04:57.876 [main] DEBUG io.micronaut.context.DefaultBeanContext --   interface io.micronaut.context.BeanProvider null io.micronaut.inject.provider.BeanProviderDefinition@478b7c8f
01:04:57.876 [main] DEBUG io.micronaut.context.DefaultBeanContext -- Found concrete candidate [io.micronaut.inject.provider.BeanProviderDefinition@478b7c8f] for type: messageBodyHandlerRegistries 
01:04:57.876 [main] DEBUG io.micronaut.context.lifecycle -- Created bean [io.micronaut.inject.provider.BeanProviderDefinition$1@2072acb2] from definition [io.micronaut.inject.provider.BeanProviderDefinition@478b7c8f] with qualifier [null]
01:04:57.876 [main] DEBUG io.micronaut.context.DefaultBeanContext -- Finding candidate beans for type: BeanProvider<ChannelOptionFactory T> channelOptionFactory
01:04:57.876 [main] DEBUG io.micronaut.context.DefaultBeanContext --   interface io.micronaut.context.BeanProvider null io.micronaut.inject.provider.BeanProviderDefinition@478b7c8f
01:04:57.876 [main] DEBUG io.micronaut.context.DefaultBeanContext -- Found concrete candidate [io.micronaut.inject.provider.BeanProviderDefinition@478b7c8f] for type: channelOptionFactory 
01:04:57.876 [main] DEBUG io.micronaut.context.lifecycle -- Created bean [io.micronaut.inject.provider.BeanProviderDefinition$1@35a9782c] from definition [io.micronaut.inject.provider.BeanProviderDefinition@478b7c8f] with qualifier [null]
01:04:57.876 [main] DEBUG io.micronaut.context.lifecycle -- Created bean [io.micronaut.http.server.netty.converters.NettyConverters@70a36a66] from definition [Definition: io.micronaut.http.server.netty.converters.NettyConverters] with qualifier [null]
01:04:57.876 [main] DEBUG io.micronaut.context.DefaultBeanContext -- Found a registration BeanRegistration: io.micronaut.http.server.netty.converters.NettyConverters@70a36a66 for candidate: Definition: io.micronaut.http.server.netty.converters.NettyConverters with qualifier: null
01:04:57.876 [main] DEBUG io.micronaut.core.reflect.ClassUtils -- Attempting to dynamically load class io.micronaut.context.annotation.Prototype
01:04:57.876 [main] DEBUG io.micronaut.core.reflect.ClassUtils -- Successfully loaded class io.micronaut.context.annotation.Prototype
01:04:57.876 [main] DEBUG io.micronaut.context.DefaultBeanContext -- Finding candidate beans for type: BeanProvider<ObjectMapper T> objectMapper
01:04:57.877 [main] DEBUG io.micronaut.context.DefaultBeanContext --   interface io.micronaut.context.BeanProvider null io.micronaut.inject.provider.BeanProviderDefinition@478b7c8f
01:04:57.877 [main] DEBUG io.micronaut.context.DefaultBeanContext -- Found concrete candidate [io.micronaut.inject.provider.BeanProviderDefinition@478b7c8f] for type: objectMapper 
01:04:57.877 [main] DEBUG io.micronaut.context.lifecycle -- Created bean [io.micronaut.inject.provider.BeanProviderDefinition$1@299321e2] from definition [io.micronaut.inject.provider.BeanProviderDefinition@478b7c8f] with qualifier [null]
01:04:57.877 [main] DEBUG io.micronaut.context.lifecycle -- Created bean [io.micronaut.jackson.databind.convert.JacksonConverterRegistrar@23fb172e] from definition [Definition: io.micronaut.jackson.databind.convert.JacksonConverterRegistrar] with qualifier [null]
01:04:57.877 [main] DEBUG io.micronaut.context.DefaultBeanContext -- Found a registration BeanRegistration: io.micronaut.jackson.databind.convert.JacksonConverterRegistrar@23fb172e for candidate: Definition: io.micronaut.jackson.databind.convert.JacksonConverterRegistrar with qualifier: null
01:04:57.877 [main] DEBUG io.micronaut.core.reflect.ClassUtils -- Attempting to dynamically load class io.micronaut.context.annotation.Prototype
01:04:57.877 [main] DEBUG io.micronaut.core.reflect.ClassUtils -- Successfully loaded class io.micronaut.context.annotation.Prototype
01:04:57.878 [main] DEBUG io.micronaut.context.DefaultBeanContext -- Finding candidate beans for type: BeanProvider<JsonMapper T> objectCodec
01:04:57.878 [main] DEBUG io.micronaut.context.DefaultBeanContext --   interface io.micronaut.context.BeanProvider null io.micronaut.inject.provider.BeanProviderDefinition@478b7c8f
01:04:57.878 [main] DEBUG io.micronaut.context.DefaultBeanContext -- Found concrete candidate [io.micronaut.inject.provider.BeanProviderDefinition@478b7c8f] for type: objectCodec 
01:04:57.878 [main] DEBUG io.micronaut.context.lifecycle -- Created bean [io.micronaut.inject.provider.BeanProviderDefinition$1@25a6944c] from definition [io.micronaut.inject.provider.BeanProviderDefinition@478b7c8f] with qualifier [null]
01:04:57.878 [main] DEBUG io.micronaut.context.DefaultBeanContext -- Finding candidate beans for type: BeanProvider<BeanPropertyBinder T> beanPropertyBinder
01:04:57.878 [main] DEBUG io.micronaut.context.DefaultBeanContext --   interface io.micronaut.context.BeanProvider null io.micronaut.inject.provider.BeanProviderDefinition@478b7c8f
01:04:57.878 [main] DEBUG io.micronaut.context.DefaultBeanContext -- Found concrete candidate [io.micronaut.inject.provider.BeanProviderDefinition@478b7c8f] for type: beanPropertyBinder 
01:04:57.878 [main] DEBUG io.micronaut.context.lifecycle -- Created bean [io.micronaut.inject.provider.BeanProviderDefinition$1@6b00f608] from definition [io.micronaut.inject.provider.BeanProviderDefinition@478b7c8f] with qualifier [null]
01:04:57.878 [main] DEBUG io.micronaut.context.lifecycle -- Created bean [io.micronaut.json.convert.JsonConverterRegistrar@2f17e30d] from definition [Definition: io.micronaut.json.convert.JsonConverterRegistrar] with qualifier [null]
01:04:57.878 [main] DEBUG io.micronaut.context.DefaultBeanContext -- Found a registration BeanRegistration: io.micronaut.json.convert.JsonConverterRegistrar@2f17e30d for candidate: Definition: io.micronaut.json.convert.JsonConverterRegistrar with qualifier: null
01:04:57.878 [main] DEBUG io.micronaut.context.DefaultBeanContext -- Found 4 bean registrations for type [typeConverterRegistrar]
01:04:57.878 [main] DEBUG io.micronaut.context.DefaultBeanContext --   Definition: io.micronaut.http.converters.HttpConverterRegistrar null
01:04:57.878 [main] DEBUG io.micronaut.context.DefaultBeanContext --   Definition: io.micronaut.http.server.netty.converters.NettyConverters null
01:04:57.878 [main] DEBUG io.micronaut.context.DefaultBeanContext --   Definition: io.micronaut.jackson.databind.convert.JacksonConverterRegistrar null
01:04:57.878 [main] DEBUG io.micronaut.context.DefaultBeanContext --   Definition: io.micronaut.json.convert.JsonConverterRegistrar null
01:04:57.882 [main] DEBUG io.micronaut.context.condition.Condition -- Bean [Definition: io.micronaut.logging.PropertiesLoggingLevelsConfigurer] will not be loaded due to failing conditions:
01:04:57.882 [main] DEBUG io.micronaut.context.condition.Condition -- * Required property [logger] not present
01:04:57.882 [main] DEBUG io.micronaut.context.condition.Condition -- Bean [Definition: io.micronaut.buffer.netty.DefaultByteBufAllocatorConfiguration] will not be loaded due to failing conditions:
01:04:57.882 [main] DEBUG io.micronaut.context.condition.Condition -- * Required property [netty.default.allocator] not present
01:04:57.882 [main] DEBUG io.micronaut.context.condition.Condition -- Bean [Definition: io.micronaut.reactor.instrument.ReactorAutomaticContextPropagation] will not be loaded due to failing conditions:
01:04:57.882 [main] DEBUG io.micronaut.context.condition.Condition -- * Class [io.micrometer.context.ContextRegistry] is not present
01:04:57.890 [main] DEBUG io.micronaut.context.DefaultBeanContext -- Finding candidate beans for type: BeanDefinitionValidator
01:04:57.890 [main] DEBUG io.micronaut.context.DefaultBeanContext --   class io.micronaut.validation.validator.DefaultValidator null Definition: io.micronaut.validation.validator.DefaultValidator
01:04:57.890 [main] DEBUG io.micronaut.context.DefaultBeanContext -- Found concrete candidate [Definition: io.micronaut.validation.validator.DefaultValidator] for type: beanDefinitionValidator 
01:04:57.893 [main] DEBUG io.micronaut.context.DefaultBeanContext -- Finding candidate beans for type: ValidatorConfiguration configuration
01:04:57.893 [main] DEBUG io.micronaut.context.DefaultBeanContext --   class io.micronaut.validation.validator.DefaultValidatorConfiguration null Definition: io.micronaut.validation.validator.DefaultValidatorConfiguration
01:04:57.893 [main] DEBUG io.micronaut.context.DefaultBeanContext -- Found concrete candidate [Definition: io.micronaut.validation.validator.DefaultValidatorConfiguration] for type: configuration 
01:04:57.893 [main] DEBUG io.micronaut.context.DefaultBeanContext -- Finding candidate beans for type: InternalConstraintValidatorFactory constraintValidatorFactory
01:04:57.893 [main] DEBUG io.micronaut.context.DefaultBeanContext --   class io.micronaut.validation.validator.constraints.DefaultInternalConstraintValidatorFactory null Definition: io.micronaut.validation.validator.constraints.DefaultInternalConstraintValidatorFactory
01:04:57.893 [main] DEBUG io.micronaut.context.DefaultBeanContext -- Found concrete candidate [Definition: io.micronaut.validation.validator.constraints.DefaultInternalConstraintValidatorFactory] for type: constraintValidatorFactory 
01:04:57.893 [main] DEBUG io.micronaut.context.lifecycle -- Created bean [io.micronaut.validation.validator.constraints.DefaultInternalConstraintValidatorFactory@3a0d172f] from definition [Definition: io.micronaut.validation.validator.constraints.DefaultInternalConstraintValidatorFactory] with qualifier [null]
01:04:57.893 [main] DEBUG io.micronaut.context.DefaultBeanContext -- Finding candidate beans for type: ConstraintValidatorRegistry constraintValidatorRegistry
01:04:57.894 [main] DEBUG io.micronaut.context.DefaultBeanContext --   class io.micronaut.validation.validator.constraints.DefaultConstraintValidators null Definition: io.micronaut.validation.validator.constraints.DefaultConstraintValidators
01:04:57.894 [main] DEBUG io.micronaut.context.DefaultBeanContext -- Found concrete candidate [Definition: io.micronaut.validation.validator.constraints.DefaultConstraintValidators] for type: constraintValidatorRegistry 
01:04:57.936 [main] DEBUG io.micronaut.core.beans.DefaultBeanIntrospector -- Found BeanIntrospection for type: class io.micronaut.validation.validator.constraints.InternalConstraintValidators,
01:04:57.944 [main] DEBUG io.micronaut.context.lifecycle -- Created bean [io.micronaut.validation.validator.constraints.DefaultConstraintValidators@2974f221] from definition [Definition: io.micronaut.validation.validator.constraints.DefaultConstraintValidators] with qualifier [null]
01:04:57.945 [main] DEBUG io.micronaut.context.DefaultBeanContext -- Finding candidate beans for type: ValueExtractorRegistry valueExtractorRegistry
01:04:57.945 [main] DEBUG io.micronaut.context.DefaultBeanContext --   class io.micronaut.validation.validator.extractors.DefaultValueExtractors null Definition: io.micronaut.validation.validator.extractors.DefaultValueExtractors
01:04:57.945 [main] DEBUG io.micronaut.context.DefaultBeanContext -- Found concrete candidate [Definition: io.micronaut.validation.validator.extractors.DefaultValueExtractors] for type: valueExtractorRegistry 
01:04:57.946 [main] DEBUG io.micronaut.core.beans.DefaultBeanIntrospector -- Found BeanIntrospection for type: class io.micronaut.validation.validator.extractors.InternalValueExtractors,
01:04:57.946 [main] DEBUG io.micronaut.context.DefaultBeanContext -- Finding candidate beans for type: ValueExtractor
01:04:57.947 [main] DEBUG io.micronaut.context.DefaultBeanContext -- No bean candidates found for type: ValueExtractor
01:04:57.947 [main] DEBUG io.micronaut.context.lifecycle -- Created bean [io.micronaut.validation.validator.extractors.DefaultValueExtractors@21baa903] from definition [Definition: io.micronaut.validation.validator.extractors.DefaultValueExtractors] with qualifier [null]
01:04:57.947 [main] DEBUG io.micronaut.context.DefaultBeanContext -- Finding candidate beans for type: ClockProvider clockProvider
01:04:57.947 [main] DEBUG io.micronaut.context.DefaultBeanContext --   class io.micronaut.validation.validator.DefaultClockProvider null Definition: io.micronaut.validation.validator.DefaultClockProvider
01:04:57.947 [main] DEBUG io.micronaut.context.DefaultBeanContext -- Found concrete candidate [Definition: io.micronaut.validation.validator.DefaultClockProvider] for type: clockProvider 
01:04:57.947 [main] DEBUG io.micronaut.context.lifecycle -- Created bean [io.micronaut.validation.validator.DefaultClockProvider@29df4d43] from definition [Definition: io.micronaut.validation.validator.DefaultClockProvider] with qualifier [null]
01:04:57.947 [main] DEBUG io.micronaut.context.DefaultBeanContext -- Finding candidate beans for type: TraversableResolver traversableResolver
01:04:57.947 [main] DEBUG io.micronaut.context.DefaultBeanContext --   class io.micronaut.validation.validator.resolver.CompositeTraversableResolver null Definition: io.micronaut.validation.validator.resolver.CompositeTraversableResolver
01:04:57.947 [main] DEBUG io.micronaut.context.DefaultBeanContext -- Found concrete candidate [Definition: io.micronaut.validation.validator.resolver.CompositeTraversableResolver] for type: traversableResolver 
01:04:57.947 [main] DEBUG io.micronaut.context.DefaultBeanContext -- Resolving beans for type: jakarta.validation.TraversableResolver
01:04:57.947 [main] DEBUG io.micronaut.context.DefaultBeanContext -- Finding candidate beans for type: TraversableResolver E
01:04:57.947 [main] DEBUG io.micronaut.context.DefaultBeanContext --   class io.micronaut.validation.validator.resolver.CompositeTraversableResolver null Definition: io.micronaut.validation.validator.resolver.CompositeTraversableResolver
01:04:57.947 [main] DEBUG io.micronaut.context.lifecycle -- Created bean [io.micronaut.validation.validator.resolver.CompositeTraversableResolver@3382f8ae] from definition [Definition: io.micronaut.validation.validator.resolver.CompositeTraversableResolver] with qualifier [null]
01:04:57.948 [main] DEBUG io.micronaut.context.DefaultBeanContext -- Finding candidate beans for type: MessageInterpolator messageInterpolator
01:04:57.948 [main] DEBUG io.micronaut.context.DefaultBeanContext --   class io.micronaut.validation.validator.messages.DefaultMessageInterpolator null Definition: io.micronaut.validation.validator.messages.DefaultMessageInterpolator
01:04:57.948 [main] DEBUG io.micronaut.context.DefaultBeanContext -- Found concrete candidate [Definition: io.micronaut.validation.validator.messages.DefaultMessageInterpolator] for type: messageInterpolator 
01:04:57.948 [main] DEBUG io.micronaut.context.DefaultBeanContext -- Finding candidate beans for type: MessageSource messageSource
01:04:57.948 [main] DEBUG io.micronaut.context.DefaultBeanContext --   class io.micronaut.runtime.context.CompositeMessageSource null Definition: io.micronaut.runtime.context.CompositeMessageSource
01:04:57.948 [main] DEBUG io.micronaut.context.DefaultBeanContext --   class io.micronaut.validation.validator.messages.DefaultMessages null Definition: io.micronaut.validation.validator.messages.DefaultMessages
01:04:57.948 [main] DEBUG io.micronaut.context.DefaultBeanContext -- Searching for @Primary for type [messageSource] from candidates: [Definition: io.micronaut.runtime.context.CompositeMessageSource, Definition: io.micronaut.validation.validator.messages.DefaultMessages] 
01:04:57.948 [main] DEBUG io.micronaut.context.DefaultBeanContext -- Found concrete candidate [Definition: io.micronaut.runtime.context.CompositeMessageSource] for type: messageSource 
01:04:57.948 [main] DEBUG io.micronaut.context.DefaultBeanContext -- Resolving beans for type: io.micronaut.context.MessageSource
01:04:57.948 [main] DEBUG io.micronaut.context.DefaultBeanContext -- Finding candidate beans for type: MessageSource E
01:04:57.948 [main] DEBUG io.micronaut.context.DefaultBeanContext --   class io.micronaut.runtime.context.CompositeMessageSource null Definition: io.micronaut.runtime.context.CompositeMessageSource
01:04:57.948 [main] DEBUG io.micronaut.context.DefaultBeanContext --   class io.micronaut.validation.validator.messages.DefaultMessages null Definition: io.micronaut.validation.validator.messages.DefaultMessages
01:04:57.948 [main] DEBUG io.micronaut.core.reflect.ClassUtils -- Attempting to dynamically load class io.micronaut.context.annotation.Prototype
01:04:57.948 [main] DEBUG io.micronaut.core.reflect.ClassUtils -- Successfully loaded class io.micronaut.context.annotation.Prototype
01:04:57.949 [main] DEBUG io.micronaut.context.lifecycle -- Created bean [io.micronaut.validation.validator.messages.DefaultMessages@52045dbe] from definition [Definition: io.micronaut.validation.validator.messages.DefaultMessages] with qualifier [null]
01:04:57.949 [main] DEBUG io.micronaut.context.DefaultBeanContext -- Found a registration BeanRegistration: io.micronaut.validation.validator.messages.DefaultMessages@52045dbe for candidate: Definition: io.micronaut.validation.validator.messages.DefaultMessages with qualifier: null
01:04:57.949 [main] DEBUG io.micronaut.context.DefaultBeanContext -- Found 1 bean registrations for type [E]
01:04:57.949 [main] DEBUG io.micronaut.context.DefaultBeanContext --   Definition: io.micronaut.validation.validator.messages.DefaultMessages null
01:04:57.949 [main] DEBUG io.micronaut.context.lifecycle -- Created bean [io.micronaut.runtime.context.CompositeMessageSource@674658f7] from definition [Definition: io.micronaut.runtime.context.CompositeMessageSource] with qualifier [null]
01:04:57.949 [main] DEBUG io.micronaut.context.lifecycle -- Created bean [io.micronaut.validation.validator.messages.DefaultMessageInterpolator@5c8eee0f] from definition [Definition: io.micronaut.validation.validator.messages.DefaultMessageInterpolator] with qualifier [null]
01:04:57.949 [main] DEBUG io.micronaut.context.lifecycle -- Created bean [io.micronaut.validation.validator.DefaultValidatorConfiguration@58c34bb3] from definition [Definition: io.micronaut.validation.validator.DefaultValidatorConfiguration] with qualifier [null]
01:04:57.949 [main] DEBUG io.micronaut.context.lifecycle -- Created bean [io.micronaut.validation.validator.DefaultValidator@56a4479a] from definition [Definition: io.micronaut.validation.validator.DefaultValidator] with qualifier [null]
01:04:57.954 [main] DEBUG io.micronaut.core.beans.DefaultBeanIntrospector -- No BeanIntrospection found for bean type: interface jakarta.validation.groups.Default
01:04:57.956 [main] DEBUG io.micronaut.core.beans.DefaultBeanIntrospector -- Found BeanIntrospection for type: class io.micronaut.security.token.jwt.signature.secret.SecretSignatureConfiguration,
01:04:57.959 [main] DEBUG io.micronaut.context.lifecycle -- Created bean [io.micronaut.security.token.jwt.signature.secret.SecretSignatureConfiguration@4cc6fa2a] from definition [Definition: io.micronaut.security.token.jwt.signature.secret.SecretSignatureConfiguration] with qualifier [@Named('generator')]
01:04:57.959 [main] DEBUG io.micronaut.context.DefaultBeanContext -- Finding candidate beans for type: ReactorConfiguration configuration
01:04:57.960 [main] DEBUG io.micronaut.context.DefaultBeanContext --   class io.micronaut.reactor.config.ReactorConfiguration null Definition: io.micronaut.reactor.config.ReactorConfiguration
01:04:57.960 [main] DEBUG io.micronaut.context.DefaultBeanContext -- Found concrete candidate [Definition: io.micronaut.reactor.config.ReactorConfiguration] for type: configuration 
01:04:57.960 [main] DEBUG io.micronaut.context.lifecycle -- Created bean [ReactorConfiguration[enableAutomaticContextPropagation=null, enableScheduleHookContextPropagation=null]] from definition [Definition: io.micronaut.reactor.config.ReactorConfiguration] with qualifier [null]
01:04:57.962 [main] DEBUG reactor.util.Loggers -- Using Slf4j logging framework
01:04:57.962 [main] DEBUG io.micronaut.context.lifecycle -- Created bean [io.micronaut.reactor.instrument.ReactorInstrumentation@4bff1903] from definition [Definition: io.micronaut.reactor.instrument.ReactorInstrumentation] with qualifier [null]
01:04:57.963 [main] DEBUG io.micronaut.core.beans.DefaultBeanIntrospector -- Found BeanIntrospection for type: class io.micronaut.health.HeartbeatDiscoveryClientCondition,
01:04:57.963 [main] DEBUG io.micronaut.context.DefaultBeanContext -- Finding candidate beans for type: DiscoveryClient
01:04:57.963 [main] DEBUG io.micronaut.context.DefaultBeanContext --   class io.micronaut.discovery.DefaultCompositeDiscoveryClient null Definition: io.micronaut.discovery.DefaultCompositeDiscoveryClient
01:04:57.964 [main] DEBUG io.micronaut.context.condition.Condition -- Bean [Definition: io.micronaut.health.HeartbeatTask] will not be loaded due to failing conditions:
01:04:57.964 [main] DEBUG io.micronaut.context.condition.Condition -- * Heartbeat not enabled since no Discovery client active
01:04:57.964 [main] DEBUG io.micronaut.context.condition.Condition -- * Custom condition [class io.micronaut.health.HeartbeatDiscoveryClientCondition] failed evaluation
01:04:57.964 [main] DEBUG io.micronaut.context.DefaultBeanContext -- Finding candidate beans for type: EmbeddedServer
01:04:57.964 [main] DEBUG io.micronaut.context.condition.Condition -- Bean [Definition: io.micronaut.test.support.server.TestExecutableEmbeddedServer] will not be loaded due to failing conditions:
01:04:57.964 [main] DEBUG io.micronaut.context.condition.Condition -- * Required property [micronaut.test.server.executable] not present
01:04:57.964 [main] DEBUG io.micronaut.context.condition.Condition -- Bean [Definition: io.micronaut.test.support.server.TestEmbeddedServer] will not be loaded due to failing conditions:
01:04:57.964 [main] DEBUG io.micronaut.context.condition.Condition -- * Required property [micronaut.test.server.url] not present
01:04:57.964 [main] DEBUG io.micronaut.context.DefaultBeanContext --   interface io.micronaut.http.server.netty.NettyEmbeddedServer null Definition: io.micronaut.http.server.netty.DefaultNettyEmbeddedServerFactory
01:04:57.965 [main] DEBUG io.micronaut.context.DefaultBeanContext -- Resolving beans for type: <Scheduled> io.micronaut.context.processor.ExecutableMethodProcessor 
01:04:57.966 [main] DEBUG io.micronaut.context.DefaultBeanContext -- Finding candidate beans for type: ExecutableMethodProcessor
01:04:57.967 [main] DEBUG io.micronaut.context.DefaultBeanContext --   class io.micronaut.management.endpoint.processors.DeleteEndpointRouteBuilder null Definition: io.micronaut.management.endpoint.processors.DeleteEndpointRouteBuilder
01:04:57.967 [main] DEBUG io.micronaut.context.DefaultBeanContext --   class io.micronaut.http.server.websocket.ServerWebSocketProcessor null Definition: io.micronaut.http.server.websocket.ServerWebSocketProcessor
01:04:57.967 [main] DEBUG io.micronaut.context.DefaultBeanContext --   class io.micronaut.runtime.beans.MapperMethodProcessor null Definition: io.micronaut.runtime.beans.MapperMethodProcessor
01:04:57.967 [main] DEBUG io.micronaut.context.DefaultBeanContext --   class io.micronaut.management.endpoint.processors.WriteEndpointRouteBuilder null Definition: io.micronaut.management.endpoint.processors.WriteEndpointRouteBuilder
01:04:57.967 [main] DEBUG io.micronaut.context.DefaultBeanContext --   class io.micronaut.management.endpoint.processors.ReadEndpointRouteBuilder null Definition: io.micronaut.management.endpoint.processors.ReadEndpointRouteBuilder
01:04:57.967 [main] DEBUG io.micronaut.context.DefaultBeanContext --   class io.micronaut.scheduling.processor.ScheduledMethodProcessor null Definition: io.micronaut.scheduling.processor.ScheduledMethodProcessor
01:04:57.967 [main] DEBUG io.micronaut.context.DefaultBeanContext --   class io.micronaut.management.endpoint.EndpointSensitivityProcessor null Definition: io.micronaut.management.endpoint.EndpointSensitivityProcessor
01:04:57.967 [main] DEBUG io.micronaut.context.DefaultBeanContext --   class io.micronaut.web.router.ServerFilterRouteBuilder null Definition: io.micronaut.web.router.ServerFilterRouteBuilder
01:04:57.967 [main] DEBUG io.micronaut.context.DefaultBeanContext --   class io.micronaut.web.router.AnnotatedMethodRouteBuilder null Definition: io.micronaut.web.router.AnnotatedMethodRouteBuilder
01:04:57.967 [main] DEBUG io.micronaut.context.DefaultBeanContext --   class io.micronaut.http.client.filter.DefaultHttpClientFilterResolver null Definition: io.micronaut.http.client.filter.DefaultHttpClientFilterResolver
01:04:57.968 [main] DEBUG io.micronaut.context.DefaultBeanContext -- Finding candidate beans for type: ConversionService T
01:04:57.968 [main] DEBUG io.micronaut.context.DefaultBeanContext --   class io.micronaut.context.env.DefaultEnvironment @Primary io.micronaut.context.DefaultRuntimeBeanDefinition@4264b240
01:04:57.968 [main] DEBUG io.micronaut.context.DefaultBeanContext -- Found concrete candidate [io.micronaut.context.DefaultRuntimeBeanDefinition@4264b240] for type: T 
01:04:57.968 [main] DEBUG io.micronaut.context.lifecycle -- Created bean [io.micronaut.context.DefaultApplicationContext$RuntimeConfiguredEnvironment@2474f125] from definition [io.micronaut.context.DefaultRuntimeBeanDefinition@4264b240] with qualifier [@Primary]
01:04:57.968 [main] DEBUG io.micronaut.context.DefaultBeanContext -- Finding candidate beans for type: TaskExceptionHandler<Object T, Throwable E> taskExceptionHandler
01:04:57.968 [main] DEBUG io.micronaut.context.DefaultBeanContext --   class io.micronaut.scheduling.DefaultTaskExceptionHandler null Definition: io.micronaut.scheduling.DefaultTaskExceptionHandler
01:04:57.968 [main] DEBUG io.micronaut.context.DefaultBeanContext -- Found concrete candidate [Definition: io.micronaut.scheduling.DefaultTaskExceptionHandler] for type: taskExceptionHandler 
01:04:57.968 [main] DEBUG io.micronaut.context.lifecycle -- Created bean [io.micronaut.scheduling.DefaultTaskExceptionHandler@76f7d241] from definition [Definition: io.micronaut.scheduling.DefaultTaskExceptionHandler] with qualifier [null]
01:04:57.970 [main] DEBUG io.micronaut.context.DefaultBeanContext -- Finding candidate beans for qualifier: @Scheduled
01:04:57.970 [main] DEBUG io.micronaut.context.condition.Condition -- Bean [Definition: io.micronaut.scheduling.io.watch.WatchServiceFactory] will not be loaded due to failing conditions:
01:04:57.970 [main] DEBUG io.micronaut.context.condition.Condition -- * Required property [micronaut.io.watch.paths] not present
01:04:57.970 [main] DEBUG io.micronaut.context.condition.Condition -- Bean [Definition: io.micronaut.scheduling.io.watch.FileWatchConfiguration] will not be loaded due to failing conditions:
01:04:57.970 [main] DEBUG io.micronaut.context.condition.Condition -- * Required property [micronaut.io.watch.paths] not present
01:04:57.970 [main] DEBUG io.micronaut.context.condition.Condition -- Bean [Definition: io.micronaut.scheduling.io.watch.DefaultWatchThread] will not be loaded due to failing conditions:
01:04:57.970 [main] DEBUG io.micronaut.context.condition.Condition -- * Required property [micronaut.io.watch.paths] not present
01:04:57.971 [main] DEBUG io.micronaut.context.condition.Condition -- Bean [Definition: io.micronaut.runtime.server.watch.event.FileWatchRestartListener] will not be loaded due to failing conditions:
01:04:57.971 [main] DEBUG io.micronaut.context.condition.Condition -- * Property [micronaut.io.watch.restart] with value [false] does not equal required value: true
01:04:57.972 [main] DEBUG io.micronaut.context.condition.Condition -- Bean [Definition: io.micronaut.logging.impl.Log4jLoggingSystem] will not be loaded due to failing conditions:
01:04:57.972 [main] DEBUG io.micronaut.context.condition.Condition -- * Class [org.apache.logging.log4j.core.config.Configurator] is not present
01:04:57.972 [main] DEBUG io.micronaut.context.condition.Condition -- Bean [Definition: io.micronaut.http.netty.channel.converters.EpollChannelOptionFactory] will not be loaded due to failing conditions:
01:04:57.972 [main] DEBUG io.micronaut.context.condition.Condition -- * Class [io.netty.channel.epoll.Epoll] is not present
01:04:57.972 [main] DEBUG io.micronaut.context.condition.Condition -- Bean [Definition: io.micronaut.http.netty.channel.KQueueEventLoopGroupFactory] will not be loaded due to failing conditions:
01:04:57.972 [main] DEBUG io.micronaut.context.condition.Condition -- * Class [io.netty.channel.kqueue.KQueue] is not present
01:04:57.972 [main] DEBUG io.micronaut.context.condition.Condition -- Bean [Definition: io.micronaut.http.netty.channel.IoUringEventLoopGroupFactory] will not be loaded due to failing conditions:
01:04:57.972 [main] DEBUG io.micronaut.context.condition.Condition -- * Class [io.netty.incubator.channel.uring.IOUring] is not present
01:04:57.972 [main] DEBUG io.micronaut.context.condition.Condition -- Bean [Definition: io.micronaut.http.netty.channel.EpollEventLoopGroupFactory] will not be loaded due to failing conditions:
01:04:57.972 [main] DEBUG io.micronaut.context.condition.Condition -- * Class [io.netty.channel.epoll.Epoll] is not present
01:04:57.972 [main] DEBUG io.micronaut.context.condition.Condition -- Bean [Definition: io.micronaut.http.server.util.locale.HttpFixedLocaleResolver] will not be loaded due to failing conditions:
01:04:57.972 [main] DEBUG io.micronaut.context.condition.Condition -- * Required property [micronaut.server.locale-resolution.fixed] not present
01:04:57.972 [main] DEBUG io.micronaut.context.condition.Condition -- Bean [Definition: io.micronaut.http.server.util.locale.CookieLocaleResolver] will not be loaded due to failing conditions:
01:04:57.972 [main] DEBUG io.micronaut.context.condition.Condition -- * Required property [micronaut.server.locale-resolution.cookie-name] not present
01:04:57.972 [main] DEBUG io.micronaut.context.condition.Condition -- Bean [Definition: io.micronaut.http.server.OptionsFilter] will not be loaded due to failing conditions:
01:04:57.972 [main] DEBUG io.micronaut.context.condition.Condition -- * Property [micronaut.server.dispatch-options-requests] with value [false] does not equal required value: true
01:04:57.973 [main] DEBUG io.micronaut.context.condition.Condition -- Bean [Definition: io.micronaut.http.server.CoroutineHelper] will not be loaded due to failing conditions:
01:04:57.973 [main] DEBUG io.micronaut.context.condition.Condition -- * Class [kotlin.coroutines.CoroutineContext] is not present
01:04:57.973 [main] DEBUG io.micronaut.context.condition.Condition -- Bean [Definition: io.micronaut.discovery.cloud.digitalocean.DigitalOceanMetadataResolver] will not be loaded due to failing conditions:
01:04:57.973 [main] DEBUG io.micronaut.context.condition.Condition -- * None of the required environments [digitalocean] are active: [test]
01:04:57.973 [main] DEBUG io.micronaut.context.condition.Condition -- Bean [Definition: io.micronaut.discovery.cloud.digitalocean.DigitalOceanMetadataConfiguration] will not be loaded due to failing conditions:
01:04:57.973 [main] DEBUG io.micronaut.context.condition.Condition -- * None of the required environments [digitalocean] are active: [test]
01:04:57.974 [main] DEBUG io.micronaut.context.condition.Condition -- Bean [Definition: io.micronaut.http.ssl.ServerSslConfiguration$DefaultTrustStoreConfiguration] will not be loaded due to failing conditions:
01:04:57.974 [main] DEBUG io.micronaut.context.condition.Condition -- * Required property [micronaut.server.ssl.trust-store] not present
01:04:57.974 [main] DEBUG io.micronaut.context.condition.Condition -- Bean [Definition: io.micronaut.http.ssl.ServerSslConfiguration$DefaultKeyStoreConfiguration] will not be loaded due to failing conditions:
01:04:57.974 [main] DEBUG io.micronaut.context.condition.Condition -- * Required property [micronaut.server.ssl.key-store] not present
01:04:57.974 [main] DEBUG io.micronaut.context.condition.Condition -- Bean [Definition: io.micronaut.http.ssl.ServerSslConfiguration$DefaultKeyConfiguration] will not be loaded due to failing conditions:
01:04:57.974 [main] DEBUG io.micronaut.context.condition.Condition -- * Required property [micronaut.server.ssl.key] not present
01:04:57.974 [main] DEBUG io.micronaut.context.condition.Condition -- Bean [Definition: io.micronaut.http.ssl.ClientSslConfiguration$DefaultTrustStoreConfiguration] will not be loaded due to failing conditions:
01:04:57.974 [main] DEBUG io.micronaut.context.condition.Condition -- * Required property [micronaut.http.client.ssl.trust-store] not present
01:04:57.974 [main] DEBUG io.micronaut.context.condition.Condition -- Bean [Definition: io.micronaut.http.ssl.ClientSslConfiguration$DefaultKeyStoreConfiguration] will not be loaded due to failing conditions:
01:04:57.974 [main] DEBUG io.micronaut.context.condition.Condition -- * Required property [micronaut.http.client.ssl.key-store] not present
01:04:57.974 [main] DEBUG io.micronaut.context.condition.Condition -- Bean [Definition: io.micronaut.http.ssl.ClientSslConfiguration$DefaultKeyConfiguration] will not be loaded due to failing conditions:
01:04:57.974 [main] DEBUG io.micronaut.context.condition.Condition -- * Required property [micronaut.http.client.ssl.key] not present
01:04:57.974 [main] DEBUG io.micronaut.context.condition.Condition -- Bean [Definition: io.micronaut.http.body.ConversionTextPlainHandler] will not be loaded due to failing conditions:
01:04:57.974 [main] DEBUG io.micronaut.context.condition.Condition -- * Required property [micronaut.http.legacy-text-conversion] with value [true] not present
01:04:57.977 [main] DEBUG io.micronaut.context.condition.Condition -- Bean [Definition: io.micronaut.security.token.jwt.validator.NotBeforeJwtClaimsValidator] will not be loaded due to failing conditions:
01:04:57.977 [main] DEBUG io.micronaut.context.condition.Condition -- * Required property [micronaut.security.token.jwt.claims-validators.not-before] with value [true] not present
01:04:57.977 [main] DEBUG io.micronaut.context.condition.Condition -- Bean [Definition: io.micronaut.security.token.jwt.validator.IssuerJwtClaimsValidator] will not be loaded due to failing conditions:
01:04:57.977 [main] DEBUG io.micronaut.context.condition.Condition -- * Required property [micronaut.security.token.jwt.claims-validators.issuer] not present
01:04:57.977 [main] DEBUG io.micronaut.context.condition.Condition -- Bean [Definition: io.micronaut.security.token.jwt.generator.RefreshTokenConfigurationProperties] will not be loaded due to failing conditions:
01:04:57.977 [main] DEBUG io.micronaut.context.condition.Condition -- * Required property [micronaut.security.token.jwt.generator.refresh-token.secret] not present
01:04:57.977 [main] DEBUG io.micronaut.context.condition.Condition -- Bean [Definition: io.micronaut.security.token.jwt.validator.AudienceJwtClaimsValidator] will not be loaded due to failing conditions:
01:04:57.977 [main] DEBUG io.micronaut.context.condition.Condition -- * Required property [micronaut.security.token.jwt.claims-validators.audience] not present
01:04:57.979 [main] DEBUG io.micronaut.context.condition.Condition -- Bean [Definition: io.micronaut.security.token.cookie.TokenCookieLoginHandler] will not be loaded due to failing conditions:
01:04:57.979 [main] DEBUG io.micronaut.context.condition.Condition -- * Required property [micronaut.security.authentication] with value [cookie] not present
01:04:57.979 [main] DEBUG io.micronaut.context.condition.Condition -- Bean [Definition: io.micronaut.security.errors.CookiePriorToLoginPersistence] will not be loaded due to failing conditions:
01:04:57.979 [main] DEBUG io.micronaut.context.condition.Condition -- * Required property [micronaut.security.redirect.prior-to-login] with value [true] not present
01:04:57.979 [main] DEBUG io.micronaut.context.condition.Condition -- Bean [Definition: io.micronaut.security.token.bearer.AccessRefreshTokenLoginHandler] will not be loaded due to failing conditions:
01:04:57.979 [main] DEBUG io.micronaut.context.condition.Condition -- * Required property [micronaut.security.authentication] with value [bearer] not present
01:04:57.979 [main] DEBUG io.micronaut.context.condition.Condition -- Bean [Definition: io.micronaut.security.token.propagation.TokenPropagationHttpClientFilter] will not be loaded due to failing conditions:
01:04:57.979 [main] DEBUG io.micronaut.context.condition.Condition -- * Required property [micronaut.security.token.propagation.enabled] with value [true] not present
01:04:57.980 [main] DEBUG io.micronaut.context.condition.Condition -- Bean [Definition: io.micronaut.management.health.indicator.jdbc.JdbcIndicator] will not be loaded due to failing conditions:
01:04:57.980 [main] DEBUG io.micronaut.context.condition.Condition -- * Class [io.micronaut.jdbc.DataSourceResolver] is not present
01:04:57.980 [main] DEBUG io.micronaut.context.condition.Condition -- Bean [Definition: io.micronaut.management.health.indicator.client.ServiceHttpClientHealthIndicator] will not be loaded due to failing conditions:
01:04:57.980 [main] DEBUG io.micronaut.context.condition.Condition -- * Property [endpoints.health.service-http-client.enabled] with value [false] should not equal: false
01:04:57.980 [main] DEBUG io.micronaut.context.condition.Condition -- Bean [Definition: io.micronaut.management.endpoint.loggers.impl.Log4jLoggingSystem] will not be loaded due to failing conditions:
01:04:57.980 [main] DEBUG io.micronaut.context.condition.Condition -- * Class [org.apache.logging.log4j.core.LoggerContext] is not present
01:04:57.980 [main] DEBUG io.micronaut.context.condition.Condition -- Bean [Definition: io.micronaut.web.router.version.resolution.ParameterVersionResolverConfiguration] will not be loaded due to failing conditions:
01:04:57.980 [main] DEBUG io.micronaut.context.condition.Condition -- * Required property [micronaut.router.versioning.parameter.enabled] with value [true] not present
01:04:57.980 [main] DEBUG io.micronaut.context.condition.Condition -- Bean [Definition: io.micronaut.web.router.version.resolution.HeaderVersionResolverConfiguration] will not be loaded due to failing conditions:
01:04:57.980 [main] DEBUG io.micronaut.context.condition.Condition -- * Required property [micronaut.router.versioning.header.enabled] with value [true] not present
01:04:57.980 [main] DEBUG io.micronaut.context.condition.Condition -- Bean [Definition: io.micronaut.web.router.version.RoutesVersioningConfiguration] will not be loaded due to failing conditions:
01:04:57.980 [main] DEBUG io.micronaut.context.condition.Condition -- * Required property [micronaut.router.versioning.enabled] with value [true] not present
01:04:57.980 [main] DEBUG io.micronaut.context.condition.Condition -- Bean [Definition: io.micronaut.web.router.version.ConfigurationDefaultVersionProvider] will not be loaded due to failing conditions:
01:04:57.980 [main] DEBUG io.micronaut.context.condition.Condition -- * Required property [micronaut.router.versioning.default-version] not present
01:04:57.980 [main] DEBUG io.micronaut.context.condition.Condition -- Bean [io.micronaut.tracing.opentelemetry.idgenerator.xray.$AwsXrayIdGeneratorFactory$IdGenerator0$Definition] will not be loaded due to failing conditions:
01:04:57.980 [main] DEBUG io.micronaut.context.condition.Condition -- * Class [io.opentelemetry.contrib.awsxray.AwsXrayIdGenerator] is not present
01:04:57.980 [main] DEBUG io.micronaut.context.condition.Condition -- Bean [io.micronaut.tracing.opentelemetry.idgenerator.xray.$AwsXrayIdGeneratorFactory$Definition] will not be loaded due to failing conditions:
01:04:57.980 [main] DEBUG io.micronaut.context.condition.Condition -- * Class [io.opentelemetry.contrib.awsxray.AwsXrayIdGenerator] is not present
01:04:57.980 [main] DEBUG io.micronaut.context.condition.Condition -- Bean [Definition: io.micronaut.test.support.sql.DelegatingDataSourceSqlHandler] will not be loaded due to failing conditions:
01:04:57.980 [main] DEBUG io.micronaut.context.condition.Condition -- * Class [io.micronaut.data.connection.jdbc.advice.DelegatingDataSource] is not present
01:04:57.980 [main] DEBUG io.micronaut.context.condition.Condition -- Bean [Definition: io.micronaut.test.support.sql.ConnectionFactoryHandler] will not be loaded due to failing conditions:
01:04:57.981 [main] DEBUG io.micronaut.context.condition.Condition -- * Class [io.r2dbc.spi.ConnectionFactory] is not present
01:04:57.981 [main] DEBUG io.micronaut.context.lifecycle -- Created bean [io.micronaut.scheduling.processor.ScheduledMethodProcessor@65a4798f] from definition [Definition: io.micronaut.scheduling.processor.ScheduledMethodProcessor] with qualifier [null]
01:04:57.981 [main] DEBUG io.micronaut.context.DefaultBeanContext -- Found a registration BeanRegistration: io.micronaut.scheduling.processor.ScheduledMethodProcessor@65a4798f for candidate: Definition: io.micronaut.scheduling.processor.ScheduledMethodProcessor with qualifier: <Scheduled>
01:04:57.983 [main] DEBUG io.micronaut.context.condition.Condition -- Configuration: io.micronaut.security.x509 will not be loaded due to failing conditions:
01:04:57.983 [main] DEBUG io.micronaut.context.condition.Condition -- * Required property [micronaut.security.x509.enabled] with value [true] not present
01:04:57.983 [main] DEBUG io.micronaut.context.DefaultBeanContext -- Loaded active configurations: io.micronaut.jackson,io.micronaut.security.token.jwt.nimbus,io.micronaut.management.endpoint,io.micronaut.security.endpoints.introspection,io.micronaut.tracing.opentelemetry,io.micronaut.http.client,io.micronaut.security.token.jwt,io.micronaut.security
01:04:57.983 [main] DEBUG io.micronaut.context.DefaultBeanContext -- BeanContext Started.
01:04:57.983 [main] DEBUG io.micronaut.context.DefaultBeanContext -- Finding candidate beans for type: ApplicationEventPublisher<StartupEvent T>
01:04:57.983 [main] DEBUG io.micronaut.context.DefaultBeanContext --   interface io.micronaut.context.event.ApplicationEventPublisher null io.micronaut.context.event.ApplicationEventPublisherFactory@3f57051
01:04:57.983 [main] DEBUG io.micronaut.context.DefaultBeanContext -- Found concrete candidate [io.micronaut.context.event.ApplicationEventPublisherFactory@3f57051] for type: applicationEventPublisher 
01:04:57.985 [main] DEBUG io.micronaut.context.lifecycle -- Created bean [io.micronaut.context.event.ApplicationEventPublisherFactory$2@3e8f7922] from definition [io.micronaut.context.event.ApplicationEventPublisherFactory@3f57051] with qualifier [null]
01:04:57.985 [main] DEBUG io.micronaut.context.event.ApplicationEventPublisher -- Publishing event: io.micronaut.context.event.StartupEvent[source=io.micronaut.context.DefaultApplicationContext@1de5f0ef]
01:04:57.985 [main] DEBUG io.micronaut.context.DefaultBeanContext -- Resolving beans for type: <StartupEvent> io.micronaut.context.event.ApplicationEventListener 
01:04:57.985 [main] DEBUG io.micronaut.context.DefaultBeanContext -- Finding candidate beans for type: ApplicationEventListener
01:04:57.985 [main] DEBUG io.micronaut.core.beans.DefaultBeanIntrospector -- Found BeanIntrospection for type: class io.micronaut.runtime.context.scope.refresh.RefreshScopeCondition,
01:04:57.985 [main] DEBUG io.micronaut.core.beans.DefaultBeanIntrospector -- Found BeanIntrospection for type: class io.micronaut.http.client.ServiceHttpClientCondition,
01:04:57.985 [main] DEBUG io.micronaut.context.DefaultBeanContext -- Finding candidate beans for type: ServiceHttpClientConfiguration
01:04:57.986 [main] DEBUG io.micronaut.context.DefaultBeanContext -- No bean candidates found for type: ServiceHttpClientConfiguration
01:04:57.986 [main] DEBUG io.micronaut.core.beans.DefaultBeanIntrospector -- Found BeanIntrospection for type: class io.micronaut.http.server.netty.ssl.SslEnabledCondition,
01:04:57.986 [main] DEBUG io.micronaut.context.condition.Condition -- Bean [Definition: io.micronaut.http.server.netty.ssl.CertificateProvidedSslBuilder] will not be loaded due to failing conditions:
01:04:57.986 [main] DEBUG io.micronaut.context.condition.Condition -- * Neither the old deprecated micronaut.ssl.build-self-signed, nor the new micronaut.server.ssl.build-self-signed were enabled.
01:04:57.986 [main] DEBUG io.micronaut.context.condition.Condition -- * Custom condition [class io.micronaut.http.server.netty.ssl.SslEnabledCondition] failed evaluation
01:04:57.986 [main] DEBUG io.micronaut.context.DefaultBeanContext -- Finding candidate beans for type: HealthEndpoint
01:04:57.986 [main] DEBUG io.micronaut.core.beans.DefaultBeanIntrospector -- Found BeanIntrospection for type: class io.micronaut.management.endpoint.EndpointEnabledCondition,
01:04:57.986 [main] DEBUG io.micronaut.context.DefaultBeanContext --   class io.micronaut.management.endpoint.health.HealthEndpoint null Definition: io.micronaut.management.endpoint.health.HealthEndpoint
01:04:57.986 [main] DEBUG io.micronaut.context.DefaultBeanContext --   class io.micronaut.runtime.context.scope.refresh.RefreshScope null Definition: io.micronaut.runtime.context.scope.refresh.RefreshScope
01:04:57.986 [main] DEBUG io.micronaut.context.DefaultBeanContext --   class io.micronaut.management.health.indicator.service.ServiceReadyHealthIndicator$ApplicationEventListener$onServerStarted2$Intercepted null Definition: io.micronaut.management.health.indicator.service.ServiceReadyHealthIndicator$ApplicationEventListener$onServerStarted2$Intercepted
01:04:57.986 [main] DEBUG io.micronaut.context.DefaultBeanContext --   class io.micronaut.http.client.netty.DefaultNettyHttpClientRegistry null Definition: io.micronaut.http.client.netty.DefaultNettyHttpClientRegistry
01:04:57.987 [main] DEBUG io.micronaut.context.DefaultBeanContext --   interface io.micronaut.http.server.netty.NettyEmbeddedServer null Definition: io.micronaut.http.server.netty.DefaultNettyEmbeddedServerFactory
01:04:57.987 [main] DEBUG io.micronaut.context.DefaultBeanContext --   class io.micronaut.http.server.netty.discovery.NettyServiceDiscovery$ApplicationEventListener$onStart1$Intercepted null Definition: io.micronaut.http.server.netty.discovery.NettyServiceDiscovery$ApplicationEventListener$onStart1$Intercepted
01:04:57.987 [main] DEBUG io.micronaut.context.DefaultBeanContext --   class io.micronaut.runtime.http.scope.RequestCustomScope null Definition: io.micronaut.runtime.http.scope.RequestCustomScope
01:04:57.987 [main] DEBUG io.micronaut.context.DefaultBeanContext --   class io.micronaut.http.server.netty.discovery.NettyServiceDiscovery$ApplicationEventListener$onStop2$Intercepted null Definition: io.micronaut.http.server.netty.discovery.NettyServiceDiscovery$ApplicationEventListener$onStop2$Intercepted
01:04:57.987 [main] DEBUG io.micronaut.context.DefaultBeanContext --   class io.micronaut.scheduling.processor.ScheduledMethodProcessor$ApplicationEventListener$scheduleTasks1$Intercepted null Definition: io.micronaut.scheduling.processor.ScheduledMethodProcessor$ApplicationEventListener$scheduleTasks1$Intercepted
01:04:57.987 [main] DEBUG io.micronaut.context.DefaultBeanContext --   class io.micronaut.management.health.indicator.service.ServiceReadyHealthIndicator$ApplicationEventListener$onServiceStarted1$Intercepted null Definition: io.micronaut.management.health.indicator.service.ServiceReadyHealthIndicator$ApplicationEventListener$onServiceStarted1$Intercepted
01:04:57.989 [main] DEBUG io.micronaut.context.DefaultBeanContext -- Resolving beans for type: @InterceptorBinding(NONE) io.micronaut.aop.Interceptor 
01:04:57.989 [main] DEBUG io.micronaut.context.DefaultBeanContext -- Finding candidate beans for type: Interceptor T
01:04:57.989 [main] DEBUG io.micronaut.context.DefaultBeanContext -- Finding candidate beans for type: Tracer
01:04:57.990 [main] DEBUG io.micronaut.context.DefaultBeanContext -- Finding candidate beans for type: Tracer
01:04:57.991 [main] DEBUG io.micronaut.context.DefaultBeanContext -- No bean candidates found for type: Tracer
01:04:57.991 [main] DEBUG io.micronaut.context.DefaultBeanContext --   interface io.opentelemetry.api.trace.Tracer null Definition: io.micronaut.tracing.opentelemetry.DefaultTelemetryTracer
01:04:57.991 [main] DEBUG io.micronaut.context.DefaultBeanContext --   class io.micronaut.runtime.context.scope.refresh.RefreshInterceptor null Definition: io.micronaut.runtime.context.scope.refresh.RefreshInterceptor
01:04:57.991 [main] DEBUG io.micronaut.context.DefaultBeanContext --   class io.micronaut.runtime.beans.MapperIntroduction null Definition: io.micronaut.runtime.beans.MapperIntroduction
01:04:57.991 [main] DEBUG io.micronaut.context.DefaultBeanContext --   class io.micronaut.retry.intercept.RecoveryInterceptor null Definition: io.micronaut.retry.intercept.RecoveryInterceptor
01:04:57.991 [main] DEBUG io.micronaut.context.DefaultBeanContext --   class io.micronaut.validation.ValidatingInterceptor null Definition: io.micronaut.validation.ValidatingInterceptor
01:04:57.991 [main] DEBUG io.micronaut.context.DefaultBeanContext --   class io.micronaut.scheduling.async.AsyncInterceptor null Definition: io.micronaut.scheduling.async.AsyncInterceptor
01:04:57.991 [main] DEBUG io.micronaut.context.DefaultBeanContext --   class io.micronaut.websocket.interceptor.ClientWebSocketInterceptor null Definition: io.micronaut.websocket.interceptor.ClientWebSocketInterceptor
01:04:57.991 [main] DEBUG io.micronaut.context.DefaultBeanContext --   class io.micronaut.retry.intercept.DefaultRetryInterceptor null Definition: io.micronaut.retry.intercept.DefaultRetryInterceptor
01:04:57.991 [main] DEBUG io.micronaut.context.DefaultBeanContext --   class io.micronaut.tracing.opentelemetry.interceptor.NewSpanOpenTelemetryTraceInterceptor null Definition: io.micronaut.tracing.opentelemetry.interceptor.NewSpanOpenTelemetryTraceInterceptor
01:04:57.991 [main] DEBUG io.micronaut.context.DefaultBeanContext --   class io.micronaut.tracing.opentelemetry.interceptor.ContinueSpanOpenTelemetryTraceInterceptor null Definition: io.micronaut.tracing.opentelemetry.interceptor.ContinueSpanOpenTelemetryTraceInterceptor
01:04:57.991 [main] DEBUG io.micronaut.context.DefaultBeanContext --   class io.micronaut.runtime.context.env.ConfigurationIntroductionAdvice null Definition: io.micronaut.runtime.context.env.ConfigurationIntroductionAdvice
01:04:57.991 [main] DEBUG io.micronaut.context.DefaultBeanContext --   class io.micronaut.http.client.interceptor.HttpClientIntroductionAdvice null Definition: io.micronaut.http.client.interceptor.HttpClientIntroductionAdvice
01:04:57.991 [main] DEBUG io.micronaut.context.DefaultBeanContext -- Finding candidate beans for type: InterceptorRegistry $interceptorRegistry
01:04:57.991 [main] DEBUG io.micronaut.context.DefaultBeanContext --   interface io.micronaut.aop.InterceptorRegistry null io.micronaut.aop.internal.InterceptorRegistryBean@65aa6596
01:04:57.991 [main] DEBUG io.micronaut.context.DefaultBeanContext -- Found concrete candidate [io.micronaut.aop.internal.InterceptorRegistryBean@65aa6596] for type: $interceptorRegistry 
01:04:57.992 [main] DEBUG io.micronaut.context.lifecycle -- Created bean [io.micronaut.aop.chain.DefaultInterceptorRegistry@3383649e] from definition [io.micronaut.aop.internal.InterceptorRegistryBean@65aa6596] with qualifier [null]
01:04:57.993 [main] DEBUG io.micronaut.context.DefaultBeanContext -- Finding candidate beans for type: ScheduledMethodProcessor
01:04:57.993 [main] DEBUG io.micronaut.context.DefaultBeanContext --   class io.micronaut.scheduling.processor.ScheduledMethodProcessor null Definition: io.micronaut.scheduling.processor.ScheduledMethodProcessor
01:04:57.994 [main] DEBUG io.micronaut.context.DefaultBeanContext -- Found concrete candidate [Definition: io.micronaut.scheduling.processor.ScheduledMethodProcessor] for type: scheduledMethodProcessor 
01:04:57.994 [main] DEBUG io.micronaut.context.lifecycle -- Created bean [io.micronaut.scheduling.processor.ScheduledMethodProcessor$ApplicationEventListener$scheduleTasks1$Intercepted@7db82169] from definition [Definition: io.micronaut.scheduling.processor.ScheduledMethodProcessor$ApplicationEventListener$scheduleTasks1$Intercepted] with qualifier [null]
01:04:57.994 [main] DEBUG io.micronaut.context.DefaultBeanContext -- Found a registration BeanRegistration: io.micronaut.scheduling.processor.ScheduledMethodProcessor$ApplicationEventListener$scheduleTasks1$Intercepted@7db82169 for candidate: Definition: io.micronaut.scheduling.processor.ScheduledMethodProcessor$ApplicationEventListener$scheduleTasks1$Intercepted with qualifier: <StartupEvent>
01:04:57.996 [main] DEBUG io.micronaut.context.DefaultBeanContext -- Finding candidate beans for type: TaskScheduler
01:04:57.997 [main] DEBUG io.micronaut.context.DefaultBeanContext --   class io.micronaut.scheduling.ScheduledExecutorTaskScheduler @Named('scheduled') and @Primary Definition: io.micronaut.scheduling.ScheduledExecutorTaskScheduler
01:04:57.997 [main] DEBUG io.micronaut.context.DefaultBeanContext -- Qualifying bean [taskScheduler] for qualifier: @Named('scheduled') 
01:04:57.998 [main] DEBUG io.micronaut.context.DefaultBeanContext -- Found concrete candidate [Definition: io.micronaut.scheduling.ScheduledExecutorTaskScheduler] for type: @Named('scheduled') taskScheduler 
01:04:57.998 [main] DEBUG io.micronaut.context.DefaultBeanContext -- Finding candidate beans for type: ExecutorService executorService
01:04:57.998 [main] DEBUG io.micronaut.context.DefaultBeanContext -- Finding candidate beans for type: ExecutorConfiguration
01:04:57.998 [main] DEBUG io.micronaut.core.beans.DefaultBeanIntrospector -- Found BeanIntrospection for type: class io.micronaut.scheduling.LoomSupport$LoomCondition,
01:04:58.000 [main] DEBUG io.micronaut.context.DefaultBeanContext --   interface io.micronaut.scheduling.executor.ExecutorConfiguration @Named('io') Definition: io.micronaut.scheduling.executor.IOExecutorServiceConfig
01:04:58.000 [main] DEBUG io.micronaut.context.DefaultBeanContext --   interface io.micronaut.scheduling.executor.ExecutorConfiguration @Named('scheduled') Definition: io.micronaut.scheduling.executor.ScheduledExecutorServiceConfig
01:04:58.000 [main] DEBUG io.micronaut.context.DefaultBeanContext --   interface io.micronaut.scheduling.executor.ExecutorConfiguration @Named('virtual') Definition: io.micronaut.scheduling.executor.IOExecutorServiceConfig
01:04:58.000 [main] DEBUG io.micronaut.context.DefaultBeanContext -- Finding candidate beans for type: EventLoopGroupConfiguration
01:04:58.000 [main] DEBUG io.micronaut.context.DefaultBeanContext --   class io.micronaut.http.server.netty.configuration.NettyHttpServerConfiguration$Worker @Named('netty-server-worker-event-loop') Definition: io.micronaut.http.server.netty.configuration.NettyHttpServerConfiguration$Worker
01:04:58.000 [main] DEBUG io.micronaut.context.DefaultBeanContext --   class io.micronaut.http.server.netty.configuration.NettyHttpServerConfiguration$Parent @Named('netty-server-parent-event-loop') Definition: io.micronaut.http.server.netty.configuration.NettyHttpServerConfiguration$Parent
01:04:58.001 [main] DEBUG io.micronaut.context.DefaultBeanContext --   interface io.netty.channel.EventLoopGroup @Named('netty-server-parent-event-loop') Definition: io.micronaut.http.netty.channel.DefaultEventLoopGroupRegistry
01:04:58.001 [main] DEBUG io.micronaut.context.DefaultBeanContext --   interface java.util.concurrent.ExecutorService @Named('io') Definition: io.micronaut.scheduling.executor.ExecutorFactory
01:04:58.001 [main] DEBUG io.micronaut.context.DefaultBeanContext --   interface java.util.concurrent.ExecutorService @Named('blocking') Definition: io.micronaut.scheduling.executor.IOExecutorServiceConfig
01:04:58.001 [main] DEBUG io.micronaut.context.DefaultBeanContext --   interface java.util.concurrent.ExecutorService @Named('virtual') Definition: io.micronaut.scheduling.executor.ExecutorFactory
01:04:58.001 [main] DEBUG io.micronaut.context.DefaultBeanContext --   interface io.netty.channel.EventLoopGroup @Named('netty-server-worker-event-loop') Definition: io.micronaut.http.netty.channel.DefaultEventLoopGroupRegistry
01:04:58.001 [main] DEBUG io.micronaut.context.DefaultBeanContext --   interface java.util.concurrent.ExecutorService @Named('scheduled') Definition: io.micronaut.scheduling.executor.ExecutorFactory
01:04:58.001 [main] DEBUG io.micronaut.context.DefaultBeanContext -- Qualifying bean [executorService] for qualifier: @Named('scheduled') 
01:04:58.001 [main] DEBUG io.micronaut.context.DefaultBeanContext -- Found concrete candidate [Definition: io.micronaut.scheduling.executor.ExecutorFactory] for type: @Named('scheduled') executorService 
01:04:58.001 [main] DEBUG io.micronaut.context.DefaultBeanContext -- Finding candidate beans for type: ExecutorFactory
01:04:58.001 [main] DEBUG io.micronaut.context.DefaultBeanContext --   class io.micronaut.scheduling.executor.ExecutorFactory null Definition: io.micronaut.scheduling.executor.ExecutorFactory
01:04:58.001 [main] DEBUG io.micronaut.context.DefaultBeanContext -- Found concrete candidate [Definition: io.micronaut.scheduling.executor.ExecutorFactory] for type: executorFactory 
01:04:58.002 [main] DEBUG io.micronaut.context.DefaultBeanContext -- Finding candidate beans for type: ThreadFactory threadFactory
01:04:58.003 [main] DEBUG io.micronaut.context.DefaultBeanContext -- Finding candidate beans for type: ExecutorConfiguration
01:04:58.004 [main] DEBUG io.micronaut.context.DefaultBeanContext --   interface io.micronaut.scheduling.executor.ExecutorConfiguration @Named('io') Definition: io.micronaut.scheduling.executor.IOExecutorServiceConfig
01:04:58.004 [main] DEBUG io.micronaut.context.DefaultBeanContext --   interface io.micronaut.scheduling.executor.ExecutorConfiguration @Named('scheduled') Definition: io.micronaut.scheduling.executor.ScheduledExecutorServiceConfig
01:04:58.004 [main] DEBUG io.micronaut.context.DefaultBeanContext --   interface io.micronaut.scheduling.executor.ExecutorConfiguration @Named('virtual') Definition: io.micronaut.scheduling.executor.IOExecutorServiceConfig
01:04:58.004 [main] DEBUG io.micronaut.context.DefaultBeanContext --   interface java.util.concurrent.ThreadFactory @Named('virtual') Definition: io.micronaut.scheduling.executor.ExecutorFactory
01:04:58.004 [main] DEBUG io.micronaut.context.DefaultBeanContext --   interface java.util.concurrent.ThreadFactory @Named('scheduled') Definition: io.micronaut.scheduling.executor.ExecutorFactory
01:04:58.004 [main] DEBUG io.micronaut.context.DefaultBeanContext --   interface java.util.concurrent.ThreadFactory null Definition: io.micronaut.scheduling.executor.DefaultThreadFactory
[...]
01:04:58.414 [main] DEBUG io.micronaut.context.DefaultBeanContext -- Finding candidate beans for type: EventLoopGroupConfiguration
01:04:58.415 [main] DEBUG io.micronaut.context.DefaultBeanContext --   class io.micronaut.http.server.netty.configuration.NettyHttpServerConfiguration$Worker @Named('netty-server-worker-event-loop') Definition: io.micronaut.http.server.netty.configuration.NettyHttpServerConfiguration$Worker
01:04:58.415 [main] DEBUG io.micronaut.context.DefaultBeanContext --   class io.micronaut.http.server.netty.configuration.NettyHttpServerConfiguration$Parent @Named('netty-server-parent-event-loop') Definition: io.micronaut.http.server.netty.configuration.NettyHttpServerConfiguration$Parent
01:04:58.415 [main] DEBUG io.micronaut.context.DefaultBeanContext --   interface io.netty.channel.EventLoopGroup @Named('netty-server-parent-event-loop') Definition: io.micronaut.http.netty.channel.DefaultEventLoopGroupRegistry
01:04:58.415 [main] DEBUG io.micronaut.context.DefaultBeanContext --   interface io.netty.channel.EventLoopGroup null Definition: io.micronaut.http.netty.channel.DefaultEventLoopGroupRegistry
01:04:58.415 [main] DEBUG io.micronaut.context.DefaultBeanContext --   interface io.netty.channel.EventLoopGroup @Named('netty-server-worker-event-loop') Definition: io.micronaut.http.netty.channel.DefaultEventLoopGroupRegistry
01:04:58.415 [main] DEBUG io.micronaut.context.DefaultBeanContext -- Qualifying bean [eventLoopGroup] for qualifier: @Named('parent') 
01:04:58.415 [main] DEBUG io.micronaut.context.DefaultBeanContext -- No qualifying beans of type [eventLoopGroup] found for qualifier: @Named('parent') 
01:04:58.461 [main] DEBUG io.netty.channel.DefaultChannelId -- -Dio.netty.processId: 31356 (auto-detected)
01:04:58.462 [main] DEBUG io.netty.util.NetUtil -- -Djava.net.preferIPv4Stack: false
01:04:58.462 [main] DEBUG io.netty.util.NetUtil -- -Djava.net.preferIPv6Addresses: false
01:04:58.464 [main] DEBUG io.netty.util.NetUtilInitializations -- Loopback interface: loopback_0 (Software Loopback Interface 1, 0:0:0:0:0:0:0:1)
01:04:58.464 [main] DEBUG io.netty.util.NetUtil -- Failed to get SOMAXCONN from sysctl and file \proc\sys\net\core\somaxconn. Default: 200
01:04:58.465 [main] DEBUG io.netty.channel.DefaultChannelId -- -Dio.netty.machineId: f0:d4:15:ff:fe:6d:fd:6c (auto-detected)
01:04:58.475 [main] DEBUG io.netty.buffer.PooledByteBufAllocator -- -Dio.netty.allocator.numHeapArenas: 64
01:04:58.475 [main] DEBUG io.netty.buffer.PooledByteBufAllocator -- -Dio.netty.allocator.numDirectArenas: 64
01:04:58.475 [main] DEBUG io.netty.buffer.PooledByteBufAllocator -- -Dio.netty.allocator.pageSize: 8192
01:04:58.475 [main] DEBUG io.netty.buffer.PooledByteBufAllocator -- -Dio.netty.allocator.maxOrder: 3
01:04:58.475 [main] DEBUG io.netty.buffer.PooledByteBufAllocator -- -Dio.netty.allocator.chunkSize: 65536
01:04:58.475 [main] DEBUG io.netty.buffer.PooledByteBufAllocator -- -Dio.netty.allocator.smallCacheSize: 256
01:04:58.475 [main] DEBUG io.netty.buffer.PooledByteBufAllocator -- -Dio.netty.allocator.normalCacheSize: 64
01:04:58.475 [main] DEBUG io.netty.buffer.PooledByteBufAllocator -- -Dio.netty.allocator.maxCachedBufferCapacity: 32768
01:04:58.475 [main] DEBUG io.netty.buffer.PooledByteBufAllocator -- -Dio.netty.allocator.cacheTrimInterval: 8192
01:04:58.475 [main] DEBUG io.netty.buffer.PooledByteBufAllocator -- -Dio.netty.allocator.cacheTrimIntervalMillis: 0
01:04:58.475 [main] DEBUG io.netty.buffer.PooledByteBufAllocator -- -Dio.netty.allocator.useCacheForAllThreads: false
01:04:58.475 [main] DEBUG io.netty.buffer.PooledByteBufAllocator -- -Dio.netty.allocator.maxCachedByteBuffersPerChunk: 1023
01:04:58.475 [main] DEBUG io.netty.buffer.PooledByteBufAllocator -- -Dio.netty.allocator.disableCacheFinalizersForFastThreadLocalThreads: false
01:04:58.479 [main] DEBUG io.netty.buffer.ByteBufUtil -- -Dio.netty.allocator.type: pooled
01:04:58.479 [main] DEBUG io.netty.buffer.ByteBufUtil -- -Dio.netty.threadLocalDirectBufferSize: 0
01:04:58.479 [main] DEBUG io.netty.buffer.ByteBufUtil -- -Dio.netty.maxThreadLocalCharBufferSize: 16384
01:04:58.479 [main] DEBUG io.netty.bootstrap.ChannelInitializerExtensions -- -Dio.netty.bootstrap.extensions: null
01:04:58.485 [main] DEBUG io.micronaut.context.DefaultBeanContext -- Finding candidate beans for type: ApplicationEventPublisher<ServerStartupEvent T>
01:04:58.485 [main] DEBUG io.micronaut.context.DefaultBeanContext --   interface io.micronaut.context.event.ApplicationEventPublisher null io.micronaut.context.event.ApplicationEventPublisherFactory@3f57051
01:04:58.485 [main] DEBUG io.micronaut.context.DefaultBeanContext -- Found concrete candidate [io.micronaut.context.event.ApplicationEventPublisherFactory@3f57051] for type: applicationEventPublisher 
01:04:58.485 [main] DEBUG io.micronaut.context.lifecycle -- Created bean [io.micronaut.context.event.ApplicationEventPublisherFactory$2@73c9e8e8] from definition [io.micronaut.context.event.ApplicationEventPublisherFactory@3f57051] with qualifier [null]
01:04:58.485 [main] DEBUG io.micronaut.context.event.ApplicationEventPublisher -- Publishing event: io.micronaut.runtime.server.event.ServerStartupEvent[source=io.micronaut.http.server.netty.NettyHttpServer@77e7246b]
01:04:58.485 [main] DEBUG io.micronaut.context.DefaultBeanContext -- Resolving beans for type: <ServerStartupEvent> io.micronaut.context.event.ApplicationEventListener 
01:04:58.485 [main] DEBUG io.micronaut.context.DefaultBeanContext -- Resolving beans for type: @InterceptorBinding(NONE) io.micronaut.aop.Interceptor 
01:04:58.485 [main] DEBUG io.micronaut.context.DefaultBeanContext -- Finding candidate beans for type: InterceptorRegistry $interceptorRegistry
01:04:58.485 [main] DEBUG io.micronaut.context.DefaultBeanContext --   interface io.micronaut.aop.InterceptorRegistry null io.micronaut.aop.internal.InterceptorRegistryBean@65aa6596
01:04:58.485 [main] DEBUG io.micronaut.context.DefaultBeanContext -- Found concrete candidate [io.micronaut.aop.internal.InterceptorRegistryBean@65aa6596] for type: $interceptorRegistry 
01:04:58.485 [main] DEBUG io.micronaut.context.DefaultBeanContext -- Finding candidate beans for type: ServiceReadyHealthIndicator
01:04:58.486 [main] DEBUG io.micronaut.context.DefaultBeanContext --   class io.micronaut.management.health.indicator.service.ServiceReadyHealthIndicator @Readiness Definition: io.micronaut.management.health.indicator.service.ServiceReadyHealthIndicator
01:04:58.486 [main] DEBUG io.micronaut.context.DefaultBeanContext -- Found concrete candidate [Definition: io.micronaut.management.health.indicator.service.ServiceReadyHealthIndicator] for type: serviceReadyHealthIndicator 
01:04:58.487 [main] DEBUG io.micronaut.context.lifecycle -- Created bean [io.micronaut.management.health.indicator.service.ServiceReadyHealthIndicator$ApplicationEventListener$onServerStarted2$Intercepted@7e19755a] from definition [Definition: io.micronaut.management.health.indicator.service.ServiceReadyHealthIndicator$ApplicationEventListener$onServerStarted2$Intercepted] with qualifier [null]
01:04:58.487 [main] DEBUG io.micronaut.context.DefaultBeanContext -- Found a registration BeanRegistration: io.micronaut.management.health.indicator.service.ServiceReadyHealthIndicator$ApplicationEventListener$onServerStarted2$Intercepted@7e19755a for candidate: Definition: io.micronaut.management.health.indicator.service.ServiceReadyHealthIndicator$ApplicationEventListener$onServerStarted2$Intercepted with qualifier: <ServerStartupEvent>
01:04:58.487 [main] DEBUG io.micronaut.context.DefaultBeanContext -- Resolving beans for type: @InterceptorBinding(NONE) io.micronaut.aop.Interceptor 
01:04:58.487 [main] DEBUG io.micronaut.context.DefaultBeanContext -- Finding candidate beans for type: NettyServiceDiscovery
01:04:58.487 [main] DEBUG io.micronaut.context.DefaultBeanContext --   class io.micronaut.http.server.netty.discovery.NettyServiceDiscovery null Definition: io.micronaut.http.server.netty.discovery.NettyServiceDiscovery
01:04:58.487 [main] DEBUG io.micronaut.context.DefaultBeanContext -- Found concrete candidate [Definition: io.micronaut.http.server.netty.discovery.NettyServiceDiscovery] for type: nettyServiceDiscovery 
01:04:58.487 [main] DEBUG io.micronaut.context.lifecycle -- Created bean [io.micronaut.http.server.netty.discovery.NettyServiceDiscovery$ApplicationEventListener$onStart1$Intercepted@4b790d86] from definition [Definition: io.micronaut.http.server.netty.discovery.NettyServiceDiscovery$ApplicationEventListener$onStart1$Intercepted] with qualifier [null]
01:04:58.487 [main] DEBUG io.micronaut.context.DefaultBeanContext -- Found a registration BeanRegistration: io.micronaut.http.server.netty.discovery.NettyServiceDiscovery$ApplicationEventListener$onStart1$Intercepted@4b790d86 for candidate: Definition: io.micronaut.http.server.netty.discovery.NettyServiceDiscovery$ApplicationEventListener$onStart1$Intercepted with qualifier: <ServerStartupEvent>
01:04:58.487 [main] DEBUG io.micronaut.context.lifecycle -- Created bean [io.micronaut.management.health.indicator.service.ServiceReadyHealthIndicator@4339baec] from definition [Definition: io.micronaut.management.health.indicator.service.ServiceReadyHealthIndicator] with qualifier [@Readiness]
01:04:58.487 [main] DEBUG io.micronaut.context.DefaultBeanContext -- Finding candidate beans for type: ApplicationEventPublisher<ServiceReadyEvent T> serviceReadyEventApplicationEventPublisher
01:04:58.487 [main] DEBUG io.micronaut.context.DefaultBeanContext --   interface io.micronaut.context.event.ApplicationEventPublisher null io.micronaut.context.event.ApplicationEventPublisherFactory@3f57051
01:04:58.487 [main] DEBUG io.micronaut.context.DefaultBeanContext -- Found concrete candidate [io.micronaut.context.event.ApplicationEventPublisherFactory@3f57051] for type: serviceReadyEventApplicationEventPublisher 
01:04:58.487 [main] DEBUG io.micronaut.context.lifecycle -- Created bean [io.micronaut.context.event.ApplicationEventPublisherFactory$2@61cd1c71] from definition [io.micronaut.context.event.ApplicationEventPublisherFactory@3f57051] with qualifier [null]
01:04:58.487 [main] DEBUG io.micronaut.context.DefaultBeanContext -- Finding candidate beans for type: ApplicationEventPublisher<ServiceStoppedEvent T> serviceStoppedEventApplicationEventPublisher
01:04:58.487 [main] DEBUG io.micronaut.context.DefaultBeanContext --   interface io.micronaut.context.event.ApplicationEventPublisher null io.micronaut.context.event.ApplicationEventPublisherFactory@3f57051
01:04:58.487 [main] DEBUG io.micronaut.context.DefaultBeanContext -- Found concrete candidate [io.micronaut.context.event.ApplicationEventPublisherFactory@3f57051] for type: serviceStoppedEventApplicationEventPublisher 
01:04:58.487 [main] DEBUG io.micronaut.context.lifecycle -- Created bean [io.micronaut.context.event.ApplicationEventPublisherFactory$2@6944e53e] from definition [io.micronaut.context.event.ApplicationEventPublisherFactory@3f57051] with qualifier [null]
01:04:58.487 [main] DEBUG io.micronaut.context.lifecycle -- Created bean [io.micronaut.http.server.netty.discovery.NettyServiceDiscovery@52e04737] from definition [Definition: io.micronaut.http.server.netty.discovery.NettyServiceDiscovery] with qualifier [null]
01:04:58.487 [main] DEBUG io.micronaut.context.DefaultBeanContext -- Finding candidate beans for type: NettyEmbeddedServerInstance
01:04:58.487 [main] DEBUG io.micronaut.context.DefaultBeanContext --   class io.micronaut.http.server.netty.discovery.NettyEmbeddedServerInstance null Definition: io.micronaut.http.server.netty.discovery.NettyEmbeddedServerInstance
01:04:58.487 [main] DEBUG io.micronaut.context.DefaultBeanContext -- Found concrete candidate [Definition: io.micronaut.http.server.netty.discovery.NettyEmbeddedServerInstance] for type: nettyEmbeddedServerInstance 
01:04:58.488 [main] DEBUG io.micronaut.context.DefaultBeanContext -- Resolving beans for type: io.micronaut.discovery.metadata.ServiceInstanceMetadataContributor
01:04:58.488 [main] DEBUG io.micronaut.context.DefaultBeanContext -- Finding candidate beans for type: ServiceInstanceMetadataContributor E
01:04:58.488 [main] DEBUG io.micronaut.context.DefaultBeanContext -- No bean candidates found for type: ServiceInstanceMetadataContributor E
01:04:58.488 [main] DEBUG io.micronaut.context.lifecycle -- Created bean [io.micronaut.http.server.netty.discovery.NettyEmbeddedServerInstance@b606cb6] from definition [Definition: io.micronaut.http.server.netty.discovery.NettyEmbeddedServerInstance] with qualifier [null]
01:04:58.488 [main] DEBUG io.micronaut.context.event.ApplicationEventPublisher -- Publishing event: io.micronaut.discovery.event.ServiceReadyEvent[source=io.micronaut.http.server.netty.discovery.NettyEmbeddedServerInstance@b606cb6]
01:04:58.488 [main] DEBUG io.micronaut.context.DefaultBeanContext -- Resolving beans for type: <ServiceReadyEvent> io.micronaut.context.event.ApplicationEventListener 
01:04:58.488 [main] DEBUG io.micronaut.context.DefaultBeanContext -- Resolving beans for type: @InterceptorBinding(NONE) io.micronaut.aop.Interceptor 
01:04:58.488 [main] DEBUG io.micronaut.context.lifecycle -- Created bean [io.micronaut.management.health.indicator.service.ServiceReadyHealthIndicator$ApplicationEventListener$onServiceStarted1$Intercepted@30364216] from definition [Definition: io.micronaut.management.health.indicator.service.ServiceReadyHealthIndicator$ApplicationEventListener$onServiceStarted1$Intercepted] with qualifier [null]
01:04:58.488 [main] DEBUG io.micronaut.context.DefaultBeanContext -- Found a registration BeanRegistration: io.micronaut.management.health.indicator.service.ServiceReadyHealthIndicator$ApplicationEventListener$onServiceStarted1$Intercepted@30364216 for candidate: Definition: io.micronaut.management.health.indicator.service.ServiceReadyHealthIndicator$ApplicationEventListener$onServiceStarted1$Intercepted with qualifier: <ServiceReadyEvent>
01:04:58.488 [main] DEBUG io.micronaut.context.DefaultBeanContext -- Finding candidate beans for type: RefreshScope
01:04:58.488 [main] DEBUG io.micronaut.context.DefaultBeanContext --   class io.micronaut.runtime.context.scope.refresh.RefreshScope null Definition: io.micronaut.runtime.context.scope.refresh.RefreshScope
01:04:58.488 [main] DEBUG io.micronaut.context.DefaultBeanContext -- Found concrete candidate [Definition: io.micronaut.runtime.context.scope.refresh.RefreshScope] for type: refreshScope 
01:04:58.488 [main] DEBUG io.micronaut.context.lifecycle -- Created bean [io.micronaut.runtime.context.scope.refresh.RefreshScope@1e8ab90f] from definition [Definition: io.micronaut.runtime.context.scope.refresh.RefreshScope] with qualifier [null]
01:04:58.492 [main] DEBUG io.micronaut.context.DefaultBeanContext -- Finding candidate beans for type: TokenControllerTest
01:04:58.492 [main] DEBUG io.micronaut.context.DefaultBeanContext --   class com.example.tokenservice.controller.TokenControllerTest null Definition: com.example.tokenservice.controller.TokenControllerTest
01:04:58.495 [main] DEBUG io.micronaut.context.DefaultBeanContext -- Finding candidate beans for instance: com.example.tokenservice.controller.TokenControllerTest@4eba373c
01:04:58.495 [main] DEBUG io.micronaut.context.DefaultBeanContext -- Resolved bean candidates [Definition: com.example.tokenservice.controller.TokenControllerTest] for instance: com.example.tokenservice.controller.TokenControllerTest@4eba373c
01:04:58.495 [main] DEBUG io.micronaut.context.DefaultBeanContext -- Finding candidate beans for type: TokenController tokenController
01:04:58.495 [main] DEBUG io.micronaut.context.DefaultBeanContext --   class com.example.tokenservice.controller.$TokenController$Definition$Intercepted null Definition: com.example.tokenservice.controller.$TokenController$Definition$Intercepted
01:04:58.495 [main] DEBUG io.micronaut.context.DefaultBeanContext -- Found concrete candidate [Definition: com.example.tokenservice.controller.$TokenController$Definition$Intercepted] for type: tokenController 
01:04:58.495 [main] DEBUG io.micronaut.context.DefaultBeanContext -- Finding candidate beans for type: JwtTokenService jwtTokenService
01:04:58.495 [main] DEBUG io.micronaut.context.DefaultBeanContext --   class com.example.tokenservice.service.JwtTokenService null Definition: com.example.tokenservice.service.JwtTokenService
01:04:58.495 [main] DEBUG io.micronaut.context.DefaultBeanContext -- Found concrete candidate [Definition: com.example.tokenservice.service.JwtTokenService] for type: jwtTokenService 
01:04:58.495 [main] DEBUG io.micronaut.context.DefaultBeanContext -- Finding candidate beans for type: TokenConfiguration tokenConfiguration
01:04:58.495 [main] DEBUG io.micronaut.context.DefaultBeanContext --   class com.example.tokenservice.config.TokenConfiguration null Definition: com.example.tokenservice.config.TokenConfiguration
01:04:58.495 [main] DEBUG io.micronaut.context.DefaultBeanContext -- Found concrete candidate [Definition: com.example.tokenservice.config.TokenConfiguration] for type: tokenConfiguration 
01:04:58.495 [main] DEBUG io.micronaut.context.DefaultBeanContext -- Finding candidate beans for type: RsaConfiguration rsa
01:04:58.495 [main] DEBUG io.micronaut.context.DefaultBeanContext --   class com.example.tokenservice.config.TokenConfiguration$RsaConfiguration null Definition: com.example.tokenservice.config.TokenConfiguration$RsaConfiguration
01:04:58.495 [main] DEBUG io.micronaut.context.DefaultBeanContext -- Found concrete candidate [Definition: com.example.tokenservice.config.TokenConfiguration$RsaConfiguration] for type: rsa 
01:04:58.495 [main] DEBUG io.micronaut.context.lifecycle -- Created bean [com.example.tokenservice.config.TokenConfiguration$RsaConfiguration@9596ce8] from definition [Definition: com.example.tokenservice.config.TokenConfiguration$RsaConfiguration] with qualifier [null]
01:04:58.495 [main] DEBUG io.micronaut.context.lifecycle -- Created bean [com.example.tokenservice.config.TokenConfiguration@75ae4a1f] from definition [Definition: com.example.tokenservice.config.TokenConfiguration] with qualifier [null]
01:04:58.496 [main] DEBUG io.micronaut.context.DefaultBeanContext -- Finding candidate beans for type: KeyPairService keyPairService
01:04:58.496 [main] DEBUG io.micronaut.context.DefaultBeanContext --   class com.example.tokenservice.service.KeyPairService null Definition: com.example.tokenservice.service.KeyPairService
01:04:58.496 [main] DEBUG io.micronaut.context.DefaultBeanContext -- Found concrete candidate [Definition: com.example.tokenservice.service.KeyPairService] for type: keyPairService 
01:04:58.497 [main] INFO com.example.tokenservice.service.KeyPairService -- Generating new RSA key pair
01:04:58.591 [main] INFO com.example.tokenservice.service.KeyPairService -- RSA key pair initialized successfully with key ID: 031c26a752da43c3babae4e4abb5875c
01:04:58.591 [main] DEBUG io.micronaut.context.lifecycle -- Created bean [com.example.tokenservice.service.KeyPairService@6dd1c3ed] from definition [Definition: com.example.tokenservice.service.KeyPairService] with qualifier [null]
01:04:58.591 [main] DEBUG io.micronaut.context.lifecycle -- Created bean [com.example.tokenservice.service.JwtTokenService@22a6e998] from definition [Definition: com.example.tokenservice.service.JwtTokenService] with qualifier [null]
01:04:58.591 [main] DEBUG io.micronaut.context.DefaultBeanContext -- Finding candidate beans for type: ClientService clientService
01:04:58.592 [main] DEBUG io.micronaut.context.DefaultBeanContext --   class com.example.tokenservice.service.ClientService null Definition: com.example.tokenservice.service.ClientService
01:04:58.592 [main] DEBUG io.micronaut.context.DefaultBeanContext -- Found concrete candidate [Definition: com.example.tokenservice.service.ClientService] for type: clientService 
]]></system-out>
  </testcase>
</testsuite>