<?xml version="1.0" encoding="UTF-8"?>
<testsuite xmlns:xsi="http://www.w3.org/2001/XMLSchema-instance" xsi:noNamespaceSchemaLocation="https://maven.apache.org/surefire/maven-surefire-plugin/xsd/surefire-test-report.xsd" version="3.0.2" name="com.example.dataqueryservice.controller.ProductControllerTest" time="1.338" tests="11" errors="11" skipped="0" failures="0">
  <properties>
[...]
</properties>
  <testcase name="testGetProductByIdNotFound" classname="com.example.dataqueryservice.controller.ProductControllerTest" time="0.257">
    <error message="Unauthorized" type="io.micronaut.http.client.exceptions.HttpClientResponseException"><![CDATA[io.micronaut.http.client.exceptions.HttpClientResponseException: Unauthorized
	at io.micronaut.http.client.netty.DefaultHttpClient.makeErrorFromRequestBody(DefaultHttpClient.java:2086)
	at io.micronaut.http.client.netty.DefaultHttpClient.handleExchangeResponse(DefaultHttpClient.java:929)
	at io.micronaut.http.client.netty.DefaultHttpClient.lambda$exchange$8(DefaultHttpClient.java:882)
	at io.micronaut.core.execution.ImperativeExecutionFlowImpl.flatMap(ImperativeExecutionFlowImpl.java:72)
	at io.micronaut.http.client.netty.DefaultHttpClient.lambda$exchange$9(DefaultHttpClient.java:882)
	at io.micronaut.http.client.netty.DefaultHttpClient.lambda$sendRequestWithRedirectsNoFilter$46(DefaultHttpClient.java:1625)
	at reactor.core.publisher.MonoFlatMap$FlatMapMain.onNext(MonoFlatMap.java:132)
	at reactor.core.publisher.MonoFlatMap$FlatMapMain.secondComplete(MonoFlatMap.java:245)
	at reactor.core.publisher.MonoFlatMap$FlatMapInner.onNext(MonoFlatMap.java:305)
	at reactor.core.publisher.MonoSubscribeOn$SubscribeOnSubscriber.onNext(MonoSubscribeOn.java:146)
	at reactor.core.publisher.MonoCreate$DefaultMonoSink.success(MonoCreate.java:176)
	at io.micronaut.http.client.netty.DefaultHttpClient$6.complete(DefaultHttpClient.java:1709)
	at io.micronaut.http.client.netty.Http1ResponseHandler$BufferedContent.complete(Http1ResponseHandler.java:218)
	at io.micronaut.http.client.netty.Http1ResponseHandler$BufferedContent.read(Http1ResponseHandler.java:181)
	at io.micronaut.http.client.netty.Http1ResponseHandler$BufferedContent.read(Http1ResponseHandler.java:153)
	at io.micronaut.http.client.netty.Http1ResponseHandler.channelReadInstrumented(Http1ResponseHandler.java:73)
	at io.micronaut.http.client.netty.Http1ResponseHandler.channelReadInstrumented(Http1ResponseHandler.java:48)
	at io.micronaut.http.client.netty.SimpleChannelInboundHandlerInstrumented.channelRead0(SimpleChannelInboundHandlerInstrumented.java:46)
	at io.netty.channel.SimpleChannelInboundHandler.channelRead(SimpleChannelInboundHandler.java:99)
	at io.netty.channel.AbstractChannelHandlerContext.invokeChannelRead(AbstractChannelHandlerContext.java:444)
	at io.netty.channel.AbstractChannelHandlerContext.invokeChannelRead(AbstractChannelHandlerContext.java:420)
	at io.netty.channel.AbstractChannelHandlerContext.fireChannelRead(AbstractChannelHandlerContext.java:412)
	at io.netty.handler.codec.MessageToMessageDecoder.channelRead(MessageToMessageDecoder.java:107)
	at io.netty.channel.AbstractChannelHandlerContext.invokeChannelRead(AbstractChannelHandlerContext.java:444)
	at io.netty.channel.AbstractChannelHandlerContext.invokeChannelRead(AbstractChannelHandlerContext.java:420)
	at io.netty.channel.AbstractChannelHandlerContext.fireChannelRead(AbstractChannelHandlerContext.java:412)
	at io.netty.channel.CombinedChannelDuplexHandler$DelegatingChannelHandlerContext.fireChannelRead(CombinedChannelDuplexHandler.java:436)
	at io.netty.handler.codec.ByteToMessageDecoder.fireChannelRead(ByteToMessageDecoder.java:346)
	at io.netty.handler.codec.ByteToMessageDecoder.channelRead(ByteToMessageDecoder.java:318)
	at io.netty.channel.CombinedChannelDuplexHandler.channelRead(CombinedChannelDuplexHandler.java:251)
	at io.netty.channel.AbstractChannelHandlerContext.invokeChannelRead(AbstractChannelHandlerContext.java:442)
	at io.netty.channel.AbstractChannelHandlerContext.invokeChannelRead(AbstractChannelHandlerContext.java:420)
	at io.netty.channel.AbstractChannelHandlerContext.fireChannelRead(AbstractChannelHandlerContext.java:412)
	at io.netty.handler.timeout.IdleStateHandler.channelRead(IdleStateHandler.java:289)
	at io.netty.channel.AbstractChannelHandlerContext.invokeChannelRead(AbstractChannelHandlerContext.java:442)
	at io.netty.channel.AbstractChannelHandlerContext.invokeChannelRead(AbstractChannelHandlerContext.java:420)
	at io.netty.channel.AbstractChannelHandlerContext.fireChannelRead(AbstractChannelHandlerContext.java:412)
	at io.netty.channel.DefaultChannelPipeline$HeadContext.channelRead(DefaultChannelPipeline.java:1357)
	at io.netty.channel.AbstractChannelHandlerContext.invokeChannelRead(AbstractChannelHandlerContext.java:440)
	at io.netty.channel.AbstractChannelHandlerContext.invokeChannelRead(AbstractChannelHandlerContext.java:420)
	at io.netty.channel.DefaultChannelPipeline.fireChannelRead(DefaultChannelPipeline.java:868)
	at io.netty.channel.nio.AbstractNioByteChannel$NioByteUnsafe.read(AbstractNioByteChannel.java:166)
	at io.netty.channel.nio.NioEventLoop.processSelectedKey(NioEventLoop.java:788)
	at io.netty.channel.nio.NioEventLoop.processSelectedKeysOptimized(NioEventLoop.java:724)
	at io.netty.channel.nio.NioEventLoop.processSelectedKeys(NioEventLoop.java:650)
	at io.netty.channel.nio.NioEventLoop.run(NioEventLoop.java:562)
	at io.netty.util.concurrent.SingleThreadEventExecutor$4.run(SingleThreadEventExecutor.java:997)
	at io.netty.util.internal.ThreadExecutorMap$2.run(ThreadExecutorMap.java:74)
	at io.netty.util.concurrent.FastThreadLocalRunnable.run(FastThreadLocalRunnable.java:30)
	at java.base/java.lang.Thread.run(Thread.java:1570)
	Suppressed: java.lang.Exception: #block terminated with an error
		at reactor.core.publisher.BlockingSingleSubscriber.blockingGet(BlockingSingleSubscriber.java:104)
		at reactor.core.publisher.Mono.block(Mono.java:1779)
		at io.micronaut.http.client.netty.DefaultHttpClient$1.exchange(DefaultHttpClient.java:615)
		at io.micronaut.http.client.BlockingHttpClient.exchange(BlockingHttpClient.java:77)
		at io.micronaut.http.client.BlockingHttpClient.exchange(BlockingHttpClient.java:91)
		at com.example.dataqueryservice.controller.ProductControllerTest.testGetProductByIdNotFound(ProductControllerTest.java:35)
		at java.base/java.lang.reflect.Method.invoke(Method.java:580)
		at io.micronaut.test.extensions.junit5.MicronautJunit5Extension$2.proceed(MicronautJunit5Extension.java:142)
		at io.micronaut.test.extensions.AbstractMicronautExtension.interceptEach(AbstractMicronautExtension.java:162)
		at io.micronaut.test.extensions.AbstractMicronautExtension.interceptTest(AbstractMicronautExtension.java:119)
		at io.micronaut.test.extensions.junit5.MicronautJunit5Extension.interceptTestMethod(MicronautJunit5Extension.java:129)
		at java.base/java.util.ArrayList.forEach(ArrayList.java:1597)
		at java.base/java.util.ArrayList.forEach(ArrayList.java:1597)
]]></error>
    <system-out><![CDATA[01:06:43.693 [main] DEBUG io.micronaut.context.DefaultApplicationContext$RuntimeConfiguredEnvironment -- Environment deduction is using the default of: true
01:06:43.697 [main] INFO io.micronaut.context.DefaultApplicationContext$RuntimeConfiguredEnvironment -- Established active environments: [test]
01:06:43.697 [main] DEBUG io.micronaut.context.DefaultApplicationContext$RuntimeConfiguredEnvironment -- Starting environment io.micronaut.context.DefaultApplicationContext$RuntimeConfiguredEnvironment@6d07a63d for active names [test]
01:06:43.701 [main] DEBUG io.micronaut.context.DefaultApplicationContext$RuntimeConfiguredEnvironment -- Reading property sources from loader: io.micronaut.context.env.PropertiesPropertySourceLoader@38ba6ce3
01:06:43.705 [main] DEBUG io.micronaut.context.env.PropertiesPropertySourceLoader -- No PropertySource found for file name: application.properties
01:06:43.706 [main] DEBUG io.micronaut.context.env.PropertiesPropertySourceLoader -- No PropertySource found for file name: application-test.properties
01:06:43.706 [main] DEBUG io.micronaut.context.DefaultApplicationContext$RuntimeConfiguredEnvironment -- Reading property sources from loader: io.micronaut.context.env.yaml.YamlPropertySourceLoader@1115ec15
01:06:43.707 [main] DEBUG io.micronaut.context.env.yaml.YamlPropertySourceLoader -- Found PropertySource for file name: application.yml
01:06:43.765 [main] DEBUG io.micronaut.context.env.yaml.YamlPropertySourceLoader -- No PropertySource found for file name: application-test.yml
01:06:43.765 [main] DEBUG io.micronaut.context.env.yaml.YamlPropertySourceLoader -- No PropertySource found for file name: application-test.yaml
01:06:43.765 [main] DEBUG io.micronaut.context.DefaultApplicationContext$RuntimeConfiguredEnvironment -- Reading property sources from loader: io.micronaut.jackson.core.env.CloudFoundryVcapApplicationPropertySourceLoader@4ce7fffa
01:06:43.765 [main] DEBUG io.micronaut.jackson.core.env.CloudFoundryVcapApplicationPropertySourceLoader -- No PropertySource found for file name: application.VCAP_APPLICATION
01:06:43.765 [main] DEBUG io.micronaut.jackson.core.env.CloudFoundryVcapApplicationPropertySourceLoader -- No PropertySource found for file name: application-test.VCAP_APPLICATION
01:06:43.765 [main] DEBUG io.micronaut.context.DefaultApplicationContext$RuntimeConfiguredEnvironment -- Reading property sources from loader: io.micronaut.jackson.core.env.JsonPropertySourceLoader@497486b3
01:06:43.765 [main] DEBUG io.micronaut.jackson.core.env.JsonPropertySourceLoader -- No PropertySource found for file name: application.json
01:06:43.765 [main] DEBUG io.micronaut.jackson.core.env.JsonPropertySourceLoader -- No PropertySource found for file name: application-test.json
01:06:43.765 [main] DEBUG io.micronaut.context.DefaultApplicationContext$RuntimeConfiguredEnvironment -- Reading property sources from loader: io.micronaut.jackson.core.env.EnvJsonPropertySourceLoader@63f8276e
01:06:43.765 [main] DEBUG io.micronaut.jackson.core.env.EnvJsonPropertySourceLoader -- No PropertySource found for file name: application.json
01:06:43.765 [main] DEBUG io.micronaut.jackson.core.env.EnvJsonPropertySourceLoader -- No PropertySource found for file name: application-test.json
01:06:43.765 [main] DEBUG io.micronaut.context.DefaultApplicationContext$RuntimeConfiguredEnvironment -- Reading property sources from loader: io.micronaut.jackson.core.env.CloudFoundryVcapServicesPropertySourceLoader@75f95314
01:06:43.765 [main] DEBUG io.micronaut.jackson.core.env.CloudFoundryVcapServicesPropertySourceLoader -- No PropertySource found for file name: application.VCAP_SERVICES
01:06:43.765 [main] DEBUG io.micronaut.jackson.core.env.CloudFoundryVcapServicesPropertySourceLoader -- No PropertySource found for file name: application-test.VCAP_SERVICES
01:06:43.768 [main] DEBUG io.micronaut.context.DefaultApplicationContext$RuntimeConfiguredEnvironment -- Processing property source: application
01:06:43.768 [main] DEBUG io.micronaut.context.DefaultApplicationContext$RuntimeConfiguredEnvironment -- Processing property source: env
01:06:43.771 [main] DEBUG io.micronaut.context.DefaultApplicationContext$RuntimeConfiguredEnvironment -- Processing property source: system
01:06:43.772 [main] DEBUG io.micronaut.context.DefaultApplicationContext$RuntimeConfiguredEnvironment -- Processing property source: test-properties
01:06:43.781 [main] DEBUG io.micronaut.context.DefaultBeanContext -- Finding candidate beans for type: DefaultEnvironment
01:06:43.781 [main] DEBUG io.micronaut.context.DefaultBeanContext -- No bean candidates found for type: DefaultEnvironment
01:06:43.783 [main] DEBUG io.micronaut.context.DefaultBeanContext -- Starting BeanContext
01:06:43.787 [main] DEBUG io.micronaut.context.condition.Condition -- Configuration: io.micronaut.security.x509 will not be loaded due to failing conditions:
01:06:43.787 [main] DEBUG io.micronaut.context.condition.Condition -- * Required property [micronaut.security.x509.enabled] with value [true] not present
01:06:43.787 [main] DEBUG io.micronaut.context.DefaultBeanContext -- Finding candidate beans for type: HttpClientRegistry
01:06:43.788 [main] DEBUG io.micronaut.context.DefaultBeanContext --   class io.micronaut.http.client.netty.DefaultNettyHttpClientRegistry null Definition: io.micronaut.http.client.netty.DefaultNettyHttpClientRegistry
01:06:43.795 [main] DEBUG io.micronaut.context.DefaultBeanContext -- Finding candidate beans for type: BeanCreatedEventListener
01:06:43.795 [main] DEBUG io.micronaut.context.condition.Condition -- Bean [Definition: io.micronaut.web.router.version.VersionAwareRouterListener] will not be loaded due to failing conditions:
01:06:43.795 [main] DEBUG io.micronaut.context.condition.Condition -- * Required property [micronaut.router.versioning.enabled] with value [true] not present
01:06:43.798 [main] DEBUG io.micronaut.context.condition.Condition -- Bean [io.micronaut.tracing.opentelemetry.xray.$SdkClientBuilderListener$Definition] will not be loaded due to failing conditions:
01:06:43.798 [main] DEBUG io.micronaut.context.condition.Condition -- * Class [io.opentelemetry.instrumentation.awssdk.v2_2.AwsSdkTelemetry] is not present
01:06:43.799 [main] DEBUG io.micronaut.context.DefaultBeanContext --   class io.micronaut.context.propagation.instrument.execution.ExecutorServiceInstrumenter null Definition: io.micronaut.context.propagation.instrument.execution.ExecutorServiceInstrumenter
01:06:43.799 [main] DEBUG io.micronaut.context.DefaultBeanContext -- Finding candidate beans for type: BeanInitializedEventListener
01:06:43.799 [main] DEBUG io.micronaut.context.DefaultBeanContext -- No bean candidates found for type: BeanInitializedEventListener
01:06:43.799 [main] DEBUG io.micronaut.context.DefaultBeanContext -- Resolving beans for type: io.micronaut.core.convert.TypeConverter
01:06:43.799 [main] DEBUG io.micronaut.context.DefaultBeanContext -- Finding candidate beans for type: TypeConverter
01:06:43.799 [main] DEBUG io.micronaut.context.DefaultBeanContext --   class io.micronaut.security.token.jwt.converters.JWEAlgorithmConverter null Definition: io.micronaut.security.token.jwt.converters.JWEAlgorithmConverter
01:06:43.799 [main] DEBUG io.micronaut.context.DefaultBeanContext --   class io.micronaut.security.token.jwt.converters.KeyTypeConverter null Definition: io.micronaut.security.token.jwt.converters.KeyTypeConverter
01:06:43.800 [main] DEBUG io.micronaut.context.DefaultBeanContext --   class io.micronaut.security.config.InterceptUrlMapConverter null Definition: io.micronaut.security.config.InterceptUrlMapConverter
01:06:43.800 [main] DEBUG io.micronaut.context.DefaultBeanContext --   class io.micronaut.security.token.jwt.converters.JWSAlgorithmConverter null Definition: io.micronaut.security.token.jwt.converters.JWSAlgorithmConverter
01:06:43.800 [main] DEBUG io.micronaut.context.DefaultBeanContext --   class io.micronaut.security.token.jwt.converters.EncryptionMethodConverter null Definition: io.micronaut.security.token.jwt.converters.EncryptionMethodConverter
01:06:43.805 [main] DEBUG io.micronaut.context.lifecycle -- Created bean [io.micronaut.security.token.jwt.converters.JWEAlgorithmConverter@13518f37] from definition [Definition: io.micronaut.security.token.jwt.converters.JWEAlgorithmConverter] with qualifier [null]
01:06:43.805 [main] DEBUG io.micronaut.context.DefaultBeanContext -- Found a registration BeanRegistration: io.micronaut.security.token.jwt.converters.JWEAlgorithmConverter@13518f37 for candidate: Definition: io.micronaut.security.token.jwt.converters.JWEAlgorithmConverter with qualifier: null
01:06:43.805 [main] DEBUG io.micronaut.context.lifecycle -- Created bean [io.micronaut.security.token.jwt.converters.KeyTypeConverter@8692d67] from definition [Definition: io.micronaut.security.token.jwt.converters.KeyTypeConverter] with qualifier [null]
01:06:43.805 [main] DEBUG io.micronaut.context.DefaultBeanContext -- Found a registration BeanRegistration: io.micronaut.security.token.jwt.converters.KeyTypeConverter@8692d67 for candidate: Definition: io.micronaut.security.token.jwt.converters.KeyTypeConverter with qualifier: null
01:06:43.805 [main] DEBUG io.micronaut.context.lifecycle -- Created bean [io.micronaut.security.config.InterceptUrlMapConverter@2f48b3d2] from definition [Definition: io.micronaut.security.config.InterceptUrlMapConverter] with qualifier [null]
01:06:43.805 [main] DEBUG io.micronaut.context.DefaultBeanContext -- Found a registration BeanRegistration: io.micronaut.security.config.InterceptUrlMapConverter@2f48b3d2 for candidate: Definition: io.micronaut.security.config.InterceptUrlMapConverter with qualifier: null
01:06:43.805 [main] DEBUG io.micronaut.context.lifecycle -- Created bean [io.micronaut.security.token.jwt.converters.JWSAlgorithmConverter@753432a2] from definition [Definition: io.micronaut.security.token.jwt.converters.JWSAlgorithmConverter] with qualifier [null]
01:06:43.805 [main] DEBUG io.micronaut.context.DefaultBeanContext -- Found a registration BeanRegistration: io.micronaut.security.token.jwt.converters.JWSAlgorithmConverter@753432a2 for candidate: Definition: io.micronaut.security.token.jwt.converters.JWSAlgorithmConverter with qualifier: null
01:06:43.805 [main] DEBUG io.micronaut.context.lifecycle -- Created bean [io.micronaut.security.token.jwt.converters.EncryptionMethodConverter@4983159f] from definition [Definition: io.micronaut.security.token.jwt.converters.EncryptionMethodConverter] with qualifier [null]
01:06:43.805 [main] DEBUG io.micronaut.context.DefaultBeanContext -- Found a registration BeanRegistration: io.micronaut.security.token.jwt.converters.EncryptionMethodConverter@4983159f for candidate: Definition: io.micronaut.security.token.jwt.converters.EncryptionMethodConverter with qualifier: null
01:06:43.805 [main] DEBUG io.micronaut.context.DefaultBeanContext -- Resolving beans for type: io.micronaut.core.convert.TypeConverterRegistrar
01:06:43.805 [main] DEBUG io.micronaut.context.DefaultBeanContext -- Finding candidate beans for type: TypeConverterRegistrar
01:06:43.805 [main] DEBUG io.micronaut.context.condition.Condition -- Bean [Definition: io.micronaut.http.netty.channel.converters.KQueueChannelOptionFactory] will not be loaded due to failing conditions:
01:06:43.805 [main] DEBUG io.micronaut.context.condition.Condition -- * Class [io.netty.channel.kqueue.KQueue] is not present
01:06:43.805 [main] DEBUG io.micronaut.context.condition.Condition -- Bean [Definition: io.micronaut.reactor.convert.ReactorToRxJava2ConverterRegistrar] will not be loaded due to failing conditions:
01:06:43.806 [main] DEBUG io.micronaut.context.condition.Condition -- * Class [io.reactivex.Maybe] is not present
01:06:43.806 [main] DEBUG io.micronaut.context.condition.Condition -- Bean [Definition: io.micronaut.reactor.convert.ReactorToRxJava3ConverterRegistrar] will not be loaded due to failing conditions:
01:06:43.806 [main] DEBUG io.micronaut.context.condition.Condition -- * Class [io.reactivex.rxjava3.core.Maybe] is not present
01:06:43.806 [main] DEBUG io.micronaut.context.DefaultBeanContext --   class io.micronaut.json.convert.JsonConverterRegistrar null Definition: io.micronaut.json.convert.JsonConverterRegistrar
01:06:43.806 [main] DEBUG io.micronaut.context.DefaultBeanContext --   class io.micronaut.http.server.netty.converters.NettyConverters null Definition: io.micronaut.http.server.netty.converters.NettyConverters
01:06:43.806 [main] DEBUG io.micronaut.context.DefaultBeanContext --   class io.micronaut.jackson.databind.convert.JacksonConverterRegistrar null Definition: io.micronaut.jackson.databind.convert.JacksonConverterRegistrar
01:06:43.806 [main] DEBUG io.micronaut.context.DefaultBeanContext --   class io.micronaut.http.converters.HttpConverterRegistrar null Definition: io.micronaut.http.converters.HttpConverterRegistrar
01:06:43.807 [main] DEBUG io.micronaut.core.reflect.ClassUtils -- Attempting to dynamically load class io.micronaut.context.annotation.Prototype
01:06:43.807 [main] DEBUG io.micronaut.core.reflect.ClassUtils -- Successfully loaded class io.micronaut.context.annotation.Prototype
01:06:43.807 [main] DEBUG io.micronaut.context.DefaultBeanContext -- Finding candidate beans for type: BeanProvider<JsonMapper T> objectCodec
01:06:43.807 [main] DEBUG io.micronaut.context.DefaultBeanContext --   interface io.micronaut.context.BeanProvider null io.micronaut.inject.provider.BeanProviderDefinition@19d5692c
01:06:43.807 [main] DEBUG io.micronaut.context.DefaultBeanContext -- Found concrete candidate [io.micronaut.inject.provider.BeanProviderDefinition@19d5692c] for type: objectCodec 
01:06:43.807 [main] DEBUG io.micronaut.context.lifecycle -- Created bean [io.micronaut.inject.provider.BeanProviderDefinition$1@424ebba3] from definition [io.micronaut.inject.provider.BeanProviderDefinition@19d5692c] with qualifier [null]
01:06:43.807 [main] DEBUG io.micronaut.context.DefaultBeanContext -- Finding candidate beans for type: BeanProvider<BeanPropertyBinder T> beanPropertyBinder
01:06:43.807 [main] DEBUG io.micronaut.context.DefaultBeanContext --   interface io.micronaut.context.BeanProvider null io.micronaut.inject.provider.BeanProviderDefinition@19d5692c
01:06:43.807 [main] DEBUG io.micronaut.context.DefaultBeanContext -- Found concrete candidate [io.micronaut.inject.provider.BeanProviderDefinition@19d5692c] for type: beanPropertyBinder 
01:06:43.808 [main] DEBUG io.micronaut.context.lifecycle -- Created bean [io.micronaut.inject.provider.BeanProviderDefinition$1@2320fa6f] from definition [io.micronaut.inject.provider.BeanProviderDefinition@19d5692c] with qualifier [null]
01:06:43.808 [main] DEBUG io.micronaut.context.lifecycle -- Created bean [io.micronaut.json.convert.JsonConverterRegistrar@7a560583] from definition [Definition: io.micronaut.json.convert.JsonConverterRegistrar] with qualifier [null]
01:06:43.808 [main] DEBUG io.micronaut.context.DefaultBeanContext -- Found a registration BeanRegistration: io.micronaut.json.convert.JsonConverterRegistrar@7a560583 for candidate: Definition: io.micronaut.json.convert.JsonConverterRegistrar with qualifier: null
01:06:43.808 [main] DEBUG io.micronaut.core.reflect.ClassUtils -- Attempting to dynamically load class io.micronaut.context.annotation.Prototype
01:06:43.808 [main] DEBUG io.micronaut.core.reflect.ClassUtils -- Successfully loaded class io.micronaut.context.annotation.Prototype
01:06:43.808 [main] DEBUG io.micronaut.context.DefaultBeanContext -- Finding candidate beans for type: BeanProvider<MediaTypeCodecRegistry T> decoderRegistryProvider
01:06:43.808 [main] DEBUG io.micronaut.context.DefaultBeanContext --   interface io.micronaut.context.BeanProvider null io.micronaut.inject.provider.BeanProviderDefinition@19d5692c
01:06:43.808 [main] DEBUG io.micronaut.context.DefaultBeanContext -- Found concrete candidate [io.micronaut.inject.provider.BeanProviderDefinition@19d5692c] for type: decoderRegistryProvider 
01:06:43.808 [main] DEBUG io.micronaut.context.lifecycle -- Created bean [io.micronaut.inject.provider.BeanProviderDefinition$1@37efd131] from definition [io.micronaut.inject.provider.BeanProviderDefinition@19d5692c] with qualifier [null]
01:06:43.808 [main] DEBUG io.micronaut.context.DefaultBeanContext -- Finding candidate beans for type: BeanProvider<MessageBodyHandlerRegistry T> messageBodyHandlerRegistries
01:06:43.808 [main] DEBUG io.micronaut.context.DefaultBeanContext --   interface io.micronaut.context.BeanProvider null io.micronaut.inject.provider.BeanProviderDefinition@19d5692c
01:06:43.808 [main] DEBUG io.micronaut.context.DefaultBeanContext -- Found concrete candidate [io.micronaut.inject.provider.BeanProviderDefinition@19d5692c] for type: messageBodyHandlerRegistries 
01:06:43.808 [main] DEBUG io.micronaut.context.lifecycle -- Created bean [io.micronaut.inject.provider.BeanProviderDefinition$1@7e5d9a50] from definition [io.micronaut.inject.provider.BeanProviderDefinition@19d5692c] with qualifier [null]
01:06:43.808 [main] DEBUG io.micronaut.context.DefaultBeanContext -- Finding candidate beans for type: BeanProvider<ChannelOptionFactory T> channelOptionFactory
01:06:43.808 [main] DEBUG io.micronaut.context.DefaultBeanContext --   interface io.micronaut.context.BeanProvider null io.micronaut.inject.provider.BeanProviderDefinition@19d5692c
01:06:43.808 [main] DEBUG io.micronaut.context.DefaultBeanContext -- Found concrete candidate [io.micronaut.inject.provider.BeanProviderDefinition@19d5692c] for type: channelOptionFactory 
01:06:43.808 [main] DEBUG io.micronaut.context.lifecycle -- Created bean [io.micronaut.inject.provider.BeanProviderDefinition$1@293a5f75] from definition [io.micronaut.inject.provider.BeanProviderDefinition@19d5692c] with qualifier [null]
01:06:43.808 [main] DEBUG io.micronaut.context.lifecycle -- Created bean [io.micronaut.http.server.netty.converters.NettyConverters@fcb4004] from definition [Definition: io.micronaut.http.server.netty.converters.NettyConverters] with qualifier [null]
01:06:43.808 [main] DEBUG io.micronaut.context.DefaultBeanContext -- Found a registration BeanRegistration: io.micronaut.http.server.netty.converters.NettyConverters@fcb4004 for candidate: Definition: io.micronaut.http.server.netty.converters.NettyConverters with qualifier: null
01:06:43.808 [main] DEBUG io.micronaut.core.reflect.ClassUtils -- Attempting to dynamically load class io.micronaut.context.annotation.Prototype
01:06:43.808 [main] DEBUG io.micronaut.core.reflect.ClassUtils -- Successfully loaded class io.micronaut.context.annotation.Prototype
01:06:43.808 [main] DEBUG io.micronaut.context.DefaultBeanContext -- Finding candidate beans for type: BeanProvider<ObjectMapper T> objectMapper
01:06:43.808 [main] DEBUG io.micronaut.context.DefaultBeanContext --   interface io.micronaut.context.BeanProvider null io.micronaut.inject.provider.BeanProviderDefinition@19d5692c
01:06:43.808 [main] DEBUG io.micronaut.context.DefaultBeanContext -- Found concrete candidate [io.micronaut.inject.provider.BeanProviderDefinition@19d5692c] for type: objectMapper 
01:06:43.808 [main] DEBUG io.micronaut.context.lifecycle -- Created bean [io.micronaut.inject.provider.BeanProviderDefinition$1@53142455] from definition [io.micronaut.inject.provider.BeanProviderDefinition@19d5692c] with qualifier [null]
01:06:43.809 [main] DEBUG io.micronaut.context.lifecycle -- Created bean [io.micronaut.jackson.databind.convert.JacksonConverterRegistrar@40dff0b7] from definition [Definition: io.micronaut.jackson.databind.convert.JacksonConverterRegistrar] with qualifier [null]
01:06:43.809 [main] DEBUG io.micronaut.context.DefaultBeanContext -- Found a registration BeanRegistration: io.micronaut.jackson.databind.convert.JacksonConverterRegistrar@40dff0b7 for candidate: Definition: io.micronaut.jackson.databind.convert.JacksonConverterRegistrar with qualifier: null
01:06:43.809 [main] DEBUG io.micronaut.core.reflect.ClassUtils -- Attempting to dynamically load class io.micronaut.context.annotation.Prototype
01:06:43.809 [main] DEBUG io.micronaut.core.reflect.ClassUtils -- Successfully loaded class io.micronaut.context.annotation.Prototype
01:06:43.809 [main] DEBUG io.micronaut.context.DefaultBeanContext -- Finding candidate beans for type: BeanProvider<ResourceResolver T> resourceResolver
01:06:43.809 [main] DEBUG io.micronaut.context.DefaultBeanContext --   interface io.micronaut.context.BeanProvider null io.micronaut.inject.provider.BeanProviderDefinition@19d5692c
01:06:43.809 [main] DEBUG io.micronaut.context.DefaultBeanContext -- Found concrete candidate [io.micronaut.inject.provider.BeanProviderDefinition@19d5692c] for type: resourceResolver 
01:06:43.810 [main] DEBUG io.micronaut.context.lifecycle -- Created bean [io.micronaut.inject.provider.BeanProviderDefinition$1@60975100] from definition [io.micronaut.inject.provider.BeanProviderDefinition@19d5692c] with qualifier [null]
01:06:43.810 [main] DEBUG io.micronaut.context.lifecycle -- Created bean [io.micronaut.http.converters.HttpConverterRegistrar@1253e7cb] from definition [Definition: io.micronaut.http.converters.HttpConverterRegistrar] with qualifier [null]
01:06:43.810 [main] DEBUG io.micronaut.context.DefaultBeanContext -- Found a registration BeanRegistration: io.micronaut.http.converters.HttpConverterRegistrar@1253e7cb for candidate: Definition: io.micronaut.http.converters.HttpConverterRegistrar with qualifier: null
01:06:43.810 [main] DEBUG io.micronaut.context.DefaultBeanContext -- Found 4 bean registrations for type [typeConverterRegistrar]
01:06:43.810 [main] DEBUG io.micronaut.context.DefaultBeanContext --   Definition: io.micronaut.json.convert.JsonConverterRegistrar null
01:06:43.810 [main] DEBUG io.micronaut.context.DefaultBeanContext --   Definition: io.micronaut.http.server.netty.converters.NettyConverters null
01:06:43.810 [main] DEBUG io.micronaut.context.DefaultBeanContext --   Definition: io.micronaut.jackson.databind.convert.JacksonConverterRegistrar null
01:06:43.810 [main] DEBUG io.micronaut.context.DefaultBeanContext --   Definition: io.micronaut.http.converters.HttpConverterRegistrar null
01:06:43.813 [main] DEBUG io.micronaut.context.condition.Condition -- Bean [Definition: io.micronaut.logging.PropertiesLoggingLevelsConfigurer] will not be loaded due to failing conditions:
01:06:43.813 [main] DEBUG io.micronaut.context.condition.Condition -- * Required property [logger] not present
01:06:43.814 [main] DEBUG io.micronaut.context.condition.Condition -- Bean [Definition: io.micronaut.buffer.netty.DefaultByteBufAllocatorConfiguration] will not be loaded due to failing conditions:
01:06:43.814 [main] DEBUG io.micronaut.context.condition.Condition -- * Required property [netty.default.allocator] not present
01:06:43.814 [main] DEBUG io.micronaut.context.condition.Condition -- Bean [Definition: io.micronaut.reactor.instrument.ReactorAutomaticContextPropagation] will not be loaded due to failing conditions:
01:06:43.814 [main] DEBUG io.micronaut.context.condition.Condition -- * Class [io.micrometer.context.ContextRegistry] is not present
01:06:43.822 [main] DEBUG io.micronaut.context.DefaultBeanContext -- Finding candidate beans for type: BeanDefinitionValidator
01:06:43.823 [main] DEBUG io.micronaut.context.DefaultBeanContext --   class io.micronaut.validation.validator.DefaultValidator null Definition: io.micronaut.validation.validator.DefaultValidator
01:06:43.823 [main] DEBUG io.micronaut.context.DefaultBeanContext -- Found concrete candidate [Definition: io.micronaut.validation.validator.DefaultValidator] for type: beanDefinitionValidator 
01:06:43.826 [main] DEBUG io.micronaut.context.DefaultBeanContext -- Finding candidate beans for type: ValidatorConfiguration configuration
01:06:43.826 [main] DEBUG io.micronaut.context.DefaultBeanContext --   class io.micronaut.validation.validator.DefaultValidatorConfiguration null Definition: io.micronaut.validation.validator.DefaultValidatorConfiguration
01:06:43.826 [main] DEBUG io.micronaut.context.DefaultBeanContext -- Found concrete candidate [Definition: io.micronaut.validation.validator.DefaultValidatorConfiguration] for type: configuration 
01:06:43.826 [main] DEBUG io.micronaut.context.DefaultBeanContext -- Finding candidate beans for type: InternalConstraintValidatorFactory constraintValidatorFactory
01:06:43.826 [main] DEBUG io.micronaut.context.DefaultBeanContext --   class io.micronaut.validation.validator.constraints.DefaultInternalConstraintValidatorFactory null Definition: io.micronaut.validation.validator.constraints.DefaultInternalConstraintValidatorFactory
01:06:43.826 [main] DEBUG io.micronaut.context.DefaultBeanContext -- Found concrete candidate [Definition: io.micronaut.validation.validator.constraints.DefaultInternalConstraintValidatorFactory] for type: constraintValidatorFactory 
01:06:43.826 [main] DEBUG io.micronaut.context.lifecycle -- Created bean [io.micronaut.validation.validator.constraints.DefaultInternalConstraintValidatorFactory@4bd1f8dd] from definition [Definition: io.micronaut.validation.validator.constraints.DefaultInternalConstraintValidatorFactory] with qualifier [null]
01:06:43.826 [main] DEBUG io.micronaut.context.DefaultBeanContext -- Finding candidate beans for type: ConstraintValidatorRegistry constraintValidatorRegistry
01:06:43.827 [main] DEBUG io.micronaut.context.DefaultBeanContext --   class io.micronaut.validation.validator.constraints.DefaultConstraintValidators null Definition: io.micronaut.validation.validator.constraints.DefaultConstraintValidators
01:06:43.827 [main] DEBUG io.micronaut.context.DefaultBeanContext -- Found concrete candidate [Definition: io.micronaut.validation.validator.constraints.DefaultConstraintValidators] for type: constraintValidatorRegistry 
01:06:43.871 [main] DEBUG io.micronaut.core.beans.DefaultBeanIntrospector -- Found BeanIntrospection for type: class io.micronaut.validation.validator.constraints.InternalConstraintValidators,
01:06:43.876 [main] DEBUG io.micronaut.context.lifecycle -- Created bean [io.micronaut.validation.validator.constraints.DefaultConstraintValidators@2cae1042] from definition [Definition: io.micronaut.validation.validator.constraints.DefaultConstraintValidators] with qualifier [null]
01:06:43.877 [main] DEBUG io.micronaut.context.DefaultBeanContext -- Finding candidate beans for type: ValueExtractorRegistry valueExtractorRegistry
01:06:43.877 [main] DEBUG io.micronaut.context.DefaultBeanContext --   class io.micronaut.validation.validator.extractors.DefaultValueExtractors null Definition: io.micronaut.validation.validator.extractors.DefaultValueExtractors
01:06:43.877 [main] DEBUG io.micronaut.context.DefaultBeanContext -- Found concrete candidate [Definition: io.micronaut.validation.validator.extractors.DefaultValueExtractors] for type: valueExtractorRegistry 
01:06:43.877 [main] DEBUG io.micronaut.core.beans.DefaultBeanIntrospector -- Found BeanIntrospection for type: class io.micronaut.validation.validator.extractors.InternalValueExtractors,
01:06:43.878 [main] DEBUG io.micronaut.context.DefaultBeanContext -- Finding candidate beans for type: ValueExtractor
01:06:43.878 [main] DEBUG io.micronaut.context.DefaultBeanContext -- No bean candidates found for type: ValueExtractor
01:06:43.878 [main] DEBUG io.micronaut.context.lifecycle -- Created bean [io.micronaut.validation.validator.extractors.DefaultValueExtractors@5b444398] from definition [Definition: io.micronaut.validation.validator.extractors.DefaultValueExtractors] with qualifier [null]
01:06:43.878 [main] DEBUG io.micronaut.context.DefaultBeanContext -- Finding candidate beans for type: ClockProvider clockProvider
01:06:43.879 [main] DEBUG io.micronaut.context.DefaultBeanContext --   class io.micronaut.validation.validator.DefaultClockProvider null Definition: io.micronaut.validation.validator.DefaultClockProvider
01:06:43.879 [main] DEBUG io.micronaut.context.DefaultBeanContext -- Found concrete candidate [Definition: io.micronaut.validation.validator.DefaultClockProvider] for type: clockProvider 
01:06:43.879 [main] DEBUG io.micronaut.context.lifecycle -- Created bean [io.micronaut.validation.validator.DefaultClockProvider@a776e] from definition [Definition: io.micronaut.validation.validator.DefaultClockProvider] with qualifier [null]
01:06:43.879 [main] DEBUG io.micronaut.context.DefaultBeanContext -- Finding candidate beans for type: TraversableResolver traversableResolver
01:06:43.879 [main] DEBUG io.micronaut.context.DefaultBeanContext --   class io.micronaut.validation.validator.resolver.CompositeTraversableResolver null Definition: io.micronaut.validation.validator.resolver.CompositeTraversableResolver
01:06:43.879 [main] DEBUG io.micronaut.context.DefaultBeanContext -- Found concrete candidate [Definition: io.micronaut.validation.validator.resolver.CompositeTraversableResolver] for type: traversableResolver 
01:06:43.879 [main] DEBUG io.micronaut.context.DefaultBeanContext -- Resolving beans for type: jakarta.validation.TraversableResolver
01:06:43.879 [main] DEBUG io.micronaut.context.DefaultBeanContext -- Finding candidate beans for type: TraversableResolver E
01:06:43.879 [main] DEBUG io.micronaut.context.DefaultBeanContext --   class io.micronaut.validation.validator.resolver.CompositeTraversableResolver null Definition: io.micronaut.validation.validator.resolver.CompositeTraversableResolver
01:06:43.879 [main] DEBUG io.micronaut.context.lifecycle -- Created bean [io.micronaut.validation.validator.resolver.CompositeTraversableResolver@1f2f9244] from definition [Definition: io.micronaut.validation.validator.resolver.CompositeTraversableResolver] with qualifier [null]
01:06:43.879 [main] DEBUG io.micronaut.context.DefaultBeanContext -- Finding candidate beans for type: MessageInterpolator messageInterpolator
01:06:43.879 [main] DEBUG io.micronaut.context.DefaultBeanContext --   class io.micronaut.validation.validator.messages.DefaultMessageInterpolator null Definition: io.micronaut.validation.validator.messages.DefaultMessageInterpolator
01:06:43.879 [main] DEBUG io.micronaut.context.DefaultBeanContext -- Found concrete candidate [Definition: io.micronaut.validation.validator.messages.DefaultMessageInterpolator] for type: messageInterpolator 
01:06:43.879 [main] DEBUG io.micronaut.context.DefaultBeanContext -- Finding candidate beans for type: MessageSource messageSource
01:06:43.879 [main] DEBUG io.micronaut.context.DefaultBeanContext --   class io.micronaut.validation.validator.messages.DefaultMessages null Definition: io.micronaut.validation.validator.messages.DefaultMessages
01:06:43.880 [main] DEBUG io.micronaut.context.DefaultBeanContext --   class io.micronaut.runtime.context.CompositeMessageSource null Definition: io.micronaut.runtime.context.CompositeMessageSource
01:06:43.880 [main] DEBUG io.micronaut.context.DefaultBeanContext -- Searching for @Primary for type [messageSource] from candidates: [Definition: io.micronaut.validation.validator.messages.DefaultMessages, Definition: io.micronaut.runtime.context.CompositeMessageSource] 
01:06:43.880 [main] DEBUG io.micronaut.context.DefaultBeanContext -- Found concrete candidate [Definition: io.micronaut.runtime.context.CompositeMessageSource] for type: messageSource 
01:06:43.881 [main] DEBUG io.micronaut.context.DefaultBeanContext -- Resolving beans for type: io.micronaut.context.MessageSource
01:06:43.881 [main] DEBUG io.micronaut.context.DefaultBeanContext -- Finding candidate beans for type: MessageSource E
01:06:43.881 [main] DEBUG io.micronaut.context.DefaultBeanContext --   class io.micronaut.validation.validator.messages.DefaultMessages null Definition: io.micronaut.validation.validator.messages.DefaultMessages
01:06:43.881 [main] DEBUG io.micronaut.context.DefaultBeanContext --   class io.micronaut.runtime.context.CompositeMessageSource null Definition: io.micronaut.runtime.context.CompositeMessageSource
01:06:43.881 [main] DEBUG io.micronaut.core.reflect.ClassUtils -- Attempting to dynamically load class io.micronaut.context.annotation.Prototype
01:06:43.881 [main] DEBUG io.micronaut.core.reflect.ClassUtils -- Successfully loaded class io.micronaut.context.annotation.Prototype
01:06:43.881 [main] DEBUG io.micronaut.context.lifecycle -- Created bean [io.micronaut.validation.validator.messages.DefaultMessages@5f031ebd] from definition [Definition: io.micronaut.validation.validator.messages.DefaultMessages] with qualifier [null]
01:06:43.881 [main] DEBUG io.micronaut.context.DefaultBeanContext -- Found a registration BeanRegistration: io.micronaut.validation.validator.messages.DefaultMessages@5f031ebd for candidate: Definition: io.micronaut.validation.validator.messages.DefaultMessages with qualifier: null
01:06:43.881 [main] DEBUG io.micronaut.context.DefaultBeanContext -- Found 1 bean registrations for type [E]
01:06:43.881 [main] DEBUG io.micronaut.context.DefaultBeanContext --   Definition: io.micronaut.validation.validator.messages.DefaultMessages null
01:06:43.881 [main] DEBUG io.micronaut.context.lifecycle -- Created bean [io.micronaut.runtime.context.CompositeMessageSource@4ee37ca3] from definition [Definition: io.micronaut.runtime.context.CompositeMessageSource] with qualifier [null]
01:06:43.881 [main] DEBUG io.micronaut.context.lifecycle -- Created bean [io.micronaut.validation.validator.messages.DefaultMessageInterpolator@45c8d09f] from definition [Definition: io.micronaut.validation.validator.messages.DefaultMessageInterpolator] with qualifier [null]
01:06:43.881 [main] DEBUG io.micronaut.context.lifecycle -- Created bean [io.micronaut.validation.validator.DefaultValidatorConfiguration@422c3c7a] from definition [Definition: io.micronaut.validation.validator.DefaultValidatorConfiguration] with qualifier [null]
01:06:43.881 [main] DEBUG io.micronaut.context.lifecycle -- Created bean [io.micronaut.validation.validator.DefaultValidator@18230356] from definition [Definition: io.micronaut.validation.validator.DefaultValidator] with qualifier [null]
01:06:43.885 [main] DEBUG io.micronaut.core.beans.DefaultBeanIntrospector -- No BeanIntrospection found for bean type: interface jakarta.validation.groups.Default
01:06:43.888 [main] DEBUG io.micronaut.core.beans.DefaultBeanIntrospector -- Found BeanIntrospection for type: class io.micronaut.security.token.jwt.signature.secret.SecretSignatureConfiguration,
01:06:43.891 [main] DEBUG io.micronaut.context.lifecycle -- Created bean [io.micronaut.security.token.jwt.signature.secret.SecretSignatureConfiguration@636e8cc] from definition [Definition: io.micronaut.security.token.jwt.signature.secret.SecretSignatureConfiguration] with qualifier [@Named('generator')]
01:06:43.891 [main] DEBUG io.micronaut.context.DefaultBeanContext -- Finding candidate beans for type: ReactorConfiguration configuration
01:06:43.891 [main] DEBUG io.micronaut.context.DefaultBeanContext --   class io.micronaut.reactor.config.ReactorConfiguration null Definition: io.micronaut.reactor.config.ReactorConfiguration
01:06:43.891 [main] DEBUG io.micronaut.context.DefaultBeanContext -- Found concrete candidate [Definition: io.micronaut.reactor.config.ReactorConfiguration] for type: configuration 
01:06:43.891 [main] DEBUG io.micronaut.context.lifecycle -- Created bean [ReactorConfiguration[enableAutomaticContextPropagation=null, enableScheduleHookContextPropagation=null]] from definition [Definition: io.micronaut.reactor.config.ReactorConfiguration] with qualifier [null]
01:06:43.895 [main] DEBUG reactor.util.Loggers -- Using Slf4j logging framework
01:06:43.895 [main] DEBUG io.micronaut.context.lifecycle -- Created bean [io.micronaut.reactor.instrument.ReactorInstrumentation@6cbcf243] from definition [Definition: io.micronaut.reactor.instrument.ReactorInstrumentation] with qualifier [null]
01:06:43.896 [main] DEBUG io.micronaut.core.beans.DefaultBeanIntrospector -- Found BeanIntrospection for type: class io.micronaut.health.HeartbeatDiscoveryClientCondition,
01:06:43.896 [main] DEBUG io.micronaut.context.DefaultBeanContext -- Finding candidate beans for type: DiscoveryClient
01:06:43.896 [main] DEBUG io.micronaut.context.DefaultBeanContext --   class io.micronaut.discovery.DefaultCompositeDiscoveryClient null Definition: io.micronaut.discovery.DefaultCompositeDiscoveryClient
01:06:43.897 [main] DEBUG io.micronaut.context.condition.Condition -- Bean [Definition: io.micronaut.health.HeartbeatTask] will not be loaded due to failing conditions:
01:06:43.897 [main] DEBUG io.micronaut.context.condition.Condition -- * Heartbeat not enabled since no Discovery client active
01:06:43.897 [main] DEBUG io.micronaut.context.condition.Condition -- * Custom condition [class io.micronaut.health.HeartbeatDiscoveryClientCondition] failed evaluation
01:06:43.897 [main] DEBUG io.micronaut.context.DefaultBeanContext -- Finding candidate beans for type: EmbeddedServer
01:06:43.897 [main] DEBUG io.micronaut.context.condition.Condition -- Bean [Definition: io.micronaut.test.support.server.TestExecutableEmbeddedServer] will not be loaded due to failing conditions:
01:06:43.897 [main] DEBUG io.micronaut.context.condition.Condition -- * Required property [micronaut.test.server.executable] not present
01:06:43.897 [main] DEBUG io.micronaut.context.condition.Condition -- Bean [Definition: io.micronaut.test.support.server.TestEmbeddedServer] will not be loaded due to failing conditions:
01:06:43.897 [main] DEBUG io.micronaut.context.condition.Condition -- * Required property [micronaut.test.server.url] not present
01:06:43.897 [main] DEBUG io.micronaut.context.DefaultBeanContext --   interface io.micronaut.http.server.netty.NettyEmbeddedServer null Definition: io.micronaut.http.server.netty.DefaultNettyEmbeddedServerFactory
01:06:43.900 [main] DEBUG io.micronaut.context.DefaultBeanContext -- Resolving beans for type: <Scheduled> io.micronaut.context.processor.ExecutableMethodProcessor 
01:06:43.900 [main] DEBUG io.micronaut.context.DefaultBeanContext -- Finding candidate beans for type: ExecutableMethodProcessor
01:06:43.901 [main] DEBUG io.micronaut.context.DefaultBeanContext --   class io.micronaut.scheduling.processor.ScheduledMethodProcessor null Definition: io.micronaut.scheduling.processor.ScheduledMethodProcessor
01:06:43.902 [main] DEBUG io.micronaut.context.DefaultBeanContext --   class io.micronaut.management.endpoint.processors.DeleteEndpointRouteBuilder null Definition: io.micronaut.management.endpoint.processors.DeleteEndpointRouteBuilder
01:06:43.902 [main] DEBUG io.micronaut.context.DefaultBeanContext --   class io.micronaut.web.router.AnnotatedMethodRouteBuilder null Definition: io.micronaut.web.router.AnnotatedMethodRouteBuilder
01:06:43.902 [main] DEBUG io.micronaut.context.DefaultBeanContext --   class io.micronaut.http.client.filter.DefaultHttpClientFilterResolver null Definition: io.micronaut.http.client.filter.DefaultHttpClientFilterResolver
01:06:43.902 [main] DEBUG io.micronaut.context.DefaultBeanContext --   class io.micronaut.web.router.ServerFilterRouteBuilder null Definition: io.micronaut.web.router.ServerFilterRouteBuilder
01:06:43.902 [main] DEBUG io.micronaut.context.DefaultBeanContext --   class io.micronaut.http.server.websocket.ServerWebSocketProcessor null Definition: io.micronaut.http.server.websocket.ServerWebSocketProcessor
01:06:43.902 [main] DEBUG io.micronaut.context.DefaultBeanContext --   class io.micronaut.management.endpoint.processors.ReadEndpointRouteBuilder null Definition: io.micronaut.management.endpoint.processors.ReadEndpointRouteBuilder
01:06:43.902 [main] DEBUG io.micronaut.context.DefaultBeanContext --   class io.micronaut.runtime.beans.MapperMethodProcessor null Definition: io.micronaut.runtime.beans.MapperMethodProcessor
01:06:43.902 [main] DEBUG io.micronaut.context.DefaultBeanContext --   class io.micronaut.management.endpoint.processors.WriteEndpointRouteBuilder null Definition: io.micronaut.management.endpoint.processors.WriteEndpointRouteBuilder
01:06:43.902 [main] DEBUG io.micronaut.context.DefaultBeanContext --   class io.micronaut.management.endpoint.EndpointSensitivityProcessor null Definition: io.micronaut.management.endpoint.EndpointSensitivityProcessor
01:06:43.903 [main] DEBUG io.micronaut.context.DefaultBeanContext -- Finding candidate beans for type: ConversionService T
01:06:43.903 [main] DEBUG io.micronaut.context.DefaultBeanContext --   class io.micronaut.context.env.DefaultEnvironment @Primary io.micronaut.context.DefaultRuntimeBeanDefinition@36676c1a
01:06:43.903 [main] DEBUG io.micronaut.context.DefaultBeanContext -- Found concrete candidate [io.micronaut.context.DefaultRuntimeBeanDefinition@36676c1a] for type: T 
01:06:43.903 [main] DEBUG io.micronaut.context.lifecycle -- Created bean [io.micronaut.context.DefaultApplicationContext$RuntimeConfiguredEnvironment@6d07a63d] from definition [io.micronaut.context.DefaultRuntimeBeanDefinition@36676c1a] with qualifier [@Primary]
01:06:43.903 [main] DEBUG io.micronaut.context.DefaultBeanContext -- Finding candidate beans for type: TaskExceptionHandler<Object T, Throwable E> taskExceptionHandler
01:06:43.903 [main] DEBUG io.micronaut.context.DefaultBeanContext --   class io.micronaut.scheduling.DefaultTaskExceptionHandler null Definition: io.micronaut.scheduling.DefaultTaskExceptionHandler
01:06:43.903 [main] DEBUG io.micronaut.context.DefaultBeanContext -- Found concrete candidate [Definition: io.micronaut.scheduling.DefaultTaskExceptionHandler] for type: taskExceptionHandler 
01:06:43.903 [main] DEBUG io.micronaut.context.lifecycle -- Created bean [io.micronaut.scheduling.DefaultTaskExceptionHandler@293d0107] from definition [Definition: io.micronaut.scheduling.DefaultTaskExceptionHandler] with qualifier [null]
01:06:43.905 [main] DEBUG io.micronaut.context.DefaultBeanContext -- Finding candidate beans for qualifier: @Scheduled
01:06:43.905 [main] DEBUG io.micronaut.context.condition.Condition -- Bean [Definition: io.micronaut.scheduling.io.watch.WatchServiceFactory] will not be loaded due to failing conditions:
01:06:43.905 [main] DEBUG io.micronaut.context.condition.Condition -- * Required property [micronaut.io.watch.paths] not present
01:06:43.905 [main] DEBUG io.micronaut.context.condition.Condition -- Bean [Definition: io.micronaut.scheduling.io.watch.FileWatchConfiguration] will not be loaded due to failing conditions:
01:06:43.905 [main] DEBUG io.micronaut.context.condition.Condition -- * Required property [micronaut.io.watch.paths] not present
01:06:43.905 [main] DEBUG io.micronaut.context.condition.Condition -- Bean [Definition: io.micronaut.scheduling.io.watch.DefaultWatchThread] will not be loaded due to failing conditions:
01:06:43.905 [main] DEBUG io.micronaut.context.condition.Condition -- * Required property [micronaut.io.watch.paths] not present
01:06:43.906 [main] DEBUG io.micronaut.context.condition.Condition -- Bean [Definition: io.micronaut.runtime.server.watch.event.FileWatchRestartListener] will not be loaded due to failing conditions:
01:06:43.906 [main] DEBUG io.micronaut.context.condition.Condition -- * Property [micronaut.io.watch.restart] with value [false] does not equal required value: true
01:06:43.907 [main] DEBUG io.micronaut.context.condition.Condition -- Bean [Definition: io.micronaut.logging.impl.Log4jLoggingSystem] will not be loaded due to failing conditions:
01:06:43.907 [main] DEBUG io.micronaut.context.condition.Condition -- * Class [org.apache.logging.log4j.core.config.Configurator] is not present
01:06:43.907 [main] DEBUG io.micronaut.context.condition.Condition -- Bean [Definition: io.micronaut.http.netty.channel.converters.EpollChannelOptionFactory] will not be loaded due to failing conditions:
01:06:43.907 [main] DEBUG io.micronaut.context.condition.Condition -- * Class [io.netty.channel.epoll.Epoll] is not present
01:06:43.907 [main] DEBUG io.micronaut.context.condition.Condition -- Bean [Definition: io.micronaut.http.netty.channel.KQueueEventLoopGroupFactory] will not be loaded due to failing conditions:
01:06:43.907 [main] DEBUG io.micronaut.context.condition.Condition -- * Class [io.netty.channel.kqueue.KQueue] is not present
01:06:43.907 [main] DEBUG io.micronaut.context.condition.Condition -- Bean [Definition: io.micronaut.http.netty.channel.IoUringEventLoopGroupFactory] will not be loaded due to failing conditions:
01:06:43.907 [main] DEBUG io.micronaut.context.condition.Condition -- * Class [io.netty.incubator.channel.uring.IOUring] is not present
01:06:43.907 [main] DEBUG io.micronaut.context.condition.Condition -- Bean [Definition: io.micronaut.http.netty.channel.EpollEventLoopGroupFactory] will not be loaded due to failing conditions:
01:06:43.907 [main] DEBUG io.micronaut.context.condition.Condition -- * Class [io.netty.channel.epoll.Epoll] is not present
01:06:43.907 [main] DEBUG io.micronaut.context.condition.Condition -- Bean [Definition: io.micronaut.http.server.util.locale.HttpFixedLocaleResolver] will not be loaded due to failing conditions:
01:06:43.907 [main] DEBUG io.micronaut.context.condition.Condition -- * Required property [micronaut.server.locale-resolution.fixed] not present
01:06:43.907 [main] DEBUG io.micronaut.context.condition.Condition -- Bean [Definition: io.micronaut.http.server.util.locale.CookieLocaleResolver] will not be loaded due to failing conditions:
01:06:43.907 [main] DEBUG io.micronaut.context.condition.Condition -- * Required property [micronaut.server.locale-resolution.cookie-name] not present
01:06:43.907 [main] DEBUG io.micronaut.context.condition.Condition -- Bean [Definition: io.micronaut.http.server.OptionsFilter] will not be loaded due to failing conditions:
01:06:43.907 [main] DEBUG io.micronaut.context.condition.Condition -- * Property [micronaut.server.dispatch-options-requests] with value [false] does not equal required value: true
01:06:43.907 [main] DEBUG io.micronaut.context.condition.Condition -- Bean [Definition: io.micronaut.http.server.CoroutineHelper] will not be loaded due to failing conditions:
01:06:43.907 [main] DEBUG io.micronaut.context.condition.Condition -- * Class [kotlin.coroutines.CoroutineContext] is not present
01:06:43.907 [main] DEBUG io.micronaut.context.condition.Condition -- Bean [Definition: io.micronaut.discovery.cloud.digitalocean.DigitalOceanMetadataResolver] will not be loaded due to failing conditions:
01:06:43.907 [main] DEBUG io.micronaut.context.condition.Condition -- * None of the required environments [digitalocean] are active: [test]
01:06:43.907 [main] DEBUG io.micronaut.context.condition.Condition -- Bean [Definition: io.micronaut.discovery.cloud.digitalocean.DigitalOceanMetadataConfiguration] will not be loaded due to failing conditions:
01:06:43.908 [main] DEBUG io.micronaut.context.condition.Condition -- * None of the required environments [digitalocean] are active: [test]
01:06:43.908 [main] DEBUG io.micronaut.context.condition.Condition -- Bean [Definition: io.micronaut.http.ssl.ServerSslConfiguration$DefaultTrustStoreConfiguration] will not be loaded due to failing conditions:
01:06:43.908 [main] DEBUG io.micronaut.context.condition.Condition -- * Required property [micronaut.server.ssl.trust-store] not present
01:06:43.908 [main] DEBUG io.micronaut.context.condition.Condition -- Bean [Definition: io.micronaut.http.ssl.ServerSslConfiguration$DefaultKeyStoreConfiguration] will not be loaded due to failing conditions:
01:06:43.908 [main] DEBUG io.micronaut.context.condition.Condition -- * Required property [micronaut.server.ssl.key-store] not present
01:06:43.908 [main] DEBUG io.micronaut.context.condition.Condition -- Bean [Definition: io.micronaut.http.ssl.ServerSslConfiguration$DefaultKeyConfiguration] will not be loaded due to failing conditions:
01:06:43.908 [main] DEBUG io.micronaut.context.condition.Condition -- * Required property [micronaut.server.ssl.key] not present
01:06:43.908 [main] DEBUG io.micronaut.context.condition.Condition -- Bean [Definition: io.micronaut.http.ssl.ClientSslConfiguration$DefaultTrustStoreConfiguration] will not be loaded due to failing conditions:
01:06:43.908 [main] DEBUG io.micronaut.context.condition.Condition -- * Required property [micronaut.http.client.ssl.trust-store] not present
01:06:43.908 [main] DEBUG io.micronaut.context.condition.Condition -- Bean [Definition: io.micronaut.http.ssl.ClientSslConfiguration$DefaultKeyStoreConfiguration] will not be loaded due to failing conditions:
01:06:43.908 [main] DEBUG io.micronaut.context.condition.Condition -- * Required property [micronaut.http.client.ssl.key-store] not present
01:06:43.908 [main] DEBUG io.micronaut.context.condition.Condition -- Bean [Definition: io.micronaut.http.ssl.ClientSslConfiguration$DefaultKeyConfiguration] will not be loaded due to failing conditions:
01:06:43.908 [main] DEBUG io.micronaut.context.condition.Condition -- * Required property [micronaut.http.client.ssl.key] not present
01:06:43.908 [main] DEBUG io.micronaut.context.condition.Condition -- Bean [Definition: io.micronaut.http.body.ConversionTextPlainHandler] will not be loaded due to failing conditions:
01:06:43.908 [main] DEBUG io.micronaut.context.condition.Condition -- * Required property [micronaut.http.legacy-text-conversion] with value [true] not present
01:06:43.910 [main] DEBUG io.micronaut.context.condition.Condition -- Bean [Definition: io.micronaut.security.token.jwt.validator.NotBeforeJwtClaimsValidator] will not be loaded due to failing conditions:
01:06:43.910 [main] DEBUG io.micronaut.context.condition.Condition -- * Required property [micronaut.security.token.jwt.claims-validators.not-before] with value [true] not present
01:06:43.910 [main] DEBUG io.micronaut.context.condition.Condition -- Bean [Definition: io.micronaut.security.token.jwt.validator.IssuerJwtClaimsValidator] will not be loaded due to failing conditions:
01:06:43.910 [main] DEBUG io.micronaut.context.condition.Condition -- * Required property [micronaut.security.token.jwt.claims-validators.issuer] not present
01:06:43.910 [main] DEBUG io.micronaut.context.condition.Condition -- Bean [Definition: io.micronaut.security.token.jwt.generator.RefreshTokenConfigurationProperties] will not be loaded due to failing conditions:
01:06:43.910 [main] DEBUG io.micronaut.context.condition.Condition -- * Required property [micronaut.security.token.jwt.generator.refresh-token.secret] not present
01:06:43.910 [main] DEBUG io.micronaut.context.condition.Condition -- Bean [Definition: io.micronaut.security.token.jwt.validator.AudienceJwtClaimsValidator] will not be loaded due to failing conditions:
01:06:43.910 [main] DEBUG io.micronaut.context.condition.Condition -- * Required property [micronaut.security.token.jwt.claims-validators.audience] not present
01:06:43.912 [main] DEBUG io.micronaut.context.condition.Condition -- Bean [Definition: io.micronaut.security.token.cookie.TokenCookieLoginHandler] will not be loaded due to failing conditions:
01:06:43.912 [main] DEBUG io.micronaut.context.condition.Condition -- * Required property [micronaut.security.authentication] with value [cookie] not present
01:06:43.912 [main] DEBUG io.micronaut.context.condition.Condition -- Bean [Definition: io.micronaut.security.errors.CookiePriorToLoginPersistence] will not be loaded due to failing conditions:
01:06:43.912 [main] DEBUG io.micronaut.context.condition.Condition -- * Required property [micronaut.security.redirect.prior-to-login] with value [true] not present
01:06:43.912 [main] DEBUG io.micronaut.context.condition.Condition -- Bean [Definition: io.micronaut.security.token.bearer.AccessRefreshTokenLoginHandler] will not be loaded due to failing conditions:
01:06:43.912 [main] DEBUG io.micronaut.context.condition.Condition -- * Required property [micronaut.security.authentication] with value [bearer] not present
01:06:43.912 [main] DEBUG io.micronaut.context.condition.Condition -- Bean [Definition: io.micronaut.security.token.propagation.TokenPropagationHttpClientFilter] will not be loaded due to failing conditions:
01:06:43.912 [main] DEBUG io.micronaut.context.condition.Condition -- * Required property [micronaut.security.token.propagation.enabled] with value [true] not present
01:06:43.912 [main] DEBUG io.micronaut.context.condition.Condition -- Bean [Definition: io.micronaut.management.health.indicator.jdbc.JdbcIndicator] will not be loaded due to failing conditions:
01:06:43.912 [main] DEBUG io.micronaut.context.condition.Condition -- * Class [io.micronaut.jdbc.DataSourceResolver] is not present
01:06:43.912 [main] DEBUG io.micronaut.context.condition.Condition -- Bean [Definition: io.micronaut.management.health.indicator.client.ServiceHttpClientHealthIndicator] will not be loaded due to failing conditions:
01:06:43.912 [main] DEBUG io.micronaut.context.condition.Condition -- * Property [endpoints.health.service-http-client.enabled] with value [false] should not equal: false
01:06:43.912 [main] DEBUG io.micronaut.context.condition.Condition -- Bean [Definition: io.micronaut.management.endpoint.loggers.impl.Log4jLoggingSystem] will not be loaded due to failing conditions:
01:06:43.912 [main] DEBUG io.micronaut.context.condition.Condition -- * Class [org.apache.logging.log4j.core.LoggerContext] is not present
01:06:43.912 [main] DEBUG io.micronaut.context.condition.Condition -- Bean [Definition: io.micronaut.web.router.version.resolution.ParameterVersionResolverConfiguration] will not be loaded due to failing conditions:
01:06:43.912 [main] DEBUG io.micronaut.context.condition.Condition -- * Required property [micronaut.router.versioning.parameter.enabled] with value [true] not present
01:06:43.912 [main] DEBUG io.micronaut.context.condition.Condition -- Bean [Definition: io.micronaut.web.router.version.resolution.HeaderVersionResolverConfiguration] will not be loaded due to failing conditions:
01:06:43.912 [main] DEBUG io.micronaut.context.condition.Condition -- * Required property [micronaut.router.versioning.header.enabled] with value [true] not present
01:06:43.912 [main] DEBUG io.micronaut.context.condition.Condition -- Bean [Definition: io.micronaut.web.router.version.RoutesVersioningConfiguration] will not be loaded due to failing conditions:
01:06:43.912 [main] DEBUG io.micronaut.context.condition.Condition -- * Required property [micronaut.router.versioning.enabled] with value [true] not present
01:06:43.913 [main] DEBUG io.micronaut.context.condition.Condition -- Bean [Definition: io.micronaut.web.router.version.ConfigurationDefaultVersionProvider] will not be loaded due to failing conditions:
01:06:43.913 [main] DEBUG io.micronaut.context.condition.Condition -- * Required property [micronaut.router.versioning.default-version] not present
01:06:43.913 [main] DEBUG io.micronaut.context.condition.Condition -- Bean [io.micronaut.tracing.opentelemetry.idgenerator.xray.$AwsXrayIdGeneratorFactory$IdGenerator0$Definition] will not be loaded due to failing conditions:
01:06:43.913 [main] DEBUG io.micronaut.context.condition.Condition -- * Class [io.opentelemetry.contrib.awsxray.AwsXrayIdGenerator] is not present
01:06:43.913 [main] DEBUG io.micronaut.context.condition.Condition -- Bean [io.micronaut.tracing.opentelemetry.idgenerator.xray.$AwsXrayIdGeneratorFactory$Definition] will not be loaded due to failing conditions:
01:06:43.913 [main] DEBUG io.micronaut.context.condition.Condition -- * Class [io.opentelemetry.contrib.awsxray.AwsXrayIdGenerator] is not present
01:06:43.913 [main] DEBUG io.micronaut.context.condition.Condition -- Bean [Definition: io.micronaut.test.support.sql.DelegatingDataSourceSqlHandler] will not be loaded due to failing conditions:
01:06:43.913 [main] DEBUG io.micronaut.context.condition.Condition -- * Class [io.micronaut.data.connection.jdbc.advice.DelegatingDataSource] is not present
01:06:43.913 [main] DEBUG io.micronaut.context.condition.Condition -- Bean [Definition: io.micronaut.test.support.sql.ConnectionFactoryHandler] will not be loaded due to failing conditions:
01:06:43.913 [main] DEBUG io.micronaut.context.condition.Condition -- * Class [io.r2dbc.spi.ConnectionFactory] is not present
01:06:43.913 [main] DEBUG io.micronaut.context.lifecycle -- Created bean [io.micronaut.scheduling.processor.ScheduledMethodProcessor@34625ccd] from definition [Definition: io.micronaut.scheduling.processor.ScheduledMethodProcessor] with qualifier [null]
01:06:43.913 [main] DEBUG io.micronaut.context.DefaultBeanContext -- Found a registration BeanRegistration: io.micronaut.scheduling.processor.ScheduledMethodProcessor@34625ccd for candidate: Definition: io.micronaut.scheduling.processor.ScheduledMethodProcessor with qualifier: <Scheduled>
01:06:43.914 [main] DEBUG io.micronaut.context.condition.Condition -- Configuration: io.micronaut.security.x509 will not be loaded due to failing conditions:
01:06:43.914 [main] DEBUG io.micronaut.context.condition.Condition -- * Required property [micronaut.security.x509.enabled] with value [true] not present
01:06:43.914 [main] DEBUG io.micronaut.context.DefaultBeanContext -- Loaded active configurations: io.micronaut.jackson,io.micronaut.security.token.jwt.nimbus,io.micronaut.management.endpoint,io.micronaut.security.endpoints.introspection,io.micronaut.tracing.opentelemetry,io.micronaut.http.client,io.micronaut.security.token.jwt,io.micronaut.security
01:06:43.914 [main] DEBUG io.micronaut.context.DefaultBeanContext -- BeanContext Started.
01:06:43.914 [main] DEBUG io.micronaut.context.DefaultBeanContext -- Finding candidate beans for type: ApplicationEventPublisher<StartupEvent T>
01:06:43.914 [main] DEBUG io.micronaut.context.DefaultBeanContext --   interface io.micronaut.context.event.ApplicationEventPublisher null io.micronaut.context.event.ApplicationEventPublisherFactory@1e8e413b
01:06:43.914 [main] DEBUG io.micronaut.context.DefaultBeanContext -- Found concrete candidate [io.micronaut.context.event.ApplicationEventPublisherFactory@1e8e413b] for type: applicationEventPublisher 
01:06:43.916 [main] DEBUG io.micronaut.context.lifecycle -- Created bean [io.micronaut.context.event.ApplicationEventPublisherFactory$2@55787112] from definition [io.micronaut.context.event.ApplicationEventPublisherFactory@1e8e413b] with qualifier [null]
01:06:43.916 [main] DEBUG io.micronaut.context.event.ApplicationEventPublisher -- Publishing event: io.micronaut.context.event.StartupEvent[source=io.micronaut.context.DefaultApplicationContext@f74e835]
01:06:43.916 [main] DEBUG io.micronaut.context.DefaultBeanContext -- Resolving beans for type: <StartupEvent> io.micronaut.context.event.ApplicationEventListener 
01:06:43.916 [main] DEBUG io.micronaut.context.DefaultBeanContext -- Finding candidate beans for type: ApplicationEventListener
01:06:43.916 [main] DEBUG io.micronaut.core.beans.DefaultBeanIntrospector -- Found BeanIntrospection for type: class io.micronaut.runtime.context.scope.refresh.RefreshScopeCondition,
01:06:43.917 [main] DEBUG io.micronaut.core.beans.DefaultBeanIntrospector -- Found BeanIntrospection for type: class io.micronaut.http.client.ServiceHttpClientCondition,
01:06:43.917 [main] DEBUG io.micronaut.context.DefaultBeanContext -- Finding candidate beans for type: ServiceHttpClientConfiguration
01:06:43.917 [main] DEBUG io.micronaut.context.DefaultBeanContext -- No bean candidates found for type: ServiceHttpClientConfiguration
01:06:43.917 [main] DEBUG io.micronaut.core.beans.DefaultBeanIntrospector -- Found BeanIntrospection for type: class io.micronaut.http.server.netty.ssl.SslEnabledCondition,
01:06:43.918 [main] DEBUG io.micronaut.context.condition.Condition -- Bean [Definition: io.micronaut.http.server.netty.ssl.CertificateProvidedSslBuilder] will not be loaded due to failing conditions:
01:06:43.918 [main] DEBUG io.micronaut.context.condition.Condition -- * Neither the old deprecated micronaut.ssl.build-self-signed, nor the new micronaut.server.ssl.build-self-signed were enabled.
01:06:43.918 [main] DEBUG io.micronaut.context.condition.Condition -- * Custom condition [class io.micronaut.http.server.netty.ssl.SslEnabledCondition] failed evaluation
01:06:43.918 [main] DEBUG io.micronaut.context.DefaultBeanContext -- Finding candidate beans for type: HealthEndpoint
01:06:43.918 [main] DEBUG io.micronaut.core.beans.DefaultBeanIntrospector -- Found BeanIntrospection for type: class io.micronaut.management.endpoint.EndpointEnabledCondition,
01:06:43.920 [main] DEBUG io.micronaut.context.DefaultBeanContext --   class io.micronaut.management.endpoint.health.HealthEndpoint null Definition: io.micronaut.management.endpoint.health.HealthEndpoint
01:06:43.920 [main] DEBUG io.micronaut.context.DefaultBeanContext --   class io.micronaut.runtime.context.scope.refresh.RefreshScope null Definition: io.micronaut.runtime.context.scope.refresh.RefreshScope
01:06:43.920 [main] DEBUG io.micronaut.context.DefaultBeanContext --   class io.micronaut.management.health.indicator.service.ServiceReadyHealthIndicator$ApplicationEventListener$onServiceStarted1$Intercepted null Definition: io.micronaut.management.health.indicator.service.ServiceReadyHealthIndicator$ApplicationEventListener$onServiceStarted1$Intercepted
01:06:43.920 [main] DEBUG io.micronaut.context.DefaultBeanContext --   class io.micronaut.http.server.netty.discovery.NettyServiceDiscovery$ApplicationEventListener$onStart1$Intercepted null Definition: io.micronaut.http.server.netty.discovery.NettyServiceDiscovery$ApplicationEventListener$onStart1$Intercepted
01:06:43.920 [main] DEBUG io.micronaut.context.DefaultBeanContext --   class io.micronaut.http.client.netty.DefaultNettyHttpClientRegistry null Definition: io.micronaut.http.client.netty.DefaultNettyHttpClientRegistry
01:06:43.920 [main] DEBUG io.micronaut.context.DefaultBeanContext --   class io.micronaut.http.server.netty.discovery.NettyServiceDiscovery$ApplicationEventListener$onStop2$Intercepted null Definition: io.micronaut.http.server.netty.discovery.NettyServiceDiscovery$ApplicationEventListener$onStop2$Intercepted
01:06:43.920 [main] DEBUG io.micronaut.context.DefaultBeanContext --   class io.micronaut.scheduling.processor.ScheduledMethodProcessor$ApplicationEventListener$scheduleTasks1$Intercepted null Definition: io.micronaut.scheduling.processor.ScheduledMethodProcessor$ApplicationEventListener$scheduleTasks1$Intercepted
01:06:43.920 [main] DEBUG io.micronaut.context.DefaultBeanContext --   interface io.micronaut.http.server.netty.NettyEmbeddedServer null Definition: io.micronaut.http.server.netty.DefaultNettyEmbeddedServerFactory
01:06:43.920 [main] DEBUG io.micronaut.context.DefaultBeanContext --   class io.micronaut.management.health.indicator.service.ServiceReadyHealthIndicator$ApplicationEventListener$onServerStarted2$Intercepted null Definition: io.micronaut.management.health.indicator.service.ServiceReadyHealthIndicator$ApplicationEventListener$onServerStarted2$Intercepted
01:06:43.920 [main] DEBUG io.micronaut.context.DefaultBeanContext --   class io.micronaut.runtime.http.scope.RequestCustomScope null Definition: io.micronaut.runtime.http.scope.RequestCustomScope
01:06:43.922 [main] DEBUG io.micronaut.context.DefaultBeanContext -- Resolving beans for type: @InterceptorBinding(NONE) io.micronaut.aop.Interceptor 
01:06:43.922 [main] DEBUG io.micronaut.context.DefaultBeanContext -- Finding candidate beans for type: Interceptor T
01:06:43.923 [main] DEBUG io.micronaut.context.DefaultBeanContext -- Finding candidate beans for type: Tracer
01:06:43.923 [main] DEBUG io.micronaut.context.DefaultBeanContext -- Finding candidate beans for type: Tracer
01:06:43.923 [main] DEBUG io.micronaut.context.DefaultBeanContext -- No bean candidates found for type: Tracer
01:06:43.923 [main] DEBUG io.micronaut.context.DefaultBeanContext --   interface io.opentelemetry.api.trace.Tracer null Definition: io.micronaut.tracing.opentelemetry.DefaultTelemetryTracer
01:06:43.923 [main] DEBUG io.micronaut.context.DefaultBeanContext --   class io.micronaut.runtime.context.env.ConfigurationIntroductionAdvice null Definition: io.micronaut.runtime.context.env.ConfigurationIntroductionAdvice
01:06:43.923 [main] DEBUG io.micronaut.context.DefaultBeanContext --   class io.micronaut.runtime.context.scope.refresh.RefreshInterceptor null Definition: io.micronaut.runtime.context.scope.refresh.RefreshInterceptor
01:06:43.923 [main] DEBUG io.micronaut.context.DefaultBeanContext --   class io.micronaut.tracing.opentelemetry.interceptor.NewSpanOpenTelemetryTraceInterceptor null Definition: io.micronaut.tracing.opentelemetry.interceptor.NewSpanOpenTelemetryTraceInterceptor
01:06:43.923 [main] DEBUG io.micronaut.context.DefaultBeanContext --   class io.micronaut.validation.ValidatingInterceptor null Definition: io.micronaut.validation.ValidatingInterceptor
01:06:43.923 [main] DEBUG io.micronaut.context.DefaultBeanContext --   class io.micronaut.runtime.beans.MapperIntroduction null Definition: io.micronaut.runtime.beans.MapperIntroduction
01:06:43.923 [main] DEBUG io.micronaut.context.DefaultBeanContext --   class io.micronaut.tracing.opentelemetry.interceptor.ContinueSpanOpenTelemetryTraceInterceptor null Definition: io.micronaut.tracing.opentelemetry.interceptor.ContinueSpanOpenTelemetryTraceInterceptor
01:06:43.923 [main] DEBUG io.micronaut.context.DefaultBeanContext --   class io.micronaut.http.client.interceptor.HttpClientIntroductionAdvice null Definition: io.micronaut.http.client.interceptor.HttpClientIntroductionAdvice
01:06:43.923 [main] DEBUG io.micronaut.context.DefaultBeanContext --   class io.micronaut.scheduling.async.AsyncInterceptor null Definition: io.micronaut.scheduling.async.AsyncInterceptor
01:06:43.923 [main] DEBUG io.micronaut.context.DefaultBeanContext --   class io.micronaut.websocket.interceptor.ClientWebSocketInterceptor null Definition: io.micronaut.websocket.interceptor.ClientWebSocketInterceptor
01:06:43.924 [main] DEBUG io.micronaut.context.DefaultBeanContext --   class io.micronaut.retry.intercept.RecoveryInterceptor null Definition: io.micronaut.retry.intercept.RecoveryInterceptor
01:06:43.924 [main] DEBUG io.micronaut.context.DefaultBeanContext --   class io.micronaut.retry.intercept.DefaultRetryInterceptor null Definition: io.micronaut.retry.intercept.DefaultRetryInterceptor
01:06:43.924 [main] DEBUG io.micronaut.context.DefaultBeanContext -- Finding candidate beans for type: InterceptorRegistry $interceptorRegistry
01:06:43.924 [main] DEBUG io.micronaut.context.DefaultBeanContext --   interface io.micronaut.aop.InterceptorRegistry null io.micronaut.aop.internal.InterceptorRegistryBean@741b3bc3
01:06:43.924 [main] DEBUG io.micronaut.context.DefaultBeanContext -- Found concrete candidate [io.micronaut.aop.internal.InterceptorRegistryBean@741b3bc3] for type: $interceptorRegistry 
01:06:43.924 [main] DEBUG io.micronaut.context.lifecycle -- Created bean [io.micronaut.aop.chain.DefaultInterceptorRegistry@45be7cd5] from definition [io.micronaut.aop.internal.InterceptorRegistryBean@741b3bc3] with qualifier [null]
01:06:43.925 [main] DEBUG io.micronaut.context.DefaultBeanContext -- Finding candidate beans for type: ScheduledMethodProcessor
01:06:43.925 [main] DEBUG io.micronaut.context.DefaultBeanContext --   class io.micronaut.scheduling.processor.ScheduledMethodProcessor null Definition: io.micronaut.scheduling.processor.ScheduledMethodProcessor
01:06:43.925 [main] DEBUG io.micronaut.context.DefaultBeanContext -- Found concrete candidate [Definition: io.micronaut.scheduling.processor.ScheduledMethodProcessor] for type: scheduledMethodProcessor 
01:06:43.926 [main] DEBUG io.micronaut.context.lifecycle -- Created bean [io.micronaut.scheduling.processor.ScheduledMethodProcessor$ApplicationEventListener$scheduleTasks1$Intercepted@7e985ce9] from definition [Definition: io.micronaut.scheduling.processor.ScheduledMethodProcessor$ApplicationEventListener$scheduleTasks1$Intercepted] with qualifier [null]
01:06:43.926 [main] DEBUG io.micronaut.context.DefaultBeanContext -- Found a registration BeanRegistration: io.micronaut.scheduling.processor.ScheduledMethodProcessor$ApplicationEventListener$scheduleTasks1$Intercepted@7e985ce9 for candidate: Definition: io.micronaut.scheduling.processor.ScheduledMethodProcessor$ApplicationEventListener$scheduleTasks1$Intercepted with qualifier: <StartupEvent>
01:06:43.929 [main] DEBUG io.micronaut.context.DefaultBeanContext -- Finding candidate beans for type: TaskScheduler
01:06:43.930 [main] DEBUG io.micronaut.context.DefaultBeanContext --   class io.micronaut.scheduling.ScheduledExecutorTaskScheduler @Named('scheduled') and @Primary Definition: io.micronaut.scheduling.ScheduledExecutorTaskScheduler
01:06:43.930 [main] DEBUG io.micronaut.context.DefaultBeanContext -- Qualifying bean [taskScheduler] for qualifier: @Named('scheduled') 
01:06:43.930 [main] DEBUG io.micronaut.context.DefaultBeanContext -- Found concrete candidate [Definition: io.micronaut.scheduling.ScheduledExecutorTaskScheduler] for type: @Named('scheduled') taskScheduler 
01:06:43.931 [main] DEBUG io.micronaut.context.DefaultBeanContext -- Finding candidate beans for type: ExecutorService executorService
01:06:43.931 [main] DEBUG io.micronaut.context.DefaultBeanContext -- Finding candidate beans for type: ExecutorConfiguration
01:06:43.931 [main] DEBUG io.micronaut.core.beans.DefaultBeanIntrospector -- Found BeanIntrospection for type: class io.micronaut.scheduling.LoomSupport$LoomCondition,
01:06:43.932 [main] DEBUG io.micronaut.context.DefaultBeanContext --   interface io.micronaut.scheduling.executor.ExecutorConfiguration @Named('virtual') Definition: io.micronaut.scheduling.executor.IOExecutorServiceConfig
01:06:43.932 [main] DEBUG io.micronaut.context.DefaultBeanContext --   interface io.micronaut.scheduling.executor.ExecutorConfiguration @Named('scheduled') Definition: io.micronaut.scheduling.executor.ScheduledExecutorServiceConfig
01:06:43.932 [main] DEBUG io.micronaut.context.DefaultBeanContext --   interface io.micronaut.scheduling.executor.ExecutorConfiguration @Named('io') Definition: io.micronaut.scheduling.executor.IOExecutorServiceConfig
01:06:43.932 [main] DEBUG io.micronaut.context.DefaultBeanContext -- Finding candidate beans for type: EventLoopGroupConfiguration
01:06:43.932 [main] DEBUG io.micronaut.context.DefaultBeanContext --   class io.micronaut.http.server.netty.configuration.NettyHttpServerConfiguration$Worker @Named('netty-server-worker-event-loop') Definition: io.micronaut.http.server.netty.configuration.NettyHttpServerConfiguration$Worker
01:06:43.932 [main] DEBUG io.micronaut.context.DefaultBeanContext --   class io.micronaut.http.server.netty.configuration.NettyHttpServerConfiguration$Parent @Named('netty-server-parent-event-loop') Definition: io.micronaut.http.server.netty.configuration.NettyHttpServerConfiguration$Parent
01:06:43.933 [main] DEBUG io.micronaut.context.DefaultBeanContext --   interface java.util.concurrent.ExecutorService @Named('io') Definition: io.micronaut.scheduling.executor.ExecutorFactory
01:06:43.933 [main] DEBUG io.micronaut.context.DefaultBeanContext --   interface java.util.concurrent.ExecutorService @Named('virtual') Definition: io.micronaut.scheduling.executor.ExecutorFactory
01:06:43.933 [main] DEBUG io.micronaut.context.DefaultBeanContext --   interface io.netty.channel.EventLoopGroup @Named('netty-server-parent-event-loop') Definition: io.micronaut.http.netty.channel.DefaultEventLoopGroupRegistry
01:06:43.933 [main] DEBUG io.micronaut.context.DefaultBeanContext --   interface io.netty.channel.EventLoopGroup @Named('netty-server-worker-event-loop') Definition: io.micronaut.http.netty.channel.DefaultEventLoopGroupRegistry
01:06:43.933 [main] DEBUG io.micronaut.context.DefaultBeanContext --   interface java.util.concurrent.ExecutorService @Named('blocking') Definition: io.micronaut.scheduling.executor.IOExecutorServiceConfig
01:06:43.933 [main] DEBUG io.micronaut.context.DefaultBeanContext --   interface java.util.concurrent.ExecutorService @Named('scheduled') Definition: io.micronaut.scheduling.executor.ExecutorFactory
01:06:43.933 [main] DEBUG io.micronaut.context.DefaultBeanContext -- Qualifying bean [executorService] for qualifier: @Named('scheduled') 
01:06:43.933 [main] DEBUG io.micronaut.context.DefaultBeanContext -- Found concrete candidate [Definition: io.micronaut.scheduling.executor.ExecutorFactory] for type: @Named('scheduled') executorService 
01:06:43.933 [main] DEBUG io.micronaut.context.DefaultBeanContext -- Finding candidate beans for type: ExecutorFactory
01:06:43.933 [main] DEBUG io.micronaut.context.DefaultBeanContext --   class io.micronaut.scheduling.executor.ExecutorFactory null Definition: io.micronaut.scheduling.executor.ExecutorFactory
01:06:43.933 [main] DEBUG io.micronaut.context.DefaultBeanContext -- Found concrete candidate [Definition: io.micronaut.scheduling.executor.ExecutorFactory] for type: executorFactory 
[...]
01:06:44.741 [default-nioEventLoopGroup-1-3] DEBUG io.micronaut.http.server.netty.NettyRequestLifecycle -- Request GET /api/v1/products
01:06:44.741 [default-nioEventLoopGroup-1-3] DEBUG io.micronaut.security.token.reader.HttpHeaderTokenReader -- Looking for bearer token in Authorization header
01:06:44.741 [default-nioEventLoopGroup-1-3] DEBUG io.micronaut.security.token.reader.DefaultTokenResolver -- Request GET, /api/v1/products, no token found.
01:06:44.741 [default-nioEventLoopGroup-1-3] DEBUG io.micronaut.security.rules.IpPatternsRule -- One or more of the IP patterns matched the host address [127.0.0.1]. Continuing request processing.
01:06:44.741 [default-nioEventLoopGroup-1-3] DEBUG io.micronaut.security.rules.AbstractSecurityRule -- None of the given roles [[isAnonymous()]] matched the required roles [[isAuthenticated()]]. Rejecting the request
01:06:44.741 [default-nioEventLoopGroup-1-3] DEBUG io.micronaut.security.filters.SecurityFilter -- Unauthorized request GET /api/v1/products. The rule provider io.micronaut.security.rules.SecuredAnnotationRule rejected the request.
01:06:44.741 [default-nioEventLoopGroup-1-3] DEBUG io.micronaut.context.DefaultBeanContext -- Finding candidate beans for type: ExceptionHandler
01:06:44.742 [default-nioEventLoopGroup-1-3] DEBUG io.micronaut.context.DefaultBeanContext --   class io.micronaut.http.server.exceptions.NotAllowedExceptionHandler null Definition: io.micronaut.http.server.exceptions.NotAllowedExceptionHandler
01:06:44.742 [default-nioEventLoopGroup-1-3] DEBUG io.micronaut.context.DefaultBeanContext --   class io.micronaut.security.errors.OauthErrorResponseExceptionHandler null Definition: io.micronaut.security.errors.OauthErrorResponseExceptionHandler
01:06:44.742 [default-nioEventLoopGroup-1-3] DEBUG io.micronaut.context.DefaultBeanContext --   class io.micronaut.http.server.exceptions.ContentLengthExceededHandler null Definition: io.micronaut.http.server.exceptions.ContentLengthExceededHandler
01:06:44.742 [default-nioEventLoopGroup-1-3] DEBUG io.micronaut.context.DefaultBeanContext --   class io.micronaut.http.server.exceptions.HttpStatusHandler null Definition: io.micronaut.http.server.exceptions.HttpStatusHandler
01:06:44.742 [default-nioEventLoopGroup-1-3] DEBUG io.micronaut.context.DefaultBeanContext --   class io.micronaut.security.authentication.DefaultAuthorizationExceptionHandler null Definition: io.micronaut.security.authentication.DefaultAuthorizationExceptionHandler
01:06:44.742 [default-nioEventLoopGroup-1-3] DEBUG io.micronaut.context.DefaultBeanContext --   class io.micronaut.http.server.exceptions.UnsatisfiedRouteHandler null Definition: io.micronaut.http.server.exceptions.UnsatisfiedRouteHandler
01:06:44.742 [default-nioEventLoopGroup-1-3] DEBUG io.micronaut.context.DefaultBeanContext --   class io.micronaut.http.server.exceptions.DuplicateRouteHandler null Definition: io.micronaut.http.server.exceptions.DuplicateRouteHandler
01:06:44.742 [default-nioEventLoopGroup-1-3] DEBUG io.micronaut.context.DefaultBeanContext --   class io.micronaut.http.server.exceptions.ConversionErrorHandler null Definition: io.micronaut.http.server.exceptions.ConversionErrorHandler
01:06:44.742 [default-nioEventLoopGroup-1-3] DEBUG io.micronaut.context.DefaultBeanContext --   class com.example.dataqueryservice.exception.GlobalExceptionHandler null Definition: com.example.dataqueryservice.exception.GlobalExceptionHandler
01:06:44.742 [default-nioEventLoopGroup-1-3] DEBUG io.micronaut.context.DefaultBeanContext --   class io.micronaut.http.server.exceptions.UnsatisfiedArgumentHandler null Definition: io.micronaut.http.server.exceptions.UnsatisfiedArgumentHandler
01:06:44.742 [default-nioEventLoopGroup-1-3] DEBUG io.micronaut.context.DefaultBeanContext --   class io.micronaut.http.server.exceptions.URISyntaxHandler null Definition: io.micronaut.http.server.exceptions.URISyntaxHandler
01:06:44.742 [default-nioEventLoopGroup-1-3] DEBUG io.micronaut.context.DefaultBeanContext --   class io.micronaut.validation.exceptions.ConstraintExceptionHandler null Definition: io.micronaut.validation.exceptions.ConstraintExceptionHandler
01:06:44.742 [default-nioEventLoopGroup-1-3] DEBUG io.micronaut.context.DefaultBeanContext --   class io.micronaut.http.server.exceptions.JacksonExceptionHandler null Definition: io.micronaut.http.server.exceptions.JacksonExceptionHandler
01:06:44.742 [default-nioEventLoopGroup-1-3] DEBUG io.micronaut.context.DefaultBeanContext --   class io.micronaut.http.server.exceptions.JsonExceptionHandler null Definition: io.micronaut.http.server.exceptions.JsonExceptionHandler
01:06:44.742 [default-nioEventLoopGroup-1-3] DEBUG io.micronaut.context.DefaultBeanContext --   class io.micronaut.http.server.exceptions.BufferLengthExceededHandler null Definition: io.micronaut.http.server.exceptions.BufferLengthExceededHandler
01:06:44.742 [default-nioEventLoopGroup-1-3] DEBUG io.micronaut.context.DefaultBeanContext --   class io.micronaut.security.authentication.AuthenticationExceptionHandler null Definition: io.micronaut.security.authentication.AuthenticationExceptionHandler
01:06:44.742 [default-nioEventLoopGroup-1-3] DEBUG io.micronaut.context.DefaultBeanContext -- Qualifying bean [exceptionHandler] for qualifier: io.micronaut.inject.qualifiers.ClosestTypeArgumentQualifier@6ef14d47 
01:06:44.742 [default-nioEventLoopGroup-1-3] DEBUG io.micronaut.context.DefaultBeanContext -- Found concrete candidate [Definition: io.micronaut.security.authentication.DefaultAuthorizationExceptionHandler] for type: io.micronaut.inject.qualifiers.ClosestTypeArgumentQualifier@6ef14d47 exceptionHandler 
01:06:44.742 [default-nioEventLoopGroup-1-3] DEBUG io.micronaut.core.beans.DefaultBeanIntrospector -- No BeanIntrospection found for bean type: interface io.micronaut.http.MutableHttpResponse
01:06:44.742 [default-nioEventLoopGroup-1-3] DEBUG io.micronaut.http.server.netty.RoutingInBoundHandler -- Response 401 - GET /api/v1/products
01:06:44.742 [default-nioEventLoopGroup-1-3] DEBUG io.micronaut.context.event.ApplicationEventPublisher -- Publishing event: io.micronaut.http.context.event.HttpRequestTerminatedEvent[source=GET /api/v1/products]
]]></system-out>
  </testcase>
  <testcase name="testGetPaginatedProducts" classname="com.example.dataqueryservice.controller.ProductControllerTest" time="0.003">
    <error message="Unauthorized" type="io.micronaut.http.client.exceptions.HttpClientResponseException"><![CDATA[io.micronaut.http.client.exceptions.HttpClientResponseException: Unauthorized
	at io.micronaut.http.client.netty.DefaultHttpClient.makeErrorFromRequestBody(DefaultHttpClient.java:2086)
	at io.micronaut.http.client.netty.DefaultHttpClient.handleExchangeResponse(DefaultHttpClient.java:929)
	at io.micronaut.http.client.netty.DefaultHttpClient.lambda$exchange$8(DefaultHttpClient.java:882)
	at io.micronaut.core.execution.ImperativeExecutionFlowImpl.flatMap(ImperativeExecutionFlowImpl.java:72)
	at io.micronaut.http.client.netty.DefaultHttpClient.lambda$exchange$9(DefaultHttpClient.java:882)
	at io.micronaut.http.client.netty.DefaultHttpClient.lambda$sendRequestWithRedirectsNoFilter$46(DefaultHttpClient.java:1625)
	at reactor.core.publisher.MonoFlatMap$FlatMapMain.onNext(MonoFlatMap.java:132)
	at reactor.core.publisher.MonoFlatMap$FlatMapMain.secondComplete(MonoFlatMap.java:245)
	at reactor.core.publisher.MonoFlatMap$FlatMapInner.onNext(MonoFlatMap.java:305)
	at reactor.core.publisher.MonoSubscribeOn$SubscribeOnSubscriber.onNext(MonoSubscribeOn.java:146)
	at reactor.core.publisher.MonoCreate$DefaultMonoSink.success(MonoCreate.java:176)
	at io.micronaut.http.client.netty.DefaultHttpClient$6.complete(DefaultHttpClient.java:1709)
	at io.micronaut.http.client.netty.Http1ResponseHandler$BufferedContent.complete(Http1ResponseHandler.java:218)
	at io.micronaut.http.client.netty.Http1ResponseHandler$BufferedContent.read(Http1ResponseHandler.java:181)
	at io.micronaut.http.client.netty.Http1ResponseHandler$BufferedContent.read(Http1ResponseHandler.java:153)
	at io.micronaut.http.client.netty.Http1ResponseHandler.channelReadInstrumented(Http1ResponseHandler.java:73)
	at io.micronaut.http.client.netty.Http1ResponseHandler.channelReadInstrumented(Http1ResponseHandler.java:48)
	at io.micronaut.http.client.netty.SimpleChannelInboundHandlerInstrumented.channelRead0(SimpleChannelInboundHandlerInstrumented.java:46)
	at io.netty.channel.SimpleChannelInboundHandler.channelRead(SimpleChannelInboundHandler.java:99)
	at io.netty.channel.AbstractChannelHandlerContext.invokeChannelRead(AbstractChannelHandlerContext.java:444)
	at io.netty.channel.AbstractChannelHandlerContext.invokeChannelRead(AbstractChannelHandlerContext.java:420)
	at io.netty.channel.AbstractChannelHandlerContext.fireChannelRead(AbstractChannelHandlerContext.java:412)
	at io.netty.handler.codec.MessageToMessageDecoder.channelRead(MessageToMessageDecoder.java:107)
	at io.netty.channel.AbstractChannelHandlerContext.invokeChannelRead(AbstractChannelHandlerContext.java:444)
	at io.netty.channel.AbstractChannelHandlerContext.invokeChannelRead(AbstractChannelHandlerContext.java:420)
	at io.netty.channel.AbstractChannelHandlerContext.fireChannelRead(AbstractChannelHandlerContext.java:412)
	at io.netty.channel.CombinedChannelDuplexHandler$DelegatingChannelHandlerContext.fireChannelRead(CombinedChannelDuplexHandler.java:436)
	at io.netty.handler.codec.ByteToMessageDecoder.fireChannelRead(ByteToMessageDecoder.java:346)
	at io.netty.handler.codec.ByteToMessageDecoder.channelRead(ByteToMessageDecoder.java:318)
	at io.netty.channel.CombinedChannelDuplexHandler.channelRead(CombinedChannelDuplexHandler.java:251)
	at io.netty.channel.AbstractChannelHandlerContext.invokeChannelRead(AbstractChannelHandlerContext.java:442)
	at io.netty.channel.AbstractChannelHandlerContext.invokeChannelRead(AbstractChannelHandlerContext.java:420)
	at io.netty.channel.AbstractChannelHandlerContext.fireChannelRead(AbstractChannelHandlerContext.java:412)
	at io.netty.handler.timeout.IdleStateHandler.channelRead(IdleStateHandler.java:289)
	at io.netty.channel.AbstractChannelHandlerContext.invokeChannelRead(AbstractChannelHandlerContext.java:442)
	at io.netty.channel.AbstractChannelHandlerContext.invokeChannelRead(AbstractChannelHandlerContext.java:420)
	at io.netty.channel.AbstractChannelHandlerContext.fireChannelRead(AbstractChannelHandlerContext.java:412)
	at io.netty.channel.DefaultChannelPipeline$HeadContext.channelRead(DefaultChannelPipeline.java:1357)
	at io.netty.channel.AbstractChannelHandlerContext.invokeChannelRead(AbstractChannelHandlerContext.java:440)
	at io.netty.channel.AbstractChannelHandlerContext.invokeChannelRead(AbstractChannelHandlerContext.java:420)
	at io.netty.channel.DefaultChannelPipeline.fireChannelRead(DefaultChannelPipeline.java:868)
	at io.netty.channel.nio.AbstractNioByteChannel$NioByteUnsafe.read(AbstractNioByteChannel.java:166)
	at io.netty.channel.nio.NioEventLoop.processSelectedKey(NioEventLoop.java:788)
	at io.netty.channel.nio.NioEventLoop.processSelectedKeysOptimized(NioEventLoop.java:724)
	at io.netty.channel.nio.NioEventLoop.processSelectedKeys(NioEventLoop.java:650)
	at io.netty.channel.nio.NioEventLoop.run(NioEventLoop.java:562)
	at io.netty.util.concurrent.SingleThreadEventExecutor$4.run(SingleThreadEventExecutor.java:997)
	at io.netty.util.internal.ThreadExecutorMap$2.run(ThreadExecutorMap.java:74)
	at io.netty.util.concurrent.FastThreadLocalRunnable.run(FastThreadLocalRunnable.java:30)
	at java.base/java.lang.Thread.run(Thread.java:1570)
	Suppressed: java.lang.Exception: #block terminated with an error
		at reactor.core.publisher.BlockingSingleSubscriber.blockingGet(BlockingSingleSubscriber.java:104)
		at reactor.core.publisher.Mono.block(Mono.java:1779)
		at io.micronaut.http.client.netty.DefaultHttpClient$1.exchange(DefaultHttpClient.java:615)
		at io.micronaut.http.client.BlockingHttpClient.exchange(BlockingHttpClient.java:77)
		at io.micronaut.http.client.BlockingHttpClient.exchange(BlockingHttpClient.java:91)
		at com.example.dataqueryservice.controller.ProductControllerTest.testGetPaginatedProducts(ProductControllerTest.java:63)
		at java.base/java.lang.reflect.Method.invoke(Method.java:580)
		at io.micronaut.test.extensions.junit5.MicronautJunit5Extension$2.proceed(MicronautJunit5Extension.java:142)
		at io.micronaut.test.extensions.AbstractMicronautExtension.interceptEach(AbstractMicronautExtension.java:162)
		at io.micronaut.test.extensions.AbstractMicronautExtension.interceptTest(AbstractMicronautExtension.java:119)
		at io.micronaut.test.extensions.junit5.MicronautJunit5Extension.interceptTestMethod(MicronautJunit5Extension.java:129)
		at java.base/java.util.ArrayList.forEach(ArrayList.java:1597)
		at java.base/java.util.ArrayList.forEach(ArrayList.java:1597)
]]></error>
    <system-out><![CDATA[01:06:44.744 [main] DEBUG io.micronaut.context.DefaultBeanContext -- Finding candidate beans for instance: com.example.dataqueryservice.controller.ProductControllerTest@949c598
01:06:44.744 [main] DEBUG io.micronaut.context.lifecycle -- Created bean [io.micronaut.http.client.netty.DefaultHttpClient@2aa7399c] from definition [Definition: io.micronaut.http.client.netty.DefaultNettyHttpClientRegistry] with qualifier [null]
01:06:44.744 [main] DEBUG io.micronaut.core.reflect.ClassUtils -- Bean of type [class com.example.dataqueryservice.controller.ProductControllerTest] uses reflection to inject field: 'httpClient'
01:06:44.745 [default-nioEventLoopGroup-1-2] DEBUG io.micronaut.http.client.netty.DefaultHttpClient -- Sending HTTP GET to http://localhost:8080/api/v1/products?page=0&size=2
01:06:44.745 [default-nioEventLoopGroup-1-3] DEBUG io.micronaut.http.server.netty.NettyRequestLifecycle -- Request GET /api/v1/products?page=0&size=2
01:06:44.745 [default-nioEventLoopGroup-1-3] DEBUG io.micronaut.security.token.reader.HttpHeaderTokenReader -- Looking for bearer token in Authorization header
01:06:44.745 [default-nioEventLoopGroup-1-3] DEBUG io.micronaut.security.token.reader.DefaultTokenResolver -- Request GET, /api/v1/products, no token found.
01:06:44.745 [default-nioEventLoopGroup-1-3] DEBUG io.micronaut.security.rules.IpPatternsRule -- One or more of the IP patterns matched the host address [127.0.0.1]. Continuing request processing.
01:06:44.745 [default-nioEventLoopGroup-1-3] DEBUG io.micronaut.security.rules.AbstractSecurityRule -- None of the given roles [[isAnonymous()]] matched the required roles [[isAuthenticated()]]. Rejecting the request
01:06:44.745 [default-nioEventLoopGroup-1-3] DEBUG io.micronaut.security.filters.SecurityFilter -- Unauthorized request GET /api/v1/products. The rule provider io.micronaut.security.rules.SecuredAnnotationRule rejected the request.
01:06:44.745 [default-nioEventLoopGroup-1-3] DEBUG io.micronaut.context.DefaultBeanContext -- Finding candidate beans for type: ExceptionHandler
01:06:44.745 [default-nioEventLoopGroup-1-3] DEBUG io.micronaut.context.DefaultBeanContext --   class io.micronaut.http.server.exceptions.NotAllowedExceptionHandler null Definition: io.micronaut.http.server.exceptions.NotAllowedExceptionHandler
01:06:44.745 [default-nioEventLoopGroup-1-3] DEBUG io.micronaut.context.DefaultBeanContext --   class io.micronaut.security.errors.OauthErrorResponseExceptionHandler null Definition: io.micronaut.security.errors.OauthErrorResponseExceptionHandler
01:06:44.745 [default-nioEventLoopGroup-1-3] DEBUG io.micronaut.context.DefaultBeanContext --   class io.micronaut.http.server.exceptions.ContentLengthExceededHandler null Definition: io.micronaut.http.server.exceptions.ContentLengthExceededHandler
01:06:44.745 [default-nioEventLoopGroup-1-3] DEBUG io.micronaut.context.DefaultBeanContext --   class io.micronaut.http.server.exceptions.HttpStatusHandler null Definition: io.micronaut.http.server.exceptions.HttpStatusHandler
01:06:44.745 [default-nioEventLoopGroup-1-3] DEBUG io.micronaut.context.DefaultBeanContext --   class io.micronaut.security.authentication.DefaultAuthorizationExceptionHandler null Definition: io.micronaut.security.authentication.DefaultAuthorizationExceptionHandler
01:06:44.745 [default-nioEventLoopGroup-1-3] DEBUG io.micronaut.context.DefaultBeanContext --   class io.micronaut.http.server.exceptions.UnsatisfiedRouteHandler null Definition: io.micronaut.http.server.exceptions.UnsatisfiedRouteHandler
01:06:44.745 [default-nioEventLoopGroup-1-3] DEBUG io.micronaut.context.DefaultBeanContext --   class io.micronaut.http.server.exceptions.DuplicateRouteHandler null Definition: io.micronaut.http.server.exceptions.DuplicateRouteHandler
01:06:44.745 [default-nioEventLoopGroup-1-3] DEBUG io.micronaut.context.DefaultBeanContext --   class io.micronaut.http.server.exceptions.ConversionErrorHandler null Definition: io.micronaut.http.server.exceptions.ConversionErrorHandler
01:06:44.745 [default-nioEventLoopGroup-1-3] DEBUG io.micronaut.context.DefaultBeanContext --   class com.example.dataqueryservice.exception.GlobalExceptionHandler null Definition: com.example.dataqueryservice.exception.GlobalExceptionHandler
01:06:44.745 [default-nioEventLoopGroup-1-3] DEBUG io.micronaut.context.DefaultBeanContext --   class io.micronaut.http.server.exceptions.UnsatisfiedArgumentHandler null Definition: io.micronaut.http.server.exceptions.UnsatisfiedArgumentHandler
01:06:44.745 [default-nioEventLoopGroup-1-3] DEBUG io.micronaut.context.DefaultBeanContext --   class io.micronaut.http.server.exceptions.URISyntaxHandler null Definition: io.micronaut.http.server.exceptions.URISyntaxHandler
01:06:44.745 [default-nioEventLoopGroup-1-3] DEBUG io.micronaut.context.DefaultBeanContext --   class io.micronaut.validation.exceptions.ConstraintExceptionHandler null Definition: io.micronaut.validation.exceptions.ConstraintExceptionHandler
01:06:44.745 [default-nioEventLoopGroup-1-3] DEBUG io.micronaut.context.DefaultBeanContext --   class io.micronaut.http.server.exceptions.JacksonExceptionHandler null Definition: io.micronaut.http.server.exceptions.JacksonExceptionHandler
01:06:44.745 [default-nioEventLoopGroup-1-3] DEBUG io.micronaut.context.DefaultBeanContext --   class io.micronaut.http.server.exceptions.JsonExceptionHandler null Definition: io.micronaut.http.server.exceptions.JsonExceptionHandler
01:06:44.745 [default-nioEventLoopGroup-1-3] DEBUG io.micronaut.context.DefaultBeanContext --   class io.micronaut.http.server.exceptions.BufferLengthExceededHandler null Definition: io.micronaut.http.server.exceptions.BufferLengthExceededHandler
01:06:44.745 [default-nioEventLoopGroup-1-3] DEBUG io.micronaut.context.DefaultBeanContext --   class io.micronaut.security.authentication.AuthenticationExceptionHandler null Definition: io.micronaut.security.authentication.AuthenticationExceptionHandler
01:06:44.745 [default-nioEventLoopGroup-1-3] DEBUG io.micronaut.context.DefaultBeanContext -- Qualifying bean [exceptionHandler] for qualifier: io.micronaut.inject.qualifiers.ClosestTypeArgumentQualifier@3f6e6fd6 
01:06:44.745 [default-nioEventLoopGroup-1-3] DEBUG io.micronaut.context.DefaultBeanContext -- Found concrete candidate [Definition: io.micronaut.security.authentication.DefaultAuthorizationExceptionHandler] for type: io.micronaut.inject.qualifiers.ClosestTypeArgumentQualifier@3f6e6fd6 exceptionHandler 
01:06:44.745 [default-nioEventLoopGroup-1-3] DEBUG io.micronaut.core.beans.DefaultBeanIntrospector -- No BeanIntrospection found for bean type: interface io.micronaut.http.MutableHttpResponse
01:06:44.746 [default-nioEventLoopGroup-1-3] DEBUG io.micronaut.http.server.netty.RoutingInBoundHandler -- Response 401 - GET /api/v1/products?page=0&size=2
01:06:44.746 [default-nioEventLoopGroup-1-3] DEBUG io.micronaut.context.event.ApplicationEventPublisher -- Publishing event: io.micronaut.http.context.event.HttpRequestTerminatedEvent[source=GET /api/v1/products?page=0&size=2]
]]></system-out>
  </testcase>
</testsuite>