<?xml version="1.0" encoding="UTF-8"?>
<testsuite xmlns:xsi="http://www.w3.org/2001/XMLSchema-instance" xsi:noNamespaceSchemaLocation="https://maven.apache.org/surefire/maven-surefire-plugin/xsd/surefire-test-report.xsd" version="3.0.2" name="com.example.dataqueryservice.service.MockDataServiceTest" time="1.045" tests="17" errors="0" skipped="0" failures="0">
  <properties>
[...]
</properties>
  <testcase name="testGetProductCount" classname="com.example.dataqueryservice.service.MockDataServiceTest" time="0.014">
    <system-out><![CDATA[01:08:48.479 [main] DEBUG io.micronaut.context.DefaultApplicationContext$RuntimeConfiguredEnvironment -- Environment deduction is using the default of: true
01:08:48.484 [main] INFO io.micronaut.context.DefaultApplicationContext$RuntimeConfiguredEnvironment -- Established active environments: [test]
01:08:48.484 [main] DEBUG io.micronaut.context.DefaultApplicationContext$RuntimeConfiguredEnvironment -- Starting environment io.micronaut.context.DefaultApplicationContext$RuntimeConfiguredEnvironment@5e403b4a for active names [test]
01:08:48.487 [main] DEBUG io.micronaut.context.DefaultApplicationContext$RuntimeConfiguredEnvironment -- Reading property sources from loader: io.micronaut.context.env.PropertiesPropertySourceLoader@45a4b042
01:08:48.491 [main] DEBUG io.micronaut.context.env.PropertiesPropertySourceLoader -- No PropertySource found for file name: application.properties
01:08:48.492 [main] DEBUG io.micronaut.context.env.PropertiesPropertySourceLoader -- No PropertySource found for file name: application-test.properties
01:08:48.492 [main] DEBUG io.micronaut.context.DefaultApplicationContext$RuntimeConfiguredEnvironment -- Reading property sources from loader: io.micronaut.context.env.yaml.YamlPropertySourceLoader@50dfbc58
01:08:48.494 [main] DEBUG io.micronaut.context.env.yaml.YamlPropertySourceLoader -- Found PropertySource for file name: application.yml
01:08:48.534 [main] DEBUG io.micronaut.context.env.yaml.YamlPropertySourceLoader -- No PropertySource found for file name: application-test.yml
01:08:48.535 [main] DEBUG io.micronaut.context.env.yaml.YamlPropertySourceLoader -- No PropertySource found for file name: application-test.yaml
01:08:48.535 [main] DEBUG io.micronaut.context.DefaultApplicationContext$RuntimeConfiguredEnvironment -- Reading property sources from loader: io.micronaut.jackson.core.env.CloudFoundryVcapApplicationPropertySourceLoader@149dd36b
01:08:48.535 [main] DEBUG io.micronaut.jackson.core.env.CloudFoundryVcapApplicationPropertySourceLoader -- No PropertySource found for file name: application.VCAP_APPLICATION
01:08:48.535 [main] DEBUG io.micronaut.jackson.core.env.CloudFoundryVcapApplicationPropertySourceLoader -- No PropertySource found for file name: application-test.VCAP_APPLICATION
01:08:48.535 [main] DEBUG io.micronaut.context.DefaultApplicationContext$RuntimeConfiguredEnvironment -- Reading property sources from loader: io.micronaut.jackson.core.env.JsonPropertySourceLoader@38831718
01:08:48.535 [main] DEBUG io.micronaut.jackson.core.env.JsonPropertySourceLoader -- No PropertySource found for file name: application.json
01:08:48.535 [main] DEBUG io.micronaut.jackson.core.env.JsonPropertySourceLoader -- No PropertySource found for file name: application-test.json
01:08:48.535 [main] DEBUG io.micronaut.context.DefaultApplicationContext$RuntimeConfiguredEnvironment -- Reading property sources from loader: io.micronaut.jackson.core.env.EnvJsonPropertySourceLoader@2c1156a7
01:08:48.535 [main] DEBUG io.micronaut.jackson.core.env.EnvJsonPropertySourceLoader -- No PropertySource found for file name: application.json
01:08:48.535 [main] DEBUG io.micronaut.jackson.core.env.EnvJsonPropertySourceLoader -- No PropertySource found for file name: application-test.json
01:08:48.535 [main] DEBUG io.micronaut.context.DefaultApplicationContext$RuntimeConfiguredEnvironment -- Reading property sources from loader: io.micronaut.jackson.core.env.CloudFoundryVcapServicesPropertySourceLoader@33fe57a9
01:08:48.535 [main] DEBUG io.micronaut.jackson.core.env.CloudFoundryVcapServicesPropertySourceLoader -- No PropertySource found for file name: application.VCAP_SERVICES
01:08:48.536 [main] DEBUG io.micronaut.jackson.core.env.CloudFoundryVcapServicesPropertySourceLoader -- No PropertySource found for file name: application-test.VCAP_SERVICES
01:08:48.537 [main] DEBUG io.micronaut.context.DefaultApplicationContext$RuntimeConfiguredEnvironment -- Processing property source: application
01:08:48.538 [main] DEBUG io.micronaut.context.DefaultApplicationContext$RuntimeConfiguredEnvironment -- Processing property source: env
01:08:48.539 [main] DEBUG io.micronaut.context.DefaultApplicationContext$RuntimeConfiguredEnvironment -- Processing property source: system
01:08:48.540 [main] DEBUG io.micronaut.context.DefaultApplicationContext$RuntimeConfiguredEnvironment -- Processing property source: test-properties
01:08:48.548 [main] DEBUG io.micronaut.context.DefaultBeanContext -- Finding candidate beans for type: DefaultEnvironment
01:08:48.549 [main] DEBUG io.micronaut.context.DefaultBeanContext -- No bean candidates found for type: DefaultEnvironment
01:08:48.551 [main] DEBUG io.micronaut.context.DefaultBeanContext -- Starting BeanContext
01:08:48.554 [main] DEBUG io.micronaut.context.condition.Condition -- Configuration: io.micronaut.security.x509 will not be loaded due to failing conditions:
01:08:48.554 [main] DEBUG io.micronaut.context.condition.Condition -- * Required property [micronaut.security.x509.enabled] with value [true] not present
01:08:48.555 [main] DEBUG io.micronaut.context.DefaultBeanContext -- Finding candidate beans for type: HttpClientRegistry
01:08:48.555 [main] DEBUG io.micronaut.context.DefaultBeanContext --   class io.micronaut.http.client.netty.DefaultNettyHttpClientRegistry null Definition: io.micronaut.http.client.netty.DefaultNettyHttpClientRegistry
01:08:48.560 [main] DEBUG io.micronaut.context.DefaultBeanContext -- Finding candidate beans for type: BeanCreatedEventListener
01:08:48.560 [main] DEBUG io.micronaut.context.condition.Condition -- Bean [Definition: io.micronaut.web.router.version.VersionAwareRouterListener] will not be loaded due to failing conditions:
01:08:48.560 [main] DEBUG io.micronaut.context.condition.Condition -- * Required property [micronaut.router.versioning.enabled] with value [true] not present
01:08:48.562 [main] DEBUG io.micronaut.context.condition.Condition -- Bean [io.micronaut.tracing.opentelemetry.xray.$SdkClientBuilderListener$Definition] will not be loaded due to failing conditions:
01:08:48.562 [main] DEBUG io.micronaut.context.condition.Condition -- * Class [io.opentelemetry.instrumentation.awssdk.v2_2.AwsSdkTelemetry] is not present
01:08:48.562 [main] DEBUG io.micronaut.context.DefaultBeanContext --   class io.micronaut.context.propagation.instrument.execution.ExecutorServiceInstrumenter null Definition: io.micronaut.context.propagation.instrument.execution.ExecutorServiceInstrumenter
01:08:48.562 [main] DEBUG io.micronaut.context.DefaultBeanContext -- Finding candidate beans for type: BeanInitializedEventListener
01:08:48.562 [main] DEBUG io.micronaut.context.DefaultBeanContext -- No bean candidates found for type: BeanInitializedEventListener
01:08:48.563 [main] DEBUG io.micronaut.context.DefaultBeanContext -- Resolving beans for type: io.micronaut.core.convert.TypeConverter
01:08:48.563 [main] DEBUG io.micronaut.context.DefaultBeanContext -- Finding candidate beans for type: TypeConverter
01:08:48.563 [main] DEBUG io.micronaut.context.DefaultBeanContext --   class io.micronaut.security.token.jwt.converters.KeyTypeConverter null Definition: io.micronaut.security.token.jwt.converters.KeyTypeConverter
01:08:48.563 [main] DEBUG io.micronaut.context.DefaultBeanContext --   class io.micronaut.security.token.jwt.converters.JWEAlgorithmConverter null Definition: io.micronaut.security.token.jwt.converters.JWEAlgorithmConverter
01:08:48.563 [main] DEBUG io.micronaut.context.DefaultBeanContext --   class io.micronaut.security.config.InterceptUrlMapConverter null Definition: io.micronaut.security.config.InterceptUrlMapConverter
01:08:48.563 [main] DEBUG io.micronaut.context.DefaultBeanContext --   class io.micronaut.security.token.jwt.converters.JWSAlgorithmConverter null Definition: io.micronaut.security.token.jwt.converters.JWSAlgorithmConverter
01:08:48.563 [main] DEBUG io.micronaut.context.DefaultBeanContext --   class io.micronaut.security.token.jwt.converters.EncryptionMethodConverter null Definition: io.micronaut.security.token.jwt.converters.EncryptionMethodConverter
01:08:48.568 [main] DEBUG io.micronaut.context.lifecycle -- Created bean [io.micronaut.security.token.jwt.converters.KeyTypeConverter@1d730606] from definition [Definition: io.micronaut.security.token.jwt.converters.KeyTypeConverter] with qualifier [null]
01:08:48.568 [main] DEBUG io.micronaut.context.DefaultBeanContext -- Found a registration BeanRegistration: io.micronaut.security.token.jwt.converters.KeyTypeConverter@1d730606 for candidate: Definition: io.micronaut.security.token.jwt.converters.KeyTypeConverter with qualifier: null
01:08:48.568 [main] DEBUG io.micronaut.context.lifecycle -- Created bean [io.micronaut.security.token.jwt.converters.JWEAlgorithmConverter@6c45ee6e] from definition [Definition: io.micronaut.security.token.jwt.converters.JWEAlgorithmConverter] with qualifier [null]
01:08:48.568 [main] DEBUG io.micronaut.context.DefaultBeanContext -- Found a registration BeanRegistration: io.micronaut.security.token.jwt.converters.JWEAlgorithmConverter@6c45ee6e for candidate: Definition: io.micronaut.security.token.jwt.converters.JWEAlgorithmConverter with qualifier: null
01:08:48.568 [main] DEBUG io.micronaut.context.lifecycle -- Created bean [io.micronaut.security.config.InterceptUrlMapConverter@5aac4250] from definition [Definition: io.micronaut.security.config.InterceptUrlMapConverter] with qualifier [null]
01:08:48.568 [main] DEBUG io.micronaut.context.DefaultBeanContext -- Found a registration BeanRegistration: io.micronaut.security.config.InterceptUrlMapConverter@5aac4250 for candidate: Definition: io.micronaut.security.config.InterceptUrlMapConverter with qualifier: null
01:08:48.568 [main] DEBUG io.micronaut.context.lifecycle -- Created bean [io.micronaut.security.token.jwt.converters.JWSAlgorithmConverter@42463763] from definition [Definition: io.micronaut.security.token.jwt.converters.JWSAlgorithmConverter] with qualifier [null]
01:08:48.568 [main] DEBUG io.micronaut.context.DefaultBeanContext -- Found a registration BeanRegistration: io.micronaut.security.token.jwt.converters.JWSAlgorithmConverter@42463763 for candidate: Definition: io.micronaut.security.token.jwt.converters.JWSAlgorithmConverter with qualifier: null
01:08:48.568 [main] DEBUG io.micronaut.context.lifecycle -- Created bean [io.micronaut.security.token.jwt.converters.EncryptionMethodConverter@61f05988] from definition [Definition: io.micronaut.security.token.jwt.converters.EncryptionMethodConverter] with qualifier [null]
01:08:48.568 [main] DEBUG io.micronaut.context.DefaultBeanContext -- Found a registration BeanRegistration: io.micronaut.security.token.jwt.converters.EncryptionMethodConverter@61f05988 for candidate: Definition: io.micronaut.security.token.jwt.converters.EncryptionMethodConverter with qualifier: null
01:08:48.568 [main] DEBUG io.micronaut.context.DefaultBeanContext -- Resolving beans for type: io.micronaut.core.convert.TypeConverterRegistrar
01:08:48.568 [main] DEBUG io.micronaut.context.DefaultBeanContext -- Finding candidate beans for type: TypeConverterRegistrar
01:08:48.568 [main] DEBUG io.micronaut.context.condition.Condition -- Bean [Definition: io.micronaut.http.netty.channel.converters.KQueueChannelOptionFactory] will not be loaded due to failing conditions:
01:08:48.568 [main] DEBUG io.micronaut.context.condition.Condition -- * Class [io.netty.channel.kqueue.KQueue] is not present
01:08:48.568 [main] DEBUG io.micronaut.context.condition.Condition -- Bean [Definition: io.micronaut.reactor.convert.ReactorToRxJava2ConverterRegistrar] will not be loaded due to failing conditions:
01:08:48.568 [main] DEBUG io.micronaut.context.condition.Condition -- * Class [io.reactivex.Maybe] is not present
01:08:48.569 [main] DEBUG io.micronaut.context.condition.Condition -- Bean [Definition: io.micronaut.reactor.convert.ReactorToRxJava3ConverterRegistrar] will not be loaded due to failing conditions:
01:08:48.569 [main] DEBUG io.micronaut.context.condition.Condition -- * Class [io.reactivex.rxjava3.core.Maybe] is not present
01:08:48.569 [main] DEBUG io.micronaut.context.DefaultBeanContext --   class io.micronaut.http.server.netty.converters.NettyConverters null Definition: io.micronaut.http.server.netty.converters.NettyConverters
01:08:48.569 [main] DEBUG io.micronaut.context.DefaultBeanContext --   class io.micronaut.http.converters.HttpConverterRegistrar null Definition: io.micronaut.http.converters.HttpConverterRegistrar
01:08:48.569 [main] DEBUG io.micronaut.context.DefaultBeanContext --   class io.micronaut.json.convert.JsonConverterRegistrar null Definition: io.micronaut.json.convert.JsonConverterRegistrar
01:08:48.569 [main] DEBUG io.micronaut.context.DefaultBeanContext --   class io.micronaut.jackson.databind.convert.JacksonConverterRegistrar null Definition: io.micronaut.jackson.databind.convert.JacksonConverterRegistrar
01:08:48.570 [main] DEBUG io.micronaut.core.reflect.ClassUtils -- Attempting to dynamically load class io.micronaut.context.annotation.Prototype
01:08:48.570 [main] DEBUG io.micronaut.core.reflect.ClassUtils -- Successfully loaded class io.micronaut.context.annotation.Prototype
01:08:48.570 [main] DEBUG io.micronaut.context.DefaultBeanContext -- Finding candidate beans for type: BeanProvider<MediaTypeCodecRegistry T> decoderRegistryProvider
01:08:48.570 [main] DEBUG io.micronaut.context.DefaultBeanContext --   interface io.micronaut.context.BeanProvider null io.micronaut.inject.provider.BeanProviderDefinition@1c396aae
01:08:48.570 [main] DEBUG io.micronaut.context.DefaultBeanContext -- Found concrete candidate [io.micronaut.inject.provider.BeanProviderDefinition@1c396aae] for type: decoderRegistryProvider 
01:08:48.570 [main] DEBUG io.micronaut.context.lifecycle -- Created bean [io.micronaut.inject.provider.BeanProviderDefinition$1@2c532cd8] from definition [io.micronaut.inject.provider.BeanProviderDefinition@1c396aae] with qualifier [null]
01:08:48.571 [main] DEBUG io.micronaut.context.DefaultBeanContext -- Finding candidate beans for type: BeanProvider<MessageBodyHandlerRegistry T> messageBodyHandlerRegistries
01:08:48.571 [main] DEBUG io.micronaut.context.DefaultBeanContext --   interface io.micronaut.context.BeanProvider null io.micronaut.inject.provider.BeanProviderDefinition@1c396aae
01:08:48.571 [main] DEBUG io.micronaut.context.DefaultBeanContext -- Found concrete candidate [io.micronaut.inject.provider.BeanProviderDefinition@1c396aae] for type: messageBodyHandlerRegistries 
01:08:48.571 [main] DEBUG io.micronaut.context.lifecycle -- Created bean [io.micronaut.inject.provider.BeanProviderDefinition$1@51972dc7] from definition [io.micronaut.inject.provider.BeanProviderDefinition@1c396aae] with qualifier [null]
01:08:48.571 [main] DEBUG io.micronaut.context.DefaultBeanContext -- Finding candidate beans for type: BeanProvider<ChannelOptionFactory T> channelOptionFactory
01:08:48.571 [main] DEBUG io.micronaut.context.DefaultBeanContext --   interface io.micronaut.context.BeanProvider null io.micronaut.inject.provider.BeanProviderDefinition@1c396aae
01:08:48.571 [main] DEBUG io.micronaut.context.DefaultBeanContext -- Found concrete candidate [io.micronaut.inject.provider.BeanProviderDefinition@1c396aae] for type: channelOptionFactory 
01:08:48.571 [main] DEBUG io.micronaut.context.lifecycle -- Created bean [io.micronaut.inject.provider.BeanProviderDefinition$1@2002348] from definition [io.micronaut.inject.provider.BeanProviderDefinition@1c396aae] with qualifier [null]
01:08:48.571 [main] DEBUG io.micronaut.context.lifecycle -- Created bean [io.micronaut.http.server.netty.converters.NettyConverters@5911e990] from definition [Definition: io.micronaut.http.server.netty.converters.NettyConverters] with qualifier [null]
01:08:48.571 [main] DEBUG io.micronaut.context.DefaultBeanContext -- Found a registration BeanRegistration: io.micronaut.http.server.netty.converters.NettyConverters@5911e990 for candidate: Definition: io.micronaut.http.server.netty.converters.NettyConverters with qualifier: null
01:08:48.571 [main] DEBUG io.micronaut.core.reflect.ClassUtils -- Attempting to dynamically load class io.micronaut.context.annotation.Prototype
01:08:48.571 [main] DEBUG io.micronaut.core.reflect.ClassUtils -- Successfully loaded class io.micronaut.context.annotation.Prototype
01:08:48.571 [main] DEBUG io.micronaut.context.DefaultBeanContext -- Finding candidate beans for type: BeanProvider<ResourceResolver T> resourceResolver
01:08:48.571 [main] DEBUG io.micronaut.context.DefaultBeanContext --   interface io.micronaut.context.BeanProvider null io.micronaut.inject.provider.BeanProviderDefinition@1c396aae
01:08:48.571 [main] DEBUG io.micronaut.context.DefaultBeanContext -- Found concrete candidate [io.micronaut.inject.provider.BeanProviderDefinition@1c396aae] for type: resourceResolver 
01:08:48.571 [main] DEBUG io.micronaut.context.lifecycle -- Created bean [io.micronaut.inject.provider.BeanProviderDefinition$1@24d09c1] from definition [io.micronaut.inject.provider.BeanProviderDefinition@1c396aae] with qualifier [null]
01:08:48.571 [main] DEBUG io.micronaut.context.lifecycle -- Created bean [io.micronaut.http.converters.HttpConverterRegistrar@54c62d71] from definition [Definition: io.micronaut.http.converters.HttpConverterRegistrar] with qualifier [null]
01:08:48.571 [main] DEBUG io.micronaut.context.DefaultBeanContext -- Found a registration BeanRegistration: io.micronaut.http.converters.HttpConverterRegistrar@54c62d71 for candidate: Definition: io.micronaut.http.converters.HttpConverterRegistrar with qualifier: null
01:08:48.571 [main] DEBUG io.micronaut.core.reflect.ClassUtils -- Attempting to dynamically load class io.micronaut.context.annotation.Prototype
01:08:48.571 [main] DEBUG io.micronaut.core.reflect.ClassUtils -- Successfully loaded class io.micronaut.context.annotation.Prototype
01:08:48.571 [main] DEBUG io.micronaut.context.DefaultBeanContext -- Finding candidate beans for type: BeanProvider<JsonMapper T> objectCodec
01:08:48.571 [main] DEBUG io.micronaut.context.DefaultBeanContext --   interface io.micronaut.context.BeanProvider null io.micronaut.inject.provider.BeanProviderDefinition@1c396aae
01:08:48.572 [main] DEBUG io.micronaut.context.DefaultBeanContext -- Found concrete candidate [io.micronaut.inject.provider.BeanProviderDefinition@1c396aae] for type: objectCodec 
01:08:48.572 [main] DEBUG io.micronaut.context.lifecycle -- Created bean [io.micronaut.inject.provider.BeanProviderDefinition$1@2d1dee39] from definition [io.micronaut.inject.provider.BeanProviderDefinition@1c396aae] with qualifier [null]
01:08:48.572 [main] DEBUG io.micronaut.context.DefaultBeanContext -- Finding candidate beans for type: BeanProvider<BeanPropertyBinder T> beanPropertyBinder
01:08:48.572 [main] DEBUG io.micronaut.context.DefaultBeanContext --   interface io.micronaut.context.BeanProvider null io.micronaut.inject.provider.BeanProviderDefinition@1c396aae
01:08:48.572 [main] DEBUG io.micronaut.context.DefaultBeanContext -- Found concrete candidate [io.micronaut.inject.provider.BeanProviderDefinition@1c396aae] for type: beanPropertyBinder 
01:08:48.572 [main] DEBUG io.micronaut.context.lifecycle -- Created bean [io.micronaut.inject.provider.BeanProviderDefinition$1@fc258b1] from definition [io.micronaut.inject.provider.BeanProviderDefinition@1c396aae] with qualifier [null]
01:08:48.572 [main] DEBUG io.micronaut.context.lifecycle -- Created bean [io.micronaut.json.convert.JsonConverterRegistrar@6ff65192] from definition [Definition: io.micronaut.json.convert.JsonConverterRegistrar] with qualifier [null]
01:08:48.572 [main] DEBUG io.micronaut.context.DefaultBeanContext -- Found a registration BeanRegistration: io.micronaut.json.convert.JsonConverterRegistrar@6ff65192 for candidate: Definition: io.micronaut.json.convert.JsonConverterRegistrar with qualifier: null
01:08:48.572 [main] DEBUG io.micronaut.core.reflect.ClassUtils -- Attempting to dynamically load class io.micronaut.context.annotation.Prototype
01:08:48.572 [main] DEBUG io.micronaut.core.reflect.ClassUtils -- Successfully loaded class io.micronaut.context.annotation.Prototype
01:08:48.572 [main] DEBUG io.micronaut.context.DefaultBeanContext -- Finding candidate beans for type: BeanProvider<ObjectMapper T> objectMapper
01:08:48.572 [main] DEBUG io.micronaut.context.DefaultBeanContext --   interface io.micronaut.context.BeanProvider null io.micronaut.inject.provider.BeanProviderDefinition@1c396aae
01:08:48.572 [main] DEBUG io.micronaut.context.DefaultBeanContext -- Found concrete candidate [io.micronaut.inject.provider.BeanProviderDefinition@1c396aae] for type: objectMapper 
01:08:48.572 [main] DEBUG io.micronaut.context.lifecycle -- Created bean [io.micronaut.inject.provider.BeanProviderDefinition$1@674bd420] from definition [io.micronaut.inject.provider.BeanProviderDefinition@1c396aae] with qualifier [null]
01:08:48.572 [main] DEBUG io.micronaut.context.lifecycle -- Created bean [io.micronaut.jackson.databind.convert.JacksonConverterRegistrar@2b0f373b] from definition [Definition: io.micronaut.jackson.databind.convert.JacksonConverterRegistrar] with qualifier [null]
01:08:48.572 [main] DEBUG io.micronaut.context.DefaultBeanContext -- Found a registration BeanRegistration: io.micronaut.jackson.databind.convert.JacksonConverterRegistrar@2b0f373b for candidate: Definition: io.micronaut.jackson.databind.convert.JacksonConverterRegistrar with qualifier: null
01:08:48.573 [main] DEBUG io.micronaut.context.DefaultBeanContext -- Found 4 bean registrations for type [typeConverterRegistrar]
01:08:48.573 [main] DEBUG io.micronaut.context.DefaultBeanContext --   Definition: io.micronaut.http.server.netty.converters.NettyConverters null
01:08:48.573 [main] DEBUG io.micronaut.context.DefaultBeanContext --   Definition: io.micronaut.http.converters.HttpConverterRegistrar null
01:08:48.573 [main] DEBUG io.micronaut.context.DefaultBeanContext --   Definition: io.micronaut.json.convert.JsonConverterRegistrar null
01:08:48.573 [main] DEBUG io.micronaut.context.DefaultBeanContext --   Definition: io.micronaut.jackson.databind.convert.JacksonConverterRegistrar null
01:08:48.577 [main] DEBUG io.micronaut.context.condition.Condition -- Bean [Definition: io.micronaut.logging.PropertiesLoggingLevelsConfigurer] will not be loaded due to failing conditions:
01:08:48.578 [main] DEBUG io.micronaut.context.condition.Condition -- * Required property [logger] not present
01:08:48.578 [main] DEBUG io.micronaut.context.condition.Condition -- Bean [Definition: io.micronaut.buffer.netty.DefaultByteBufAllocatorConfiguration] will not be loaded due to failing conditions:
01:08:48.578 [main] DEBUG io.micronaut.context.condition.Condition -- * Required property [netty.default.allocator] not present
01:08:48.578 [main] DEBUG io.micronaut.context.condition.Condition -- Bean [Definition: io.micronaut.reactor.instrument.ReactorAutomaticContextPropagation] will not be loaded due to failing conditions:
01:08:48.578 [main] DEBUG io.micronaut.context.condition.Condition -- * Class [io.micrometer.context.ContextRegistry] is not present
01:08:48.585 [main] DEBUG io.micronaut.context.DefaultBeanContext -- Finding candidate beans for type: BeanDefinitionValidator
01:08:48.586 [main] DEBUG io.micronaut.context.DefaultBeanContext --   class io.micronaut.validation.validator.DefaultValidator null Definition: io.micronaut.validation.validator.DefaultValidator
01:08:48.586 [main] DEBUG io.micronaut.context.DefaultBeanContext -- Found concrete candidate [Definition: io.micronaut.validation.validator.DefaultValidator] for type: beanDefinitionValidator 
01:08:48.589 [main] DEBUG io.micronaut.context.DefaultBeanContext -- Finding candidate beans for type: ValidatorConfiguration configuration
01:08:48.589 [main] DEBUG io.micronaut.context.DefaultBeanContext --   class io.micronaut.validation.validator.DefaultValidatorConfiguration null Definition: io.micronaut.validation.validator.DefaultValidatorConfiguration
01:08:48.589 [main] DEBUG io.micronaut.context.DefaultBeanContext -- Found concrete candidate [Definition: io.micronaut.validation.validator.DefaultValidatorConfiguration] for type: configuration 
01:08:48.590 [main] DEBUG io.micronaut.context.DefaultBeanContext -- Finding candidate beans for type: InternalConstraintValidatorFactory constraintValidatorFactory
01:08:48.590 [main] DEBUG io.micronaut.context.DefaultBeanContext --   class io.micronaut.validation.validator.constraints.DefaultInternalConstraintValidatorFactory null Definition: io.micronaut.validation.validator.constraints.DefaultInternalConstraintValidatorFactory
01:08:48.590 [main] DEBUG io.micronaut.context.DefaultBeanContext -- Found concrete candidate [Definition: io.micronaut.validation.validator.constraints.DefaultInternalConstraintValidatorFactory] for type: constraintValidatorFactory 
01:08:48.592 [main] DEBUG io.micronaut.context.lifecycle -- Created bean [io.micronaut.validation.validator.constraints.DefaultInternalConstraintValidatorFactory@235a0c16] from definition [Definition: io.micronaut.validation.validator.constraints.DefaultInternalConstraintValidatorFactory] with qualifier [null]
01:08:48.592 [main] DEBUG io.micronaut.context.DefaultBeanContext -- Finding candidate beans for type: ConstraintValidatorRegistry constraintValidatorRegistry
01:08:48.592 [main] DEBUG io.micronaut.context.DefaultBeanContext --   class io.micronaut.validation.validator.constraints.DefaultConstraintValidators null Definition: io.micronaut.validation.validator.constraints.DefaultConstraintValidators
01:08:48.592 [main] DEBUG io.micronaut.context.DefaultBeanContext -- Found concrete candidate [Definition: io.micronaut.validation.validator.constraints.DefaultConstraintValidators] for type: constraintValidatorRegistry 
01:08:48.638 [main] DEBUG io.micronaut.core.beans.DefaultBeanIntrospector -- Found BeanIntrospection for type: class io.micronaut.validation.validator.constraints.InternalConstraintValidators,
01:08:48.645 [main] DEBUG io.micronaut.context.lifecycle -- Created bean [io.micronaut.validation.validator.constraints.DefaultConstraintValidators@3f0846c6] from definition [Definition: io.micronaut.validation.validator.constraints.DefaultConstraintValidators] with qualifier [null]
01:08:48.645 [main] DEBUG io.micronaut.context.DefaultBeanContext -- Finding candidate beans for type: ValueExtractorRegistry valueExtractorRegistry
01:08:48.646 [main] DEBUG io.micronaut.context.DefaultBeanContext --   class io.micronaut.validation.validator.extractors.DefaultValueExtractors null Definition: io.micronaut.validation.validator.extractors.DefaultValueExtractors
01:08:48.646 [main] DEBUG io.micronaut.context.DefaultBeanContext -- Found concrete candidate [Definition: io.micronaut.validation.validator.extractors.DefaultValueExtractors] for type: valueExtractorRegistry 
01:08:48.647 [main] DEBUG io.micronaut.core.beans.DefaultBeanIntrospector -- Found BeanIntrospection for type: class io.micronaut.validation.validator.extractors.InternalValueExtractors,
01:08:48.648 [main] DEBUG io.micronaut.context.DefaultBeanContext -- Finding candidate beans for type: ValueExtractor
01:08:48.648 [main] DEBUG io.micronaut.context.DefaultBeanContext -- No bean candidates found for type: ValueExtractor
01:08:48.648 [main] DEBUG io.micronaut.context.lifecycle -- Created bean [io.micronaut.validation.validator.extractors.DefaultValueExtractors@58fe0499] from definition [Definition: io.micronaut.validation.validator.extractors.DefaultValueExtractors] with qualifier [null]
01:08:48.648 [main] DEBUG io.micronaut.context.DefaultBeanContext -- Finding candidate beans for type: ClockProvider clockProvider
01:08:48.648 [main] DEBUG io.micronaut.context.DefaultBeanContext --   class io.micronaut.validation.validator.DefaultClockProvider null Definition: io.micronaut.validation.validator.DefaultClockProvider
01:08:48.648 [main] DEBUG io.micronaut.context.DefaultBeanContext -- Found concrete candidate [Definition: io.micronaut.validation.validator.DefaultClockProvider] for type: clockProvider 
01:08:48.648 [main] DEBUG io.micronaut.context.lifecycle -- Created bean [io.micronaut.validation.validator.DefaultClockProvider@68b6f0d6] from definition [Definition: io.micronaut.validation.validator.DefaultClockProvider] with qualifier [null]
01:08:48.648 [main] DEBUG io.micronaut.context.DefaultBeanContext -- Finding candidate beans for type: TraversableResolver traversableResolver
01:08:48.648 [main] DEBUG io.micronaut.context.DefaultBeanContext --   class io.micronaut.validation.validator.resolver.CompositeTraversableResolver null Definition: io.micronaut.validation.validator.resolver.CompositeTraversableResolver
01:08:48.648 [main] DEBUG io.micronaut.context.DefaultBeanContext -- Found concrete candidate [Definition: io.micronaut.validation.validator.resolver.CompositeTraversableResolver] for type: traversableResolver 
01:08:48.648 [main] DEBUG io.micronaut.context.DefaultBeanContext -- Resolving beans for type: jakarta.validation.TraversableResolver
01:08:48.648 [main] DEBUG io.micronaut.context.DefaultBeanContext -- Finding candidate beans for type: TraversableResolver E
01:08:48.649 [main] DEBUG io.micronaut.context.DefaultBeanContext --   class io.micronaut.validation.validator.resolver.CompositeTraversableResolver null Definition: io.micronaut.validation.validator.resolver.CompositeTraversableResolver
01:08:48.649 [main] DEBUG io.micronaut.context.lifecycle -- Created bean [io.micronaut.validation.validator.resolver.CompositeTraversableResolver@36f48b4] from definition [Definition: io.micronaut.validation.validator.resolver.CompositeTraversableResolver] with qualifier [null]
01:08:48.650 [main] DEBUG io.micronaut.context.DefaultBeanContext -- Finding candidate beans for type: MessageInterpolator messageInterpolator
01:08:48.650 [main] DEBUG io.micronaut.context.DefaultBeanContext --   class io.micronaut.validation.validator.messages.DefaultMessageInterpolator null Definition: io.micronaut.validation.validator.messages.DefaultMessageInterpolator
01:08:48.650 [main] DEBUG io.micronaut.context.DefaultBeanContext -- Found concrete candidate [Definition: io.micronaut.validation.validator.messages.DefaultMessageInterpolator] for type: messageInterpolator 
01:08:48.650 [main] DEBUG io.micronaut.context.DefaultBeanContext -- Finding candidate beans for type: MessageSource messageSource
01:08:48.650 [main] DEBUG io.micronaut.context.DefaultBeanContext --   class io.micronaut.runtime.context.CompositeMessageSource null Definition: io.micronaut.runtime.context.CompositeMessageSource
01:08:48.650 [main] DEBUG io.micronaut.context.DefaultBeanContext --   class io.micronaut.validation.validator.messages.DefaultMessages null Definition: io.micronaut.validation.validator.messages.DefaultMessages
01:08:48.650 [main] DEBUG io.micronaut.context.DefaultBeanContext -- Searching for @Primary for type [messageSource] from candidates: [Definition: io.micronaut.runtime.context.CompositeMessageSource, Definition: io.micronaut.validation.validator.messages.DefaultMessages] 
01:08:48.650 [main] DEBUG io.micronaut.context.DefaultBeanContext -- Found concrete candidate [Definition: io.micronaut.runtime.context.CompositeMessageSource] for type: messageSource 
01:08:48.651 [main] DEBUG io.micronaut.context.DefaultBeanContext -- Resolving beans for type: io.micronaut.context.MessageSource
01:08:48.651 [main] DEBUG io.micronaut.context.DefaultBeanContext -- Finding candidate beans for type: MessageSource E
01:08:48.651 [main] DEBUG io.micronaut.context.DefaultBeanContext --   class io.micronaut.runtime.context.CompositeMessageSource null Definition: io.micronaut.runtime.context.CompositeMessageSource
01:08:48.651 [main] DEBUG io.micronaut.context.DefaultBeanContext --   class io.micronaut.validation.validator.messages.DefaultMessages null Definition: io.micronaut.validation.validator.messages.DefaultMessages
01:08:48.651 [main] DEBUG io.micronaut.core.reflect.ClassUtils -- Attempting to dynamically load class io.micronaut.context.annotation.Prototype
01:08:48.651 [main] DEBUG io.micronaut.core.reflect.ClassUtils -- Successfully loaded class io.micronaut.context.annotation.Prototype
01:08:48.652 [main] DEBUG io.micronaut.context.lifecycle -- Created bean [io.micronaut.validation.validator.messages.DefaultMessages@72758afa] from definition [Definition: io.micronaut.validation.validator.messages.DefaultMessages] with qualifier [null]
01:08:48.652 [main] DEBUG io.micronaut.context.DefaultBeanContext -- Found a registration BeanRegistration: io.micronaut.validation.validator.messages.DefaultMessages@72758afa for candidate: Definition: io.micronaut.validation.validator.messages.DefaultMessages with qualifier: null
01:08:48.652 [main] DEBUG io.micronaut.context.DefaultBeanContext -- Found 1 bean registrations for type [E]
01:08:48.652 [main] DEBUG io.micronaut.context.DefaultBeanContext --   Definition: io.micronaut.validation.validator.messages.DefaultMessages null
01:08:48.652 [main] DEBUG io.micronaut.context.lifecycle -- Created bean [io.micronaut.runtime.context.CompositeMessageSource@fb9c7aa] from definition [Definition: io.micronaut.runtime.context.CompositeMessageSource] with qualifier [null]
01:08:48.652 [main] DEBUG io.micronaut.context.lifecycle -- Created bean [io.micronaut.validation.validator.messages.DefaultMessageInterpolator@4c398c80] from definition [Definition: io.micronaut.validation.validator.messages.DefaultMessageInterpolator] with qualifier [null]
01:08:48.652 [main] DEBUG io.micronaut.context.lifecycle -- Created bean [io.micronaut.validation.validator.DefaultValidatorConfiguration@60a2630a] from definition [Definition: io.micronaut.validation.validator.DefaultValidatorConfiguration] with qualifier [null]
01:08:48.652 [main] DEBUG io.micronaut.context.lifecycle -- Created bean [io.micronaut.validation.validator.DefaultValidator@29df4d43] from definition [Definition: io.micronaut.validation.validator.DefaultValidator] with qualifier [null]
01:08:48.657 [main] DEBUG io.micronaut.core.beans.DefaultBeanIntrospector -- No BeanIntrospection found for bean type: interface jakarta.validation.groups.Default
01:08:48.659 [main] DEBUG io.micronaut.core.beans.DefaultBeanIntrospector -- Found BeanIntrospection for type: class io.micronaut.security.token.jwt.signature.secret.SecretSignatureConfiguration,
01:08:48.662 [main] DEBUG io.micronaut.context.lifecycle -- Created bean [io.micronaut.security.token.jwt.signature.secret.SecretSignatureConfiguration@41813449] from definition [Definition: io.micronaut.security.token.jwt.signature.secret.SecretSignatureConfiguration] with qualifier [@Named('generator')]
01:08:48.662 [main] DEBUG io.micronaut.context.DefaultBeanContext -- Finding candidate beans for type: ReactorConfiguration configuration
01:08:48.663 [main] DEBUG io.micronaut.context.DefaultBeanContext --   class io.micronaut.reactor.config.ReactorConfiguration null Definition: io.micronaut.reactor.config.ReactorConfiguration
01:08:48.663 [main] DEBUG io.micronaut.context.DefaultBeanContext -- Found concrete candidate [Definition: io.micronaut.reactor.config.ReactorConfiguration] for type: configuration 
01:08:48.663 [main] DEBUG io.micronaut.context.lifecycle -- Created bean [ReactorConfiguration[enableAutomaticContextPropagation=null, enableScheduleHookContextPropagation=null]] from definition [Definition: io.micronaut.reactor.config.ReactorConfiguration] with qualifier [null]
01:08:48.666 [main] DEBUG reactor.util.Loggers -- Using Slf4j logging framework
01:08:48.666 [main] DEBUG io.micronaut.context.lifecycle -- Created bean [io.micronaut.reactor.instrument.ReactorInstrumentation@47605f2f] from definition [Definition: io.micronaut.reactor.instrument.ReactorInstrumentation] with qualifier [null]
01:08:48.667 [main] DEBUG io.micronaut.core.beans.DefaultBeanIntrospector -- Found BeanIntrospection for type: class io.micronaut.health.HeartbeatDiscoveryClientCondition,
01:08:48.667 [main] DEBUG io.micronaut.context.DefaultBeanContext -- Finding candidate beans for type: DiscoveryClient
01:08:48.667 [main] DEBUG io.micronaut.context.DefaultBeanContext --   class io.micronaut.discovery.DefaultCompositeDiscoveryClient null Definition: io.micronaut.discovery.DefaultCompositeDiscoveryClient
01:08:48.668 [main] DEBUG io.micronaut.context.condition.Condition -- Bean [Definition: io.micronaut.health.HeartbeatTask] will not be loaded due to failing conditions:
01:08:48.668 [main] DEBUG io.micronaut.context.condition.Condition -- * Heartbeat not enabled since no Discovery client active
01:08:48.668 [main] DEBUG io.micronaut.context.condition.Condition -- * Custom condition [class io.micronaut.health.HeartbeatDiscoveryClientCondition] failed evaluation
01:08:48.668 [main] DEBUG io.micronaut.context.DefaultBeanContext -- Finding candidate beans for type: EmbeddedServer
01:08:48.668 [main] DEBUG io.micronaut.context.condition.Condition -- Bean [Definition: io.micronaut.test.support.server.TestExecutableEmbeddedServer] will not be loaded due to failing conditions:
01:08:48.668 [main] DEBUG io.micronaut.context.condition.Condition -- * Required property [micronaut.test.server.executable] not present
01:08:48.668 [main] DEBUG io.micronaut.context.condition.Condition -- Bean [Definition: io.micronaut.test.support.server.TestEmbeddedServer] will not be loaded due to failing conditions:
01:08:48.668 [main] DEBUG io.micronaut.context.condition.Condition -- * Required property [micronaut.test.server.url] not present
01:08:48.668 [main] DEBUG io.micronaut.context.DefaultBeanContext --   interface io.micronaut.http.server.netty.NettyEmbeddedServer null Definition: io.micronaut.http.server.netty.DefaultNettyEmbeddedServerFactory
01:08:48.671 [main] DEBUG io.micronaut.context.DefaultBeanContext -- Resolving beans for type: <Scheduled> io.micronaut.context.processor.ExecutableMethodProcessor 
01:08:48.672 [main] DEBUG io.micronaut.context.DefaultBeanContext -- Finding candidate beans for type: ExecutableMethodProcessor
01:08:48.672 [main] DEBUG io.micronaut.context.DefaultBeanContext --   class io.micronaut.management.endpoint.EndpointSensitivityProcessor null Definition: io.micronaut.management.endpoint.EndpointSensitivityProcessor
01:08:48.672 [main] DEBUG io.micronaut.context.DefaultBeanContext --   class io.micronaut.runtime.beans.MapperMethodProcessor null Definition: io.micronaut.runtime.beans.MapperMethodProcessor
01:08:48.672 [main] DEBUG io.micronaut.context.DefaultBeanContext --   class io.micronaut.scheduling.processor.ScheduledMethodProcessor null Definition: io.micronaut.scheduling.processor.ScheduledMethodProcessor
01:08:48.672 [main] DEBUG io.micronaut.context.DefaultBeanContext --   class io.micronaut.http.client.filter.DefaultHttpClientFilterResolver null Definition: io.micronaut.http.client.filter.DefaultHttpClientFilterResolver
01:08:48.672 [main] DEBUG io.micronaut.context.DefaultBeanContext --   class io.micronaut.web.router.ServerFilterRouteBuilder null Definition: io.micronaut.web.router.ServerFilterRouteBuilder
01:08:48.672 [main] DEBUG io.micronaut.context.DefaultBeanContext --   class io.micronaut.web.router.AnnotatedMethodRouteBuilder null Definition: io.micronaut.web.router.AnnotatedMethodRouteBuilder
01:08:48.672 [main] DEBUG io.micronaut.context.DefaultBeanContext --   class io.micronaut.management.endpoint.processors.DeleteEndpointRouteBuilder null Definition: io.micronaut.management.endpoint.processors.DeleteEndpointRouteBuilder
01:08:48.673 [main] DEBUG io.micronaut.context.DefaultBeanContext --   class io.micronaut.management.endpoint.processors.WriteEndpointRouteBuilder null Definition: io.micronaut.management.endpoint.processors.WriteEndpointRouteBuilder
01:08:48.673 [main] DEBUG io.micronaut.context.DefaultBeanContext --   class io.micronaut.http.server.websocket.ServerWebSocketProcessor null Definition: io.micronaut.http.server.websocket.ServerWebSocketProcessor
01:08:48.673 [main] DEBUG io.micronaut.context.DefaultBeanContext --   class io.micronaut.management.endpoint.processors.ReadEndpointRouteBuilder null Definition: io.micronaut.management.endpoint.processors.ReadEndpointRouteBuilder
01:08:48.673 [main] DEBUG io.micronaut.context.DefaultBeanContext -- Finding candidate beans for type: ConversionService T
01:08:48.673 [main] DEBUG io.micronaut.context.DefaultBeanContext --   class io.micronaut.context.env.DefaultEnvironment @Primary io.micronaut.context.DefaultRuntimeBeanDefinition@71b3bc45
01:08:48.673 [main] DEBUG io.micronaut.context.DefaultBeanContext -- Found concrete candidate [io.micronaut.context.DefaultRuntimeBeanDefinition@71b3bc45] for type: T 
01:08:48.673 [main] DEBUG io.micronaut.context.lifecycle -- Created bean [io.micronaut.context.DefaultApplicationContext$RuntimeConfiguredEnvironment@5e403b4a] from definition [io.micronaut.context.DefaultRuntimeBeanDefinition@71b3bc45] with qualifier [@Primary]
01:08:48.674 [main] DEBUG io.micronaut.context.DefaultBeanContext -- Finding candidate beans for type: TaskExceptionHandler<Object T, Throwable E> taskExceptionHandler
01:08:48.674 [main] DEBUG io.micronaut.context.DefaultBeanContext --   class io.micronaut.scheduling.DefaultTaskExceptionHandler null Definition: io.micronaut.scheduling.DefaultTaskExceptionHandler
01:08:48.674 [main] DEBUG io.micronaut.context.DefaultBeanContext -- Found concrete candidate [Definition: io.micronaut.scheduling.DefaultTaskExceptionHandler] for type: taskExceptionHandler 
01:08:48.674 [main] DEBUG io.micronaut.context.lifecycle -- Created bean [io.micronaut.scheduling.DefaultTaskExceptionHandler@5ce33a58] from definition [Definition: io.micronaut.scheduling.DefaultTaskExceptionHandler] with qualifier [null]
01:08:48.675 [main] DEBUG io.micronaut.context.DefaultBeanContext -- Finding candidate beans for qualifier: @Scheduled
01:08:48.675 [main] DEBUG io.micronaut.context.condition.Condition -- Bean [Definition: io.micronaut.scheduling.io.watch.WatchServiceFactory] will not be loaded due to failing conditions:
01:08:48.675 [main] DEBUG io.micronaut.context.condition.Condition -- * Required property [micronaut.io.watch.paths] not present
01:08:48.675 [main] DEBUG io.micronaut.context.condition.Condition -- Bean [Definition: io.micronaut.scheduling.io.watch.FileWatchConfiguration] will not be loaded due to failing conditions:
01:08:48.675 [main] DEBUG io.micronaut.context.condition.Condition -- * Required property [micronaut.io.watch.paths] not present
01:08:48.675 [main] DEBUG io.micronaut.context.condition.Condition -- Bean [Definition: io.micronaut.scheduling.io.watch.DefaultWatchThread] will not be loaded due to failing conditions:
01:08:48.675 [main] DEBUG io.micronaut.context.condition.Condition -- * Required property [micronaut.io.watch.paths] not present
01:08:48.677 [main] DEBUG io.micronaut.context.condition.Condition -- Bean [Definition: io.micronaut.runtime.server.watch.event.FileWatchRestartListener] will not be loaded due to failing conditions:
01:08:48.677 [main] DEBUG io.micronaut.context.condition.Condition -- * Property [micronaut.io.watch.restart] with value [false] does not equal required value: true
01:08:48.677 [main] DEBUG io.micronaut.context.condition.Condition -- Bean [Definition: io.micronaut.logging.impl.Log4jLoggingSystem] will not be loaded due to failing conditions:
01:08:48.677 [main] DEBUG io.micronaut.context.condition.Condition -- * Class [org.apache.logging.log4j.core.config.Configurator] is not present
01:08:48.677 [main] DEBUG io.micronaut.context.condition.Condition -- Bean [Definition: io.micronaut.http.netty.channel.converters.EpollChannelOptionFactory] will not be loaded due to failing conditions:
01:08:48.677 [main] DEBUG io.micronaut.context.condition.Condition -- * Class [io.netty.channel.epoll.Epoll] is not present
01:08:48.677 [main] DEBUG io.micronaut.context.condition.Condition -- Bean [Definition: io.micronaut.http.netty.channel.KQueueEventLoopGroupFactory] will not be loaded due to failing conditions:
01:08:48.677 [main] DEBUG io.micronaut.context.condition.Condition -- * Class [io.netty.channel.kqueue.KQueue] is not present
01:08:48.677 [main] DEBUG io.micronaut.context.condition.Condition -- Bean [Definition: io.micronaut.http.netty.channel.IoUringEventLoopGroupFactory] will not be loaded due to failing conditions:
01:08:48.677 [main] DEBUG io.micronaut.context.condition.Condition -- * Class [io.netty.incubator.channel.uring.IOUring] is not present
01:08:48.677 [main] DEBUG io.micronaut.context.condition.Condition -- Bean [Definition: io.micronaut.http.netty.channel.EpollEventLoopGroupFactory] will not be loaded due to failing conditions:
01:08:48.677 [main] DEBUG io.micronaut.context.condition.Condition -- * Class [io.netty.channel.epoll.Epoll] is not present
01:08:48.677 [main] DEBUG io.micronaut.context.condition.Condition -- Bean [Definition: io.micronaut.http.server.util.locale.HttpFixedLocaleResolver] will not be loaded due to failing conditions:
01:08:48.677 [main] DEBUG io.micronaut.context.condition.Condition -- * Required property [micronaut.server.locale-resolution.fixed] not present
01:08:48.677 [main] DEBUG io.micronaut.context.condition.Condition -- Bean [Definition: io.micronaut.http.server.util.locale.CookieLocaleResolver] will not be loaded due to failing conditions:
01:08:48.677 [main] DEBUG io.micronaut.context.condition.Condition -- * Required property [micronaut.server.locale-resolution.cookie-name] not present
01:08:48.678 [main] DEBUG io.micronaut.context.condition.Condition -- Bean [Definition: io.micronaut.http.server.OptionsFilter] will not be loaded due to failing conditions:
01:08:48.678 [main] DEBUG io.micronaut.context.condition.Condition -- * Property [micronaut.server.dispatch-options-requests] with value [false] does not equal required value: true
01:08:48.678 [main] DEBUG io.micronaut.context.condition.Condition -- Bean [Definition: io.micronaut.http.server.CoroutineHelper] will not be loaded due to failing conditions:
01:08:48.678 [main] DEBUG io.micronaut.context.condition.Condition -- * Class [kotlin.coroutines.CoroutineContext] is not present
01:08:48.678 [main] DEBUG io.micronaut.context.condition.Condition -- Bean [Definition: io.micronaut.discovery.cloud.digitalocean.DigitalOceanMetadataResolver] will not be loaded due to failing conditions:
01:08:48.678 [main] DEBUG io.micronaut.context.condition.Condition -- * None of the required environments [digitalocean] are active: [test]
01:08:48.678 [main] DEBUG io.micronaut.context.condition.Condition -- Bean [Definition: io.micronaut.discovery.cloud.digitalocean.DigitalOceanMetadataConfiguration] will not be loaded due to failing conditions:
01:08:48.678 [main] DEBUG io.micronaut.context.condition.Condition -- * None of the required environments [digitalocean] are active: [test]
01:08:48.678 [main] DEBUG io.micronaut.context.condition.Condition -- Bean [Definition: io.micronaut.http.ssl.ServerSslConfiguration$DefaultTrustStoreConfiguration] will not be loaded due to failing conditions:
01:08:48.678 [main] DEBUG io.micronaut.context.condition.Condition -- * Required property [micronaut.server.ssl.trust-store] not present
01:08:48.678 [main] DEBUG io.micronaut.context.condition.Condition -- Bean [Definition: io.micronaut.http.ssl.ServerSslConfiguration$DefaultKeyStoreConfiguration] will not be loaded due to failing conditions:
01:08:48.678 [main] DEBUG io.micronaut.context.condition.Condition -- * Required property [micronaut.server.ssl.key-store] not present
01:08:48.678 [main] DEBUG io.micronaut.context.condition.Condition -- Bean [Definition: io.micronaut.http.ssl.ServerSslConfiguration$DefaultKeyConfiguration] will not be loaded due to failing conditions:
01:08:48.678 [main] DEBUG io.micronaut.context.condition.Condition -- * Required property [micronaut.server.ssl.key] not present
01:08:48.678 [main] DEBUG io.micronaut.context.condition.Condition -- Bean [Definition: io.micronaut.http.ssl.ClientSslConfiguration$DefaultTrustStoreConfiguration] will not be loaded due to failing conditions:
01:08:48.678 [main] DEBUG io.micronaut.context.condition.Condition -- * Required property [micronaut.http.client.ssl.trust-store] not present
01:08:48.678 [main] DEBUG io.micronaut.context.condition.Condition -- Bean [Definition: io.micronaut.http.ssl.ClientSslConfiguration$DefaultKeyStoreConfiguration] will not be loaded due to failing conditions:
01:08:48.678 [main] DEBUG io.micronaut.context.condition.Condition -- * Required property [micronaut.http.client.ssl.key-store] not present
01:08:48.678 [main] DEBUG io.micronaut.context.condition.Condition -- Bean [Definition: io.micronaut.http.ssl.ClientSslConfiguration$DefaultKeyConfiguration] will not be loaded due to failing conditions:
01:08:48.678 [main] DEBUG io.micronaut.context.condition.Condition -- * Required property [micronaut.http.client.ssl.key] not present
01:08:48.678 [main] DEBUG io.micronaut.context.condition.Condition -- Bean [Definition: io.micronaut.http.body.ConversionTextPlainHandler] will not be loaded due to failing conditions:
01:08:48.678 [main] DEBUG io.micronaut.context.condition.Condition -- * Required property [micronaut.http.legacy-text-conversion] with value [true] not present
01:08:48.679 [main] DEBUG io.micronaut.context.condition.Condition -- Bean [Definition: io.micronaut.security.token.jwt.validator.NotBeforeJwtClaimsValidator] will not be loaded due to failing conditions:
01:08:48.679 [main] DEBUG io.micronaut.context.condition.Condition -- * Required property [micronaut.security.token.jwt.claims-validators.not-before] with value [true] not present
01:08:48.679 [main] DEBUG io.micronaut.context.condition.Condition -- Bean [Definition: io.micronaut.security.token.jwt.validator.IssuerJwtClaimsValidator] will not be loaded due to failing conditions:
01:08:48.679 [main] DEBUG io.micronaut.context.condition.Condition -- * Required property [micronaut.security.token.jwt.claims-validators.issuer] not present
01:08:48.679 [main] DEBUG io.micronaut.context.condition.Condition -- Bean [Definition: io.micronaut.security.token.jwt.generator.RefreshTokenConfigurationProperties] will not be loaded due to failing conditions:
01:08:48.679 [main] DEBUG io.micronaut.context.condition.Condition -- * Required property [micronaut.security.token.jwt.generator.refresh-token.secret] not present
01:08:48.679 [main] DEBUG io.micronaut.context.condition.Condition -- Bean [Definition: io.micronaut.security.token.jwt.validator.AudienceJwtClaimsValidator] will not be loaded due to failing conditions:
01:08:48.679 [main] DEBUG io.micronaut.context.condition.Condition -- * Required property [micronaut.security.token.jwt.claims-validators.audience] not present
01:08:48.681 [main] DEBUG io.micronaut.context.condition.Condition -- Bean [Definition: io.micronaut.security.token.cookie.TokenCookieLoginHandler] will not be loaded due to failing conditions:
01:08:48.681 [main] DEBUG io.micronaut.context.condition.Condition -- * Required property [micronaut.security.authentication] with value [cookie] not present
01:08:48.682 [main] DEBUG io.micronaut.context.condition.Condition -- Bean [Definition: io.micronaut.security.errors.CookiePriorToLoginPersistence] will not be loaded due to failing conditions:
01:08:48.682 [main] DEBUG io.micronaut.context.condition.Condition -- * Required property [micronaut.security.redirect.prior-to-login] with value [true] not present
01:08:48.682 [main] DEBUG io.micronaut.context.condition.Condition -- Bean [Definition: io.micronaut.security.token.bearer.AccessRefreshTokenLoginHandler] will not be loaded due to failing conditions:
01:08:48.682 [main] DEBUG io.micronaut.context.condition.Condition -- * Required property [micronaut.security.authentication] with value [bearer] not present
01:08:48.682 [main] DEBUG io.micronaut.context.condition.Condition -- Bean [Definition: io.micronaut.security.token.propagation.TokenPropagationHttpClientFilter] will not be loaded due to failing conditions:
01:08:48.682 [main] DEBUG io.micronaut.context.condition.Condition -- * Required property [micronaut.security.token.propagation.enabled] with value [true] not present
01:08:48.682 [main] DEBUG io.micronaut.context.condition.Condition -- Bean [Definition: io.micronaut.management.health.indicator.jdbc.JdbcIndicator] will not be loaded due to failing conditions:
01:08:48.682 [main] DEBUG io.micronaut.context.condition.Condition -- * Class [io.micronaut.jdbc.DataSourceResolver] is not present
01:08:48.682 [main] DEBUG io.micronaut.context.condition.Condition -- Bean [Definition: io.micronaut.management.health.indicator.client.ServiceHttpClientHealthIndicator] will not be loaded due to failing conditions:
01:08:48.682 [main] DEBUG io.micronaut.context.condition.Condition -- * Property [endpoints.health.service-http-client.enabled] with value [false] should not equal: false
01:08:48.682 [main] DEBUG io.micronaut.context.condition.Condition -- Bean [Definition: io.micronaut.management.endpoint.loggers.impl.Log4jLoggingSystem] will not be loaded due to failing conditions:
01:08:48.682 [main] DEBUG io.micronaut.context.condition.Condition -- * Class [org.apache.logging.log4j.core.LoggerContext] is not present
01:08:48.682 [main] DEBUG io.micronaut.context.condition.Condition -- Bean [Definition: io.micronaut.web.router.version.resolution.ParameterVersionResolverConfiguration] will not be loaded due to failing conditions:
01:08:48.682 [main] DEBUG io.micronaut.context.condition.Condition -- * Required property [micronaut.router.versioning.parameter.enabled] with value [true] not present
01:08:48.682 [main] DEBUG io.micronaut.context.condition.Condition -- Bean [Definition: io.micronaut.web.router.version.resolution.HeaderVersionResolverConfiguration] will not be loaded due to failing conditions:
01:08:48.682 [main] DEBUG io.micronaut.context.condition.Condition -- * Required property [micronaut.router.versioning.header.enabled] with value [true] not present
01:08:48.682 [main] DEBUG io.micronaut.context.condition.Condition -- Bean [Definition: io.micronaut.web.router.version.RoutesVersioningConfiguration] will not be loaded due to failing conditions:
01:08:48.682 [main] DEBUG io.micronaut.context.condition.Condition -- * Required property [micronaut.router.versioning.enabled] with value [true] not present
01:08:48.682 [main] DEBUG io.micronaut.context.condition.Condition -- Bean [Definition: io.micronaut.web.router.version.ConfigurationDefaultVersionProvider] will not be loaded due to failing conditions:
01:08:48.682 [main] DEBUG io.micronaut.context.condition.Condition -- * Required property [micronaut.router.versioning.default-version] not present
01:08:48.682 [main] DEBUG io.micronaut.context.condition.Condition -- Bean [io.micronaut.tracing.opentelemetry.idgenerator.xray.$AwsXrayIdGeneratorFactory$IdGenerator0$Definition] will not be loaded due to failing conditions:
01:08:48.682 [main] DEBUG io.micronaut.context.condition.Condition -- * Class [io.opentelemetry.contrib.awsxray.AwsXrayIdGenerator] is not present
01:08:48.682 [main] DEBUG io.micronaut.context.condition.Condition -- Bean [io.micronaut.tracing.opentelemetry.idgenerator.xray.$AwsXrayIdGeneratorFactory$Definition] will not be loaded due to failing conditions:
01:08:48.682 [main] DEBUG io.micronaut.context.condition.Condition -- * Class [io.opentelemetry.contrib.awsxray.AwsXrayIdGenerator] is not present
01:08:48.682 [main] DEBUG io.micronaut.context.condition.Condition -- Bean [Definition: io.micronaut.test.support.sql.DelegatingDataSourceSqlHandler] will not be loaded due to failing conditions:
01:08:48.682 [main] DEBUG io.micronaut.context.condition.Condition -- * Class [io.micronaut.data.connection.jdbc.advice.DelegatingDataSource] is not present
01:08:48.682 [main] DEBUG io.micronaut.context.condition.Condition -- Bean [Definition: io.micronaut.test.support.sql.ConnectionFactoryHandler] will not be loaded due to failing conditions:
01:08:48.682 [main] DEBUG io.micronaut.context.condition.Condition -- * Class [io.r2dbc.spi.ConnectionFactory] is not present
01:08:48.682 [main] DEBUG io.micronaut.context.lifecycle -- Created bean [io.micronaut.scheduling.processor.ScheduledMethodProcessor@5b408dc3] from definition [Definition: io.micronaut.scheduling.processor.ScheduledMethodProcessor] with qualifier [null]
01:08:48.682 [main] DEBUG io.micronaut.context.DefaultBeanContext -- Found a registration BeanRegistration: io.micronaut.scheduling.processor.ScheduledMethodProcessor@5b408dc3 for candidate: Definition: io.micronaut.scheduling.processor.ScheduledMethodProcessor with qualifier: <Scheduled>
01:08:48.684 [main] DEBUG io.micronaut.context.condition.Condition -- Configuration: io.micronaut.security.x509 will not be loaded due to failing conditions:
01:08:48.684 [main] DEBUG io.micronaut.context.condition.Condition -- * Required property [micronaut.security.x509.enabled] with value [true] not present
01:08:48.684 [main] DEBUG io.micronaut.context.DefaultBeanContext -- Loaded active configurations: io.micronaut.jackson,io.micronaut.security.token.jwt.nimbus,io.micronaut.management.endpoint,io.micronaut.security.endpoints.introspection,io.micronaut.tracing.opentelemetry,io.micronaut.http.client,io.micronaut.security.token.jwt,io.micronaut.security
01:08:48.684 [main] DEBUG io.micronaut.context.DefaultBeanContext -- BeanContext Started.
01:08:48.684 [main] DEBUG io.micronaut.context.DefaultBeanContext -- Finding candidate beans for type: ApplicationEventPublisher<StartupEvent T>
01:08:48.684 [main] DEBUG io.micronaut.context.DefaultBeanContext --   interface io.micronaut.context.event.ApplicationEventPublisher null io.micronaut.context.event.ApplicationEventPublisherFactory@44ded103
01:08:48.684 [main] DEBUG io.micronaut.context.DefaultBeanContext -- Found concrete candidate [io.micronaut.context.event.ApplicationEventPublisherFactory@44ded103] for type: applicationEventPublisher 
01:08:48.685 [main] DEBUG io.micronaut.context.lifecycle -- Created bean [io.micronaut.context.event.ApplicationEventPublisherFactory$2@2756c0a7] from definition [io.micronaut.context.event.ApplicationEventPublisherFactory@44ded103] with qualifier [null]
01:08:48.685 [main] DEBUG io.micronaut.context.event.ApplicationEventPublisher -- Publishing event: io.micronaut.context.event.StartupEvent[source=io.micronaut.context.DefaultApplicationContext@165b2f7f]
01:08:48.685 [main] DEBUG io.micronaut.context.DefaultBeanContext -- Resolving beans for type: <StartupEvent> io.micronaut.context.event.ApplicationEventListener 
01:08:48.685 [main] DEBUG io.micronaut.context.DefaultBeanContext -- Finding candidate beans for type: ApplicationEventListener
01:08:48.685 [main] DEBUG io.micronaut.core.beans.DefaultBeanIntrospector -- Found BeanIntrospection for type: class io.micronaut.runtime.context.scope.refresh.RefreshScopeCondition,
01:08:48.685 [main] DEBUG io.micronaut.core.beans.DefaultBeanIntrospector -- Found BeanIntrospection for type: class io.micronaut.http.client.ServiceHttpClientCondition,
01:08:48.687 [main] DEBUG io.micronaut.context.DefaultBeanContext -- Finding candidate beans for type: ServiceHttpClientConfiguration
01:08:48.687 [main] DEBUG io.micronaut.context.DefaultBeanContext -- No bean candidates found for type: ServiceHttpClientConfiguration
01:08:48.687 [main] DEBUG io.micronaut.core.beans.DefaultBeanIntrospector -- Found BeanIntrospection for type: class io.micronaut.http.server.netty.ssl.SslEnabledCondition,
01:08:48.687 [main] DEBUG io.micronaut.context.condition.Condition -- Bean [Definition: io.micronaut.http.server.netty.ssl.CertificateProvidedSslBuilder] will not be loaded due to failing conditions:
01:08:48.687 [main] DEBUG io.micronaut.context.condition.Condition -- * Neither the old deprecated micronaut.ssl.build-self-signed, nor the new micronaut.server.ssl.build-self-signed were enabled.
01:08:48.687 [main] DEBUG io.micronaut.context.condition.Condition -- * Custom condition [class io.micronaut.http.server.netty.ssl.SslEnabledCondition] failed evaluation
01:08:48.687 [main] DEBUG io.micronaut.context.DefaultBeanContext -- Finding candidate beans for type: HealthEndpoint
01:08:48.687 [main] DEBUG io.micronaut.core.beans.DefaultBeanIntrospector -- Found BeanIntrospection for type: class io.micronaut.management.endpoint.EndpointEnabledCondition,
01:08:48.688 [main] DEBUG io.micronaut.context.DefaultBeanContext --   class io.micronaut.management.endpoint.health.HealthEndpoint null Definition: io.micronaut.management.endpoint.health.HealthEndpoint
01:08:48.688 [main] DEBUG io.micronaut.context.DefaultBeanContext --   class io.micronaut.http.server.netty.discovery.NettyServiceDiscovery$ApplicationEventListener$onStart1$Intercepted null Definition: io.micronaut.http.server.netty.discovery.NettyServiceDiscovery$ApplicationEventListener$onStart1$Intercepted
01:08:48.688 [main] DEBUG io.micronaut.context.DefaultBeanContext --   class io.micronaut.management.health.indicator.service.ServiceReadyHealthIndicator$ApplicationEventListener$onServiceStarted1$Intercepted null Definition: io.micronaut.management.health.indicator.service.ServiceReadyHealthIndicator$ApplicationEventListener$onServiceStarted1$Intercepted
01:08:48.688 [main] DEBUG io.micronaut.context.DefaultBeanContext --   class io.micronaut.runtime.context.scope.refresh.RefreshScope null Definition: io.micronaut.runtime.context.scope.refresh.RefreshScope
01:08:48.688 [main] DEBUG io.micronaut.context.DefaultBeanContext --   class io.micronaut.runtime.http.scope.RequestCustomScope null Definition: io.micronaut.runtime.http.scope.RequestCustomScope
01:08:48.688 [main] DEBUG io.micronaut.context.DefaultBeanContext --   class io.micronaut.management.health.indicator.service.ServiceReadyHealthIndicator$ApplicationEventListener$onServerStarted2$Intercepted null Definition: io.micronaut.management.health.indicator.service.ServiceReadyHealthIndicator$ApplicationEventListener$onServerStarted2$Intercepted
01:08:48.688 [main] DEBUG io.micronaut.context.DefaultBeanContext --   class io.micronaut.scheduling.processor.ScheduledMethodProcessor$ApplicationEventListener$scheduleTasks1$Intercepted null Definition: io.micronaut.scheduling.processor.ScheduledMethodProcessor$ApplicationEventListener$scheduleTasks1$Intercepted
01:08:48.688 [main] DEBUG io.micronaut.context.DefaultBeanContext --   class io.micronaut.http.client.netty.DefaultNettyHttpClientRegistry null Definition: io.micronaut.http.client.netty.DefaultNettyHttpClientRegistry
01:08:48.688 [main] DEBUG io.micronaut.context.DefaultBeanContext --   class io.micronaut.http.server.netty.discovery.NettyServiceDiscovery$ApplicationEventListener$onStop2$Intercepted null Definition: io.micronaut.http.server.netty.discovery.NettyServiceDiscovery$ApplicationEventListener$onStop2$Intercepted
01:08:48.688 [main] DEBUG io.micronaut.context.DefaultBeanContext --   interface io.micronaut.http.server.netty.NettyEmbeddedServer null Definition: io.micronaut.http.server.netty.DefaultNettyEmbeddedServerFactory
01:08:48.690 [main] DEBUG io.micronaut.context.DefaultBeanContext -- Resolving beans for type: @InterceptorBinding(NONE) io.micronaut.aop.Interceptor 
01:08:48.691 [main] DEBUG io.micronaut.context.DefaultBeanContext -- Finding candidate beans for type: Interceptor T
01:08:48.691 [main] DEBUG io.micronaut.context.DefaultBeanContext -- Finding candidate beans for type: Tracer
01:08:48.691 [main] DEBUG io.micronaut.context.DefaultBeanContext -- Finding candidate beans for type: Tracer
01:08:48.692 [main] DEBUG io.micronaut.context.DefaultBeanContext -- No bean candidates found for type: Tracer
01:08:48.692 [main] DEBUG io.micronaut.context.DefaultBeanContext --   interface io.opentelemetry.api.trace.Tracer null Definition: io.micronaut.tracing.opentelemetry.DefaultTelemetryTracer
01:08:48.692 [main] DEBUG io.micronaut.context.DefaultBeanContext --   class io.micronaut.runtime.beans.MapperIntroduction null Definition: io.micronaut.runtime.beans.MapperIntroduction
01:08:48.692 [main] DEBUG io.micronaut.context.DefaultBeanContext --   class io.micronaut.websocket.interceptor.ClientWebSocketInterceptor null Definition: io.micronaut.websocket.interceptor.ClientWebSocketInterceptor
01:08:48.692 [main] DEBUG io.micronaut.context.DefaultBeanContext --   class io.micronaut.validation.ValidatingInterceptor null Definition: io.micronaut.validation.ValidatingInterceptor
01:08:48.692 [main] DEBUG io.micronaut.context.DefaultBeanContext --   class io.micronaut.runtime.context.scope.refresh.RefreshInterceptor null Definition: io.micronaut.runtime.context.scope.refresh.RefreshInterceptor
01:08:48.692 [main] DEBUG io.micronaut.context.DefaultBeanContext --   class io.micronaut.retry.intercept.DefaultRetryInterceptor null Definition: io.micronaut.retry.intercept.DefaultRetryInterceptor
01:08:48.692 [main] DEBUG io.micronaut.context.DefaultBeanContext --   class io.micronaut.http.client.interceptor.HttpClientIntroductionAdvice null Definition: io.micronaut.http.client.interceptor.HttpClientIntroductionAdvice
01:08:48.692 [main] DEBUG io.micronaut.context.DefaultBeanContext --   class io.micronaut.scheduling.async.AsyncInterceptor null Definition: io.micronaut.scheduling.async.AsyncInterceptor
01:08:48.692 [main] DEBUG io.micronaut.context.DefaultBeanContext --   class io.micronaut.retry.intercept.RecoveryInterceptor null Definition: io.micronaut.retry.intercept.RecoveryInterceptor
01:08:48.692 [main] DEBUG io.micronaut.context.DefaultBeanContext --   class io.micronaut.tracing.opentelemetry.interceptor.NewSpanOpenTelemetryTraceInterceptor null Definition: io.micronaut.tracing.opentelemetry.interceptor.NewSpanOpenTelemetryTraceInterceptor
01:08:48.692 [main] DEBUG io.micronaut.context.DefaultBeanContext --   class io.micronaut.tracing.opentelemetry.interceptor.ContinueSpanOpenTelemetryTraceInterceptor null Definition: io.micronaut.tracing.opentelemetry.interceptor.ContinueSpanOpenTelemetryTraceInterceptor
01:08:48.692 [main] DEBUG io.micronaut.context.DefaultBeanContext --   class io.micronaut.runtime.context.env.ConfigurationIntroductionAdvice null Definition: io.micronaut.runtime.context.env.ConfigurationIntroductionAdvice
01:08:48.692 [main] DEBUG io.micronaut.context.DefaultBeanContext -- Finding candidate beans for type: InterceptorRegistry $interceptorRegistry
01:08:48.693 [main] DEBUG io.micronaut.context.DefaultBeanContext --   interface io.micronaut.aop.InterceptorRegistry null io.micronaut.aop.internal.InterceptorRegistryBean@4ba534b0
01:08:48.693 [main] DEBUG io.micronaut.context.DefaultBeanContext -- Found concrete candidate [io.micronaut.aop.internal.InterceptorRegistryBean@4ba534b0] for type: $interceptorRegistry 
01:08:48.693 [main] DEBUG io.micronaut.context.lifecycle -- Created bean [io.micronaut.aop.chain.DefaultInterceptorRegistry@4e517165] from definition [io.micronaut.aop.internal.InterceptorRegistryBean@4ba534b0] with qualifier [null]
01:08:48.695 [main] DEBUG io.micronaut.context.DefaultBeanContext -- Finding candidate beans for type: ScheduledMethodProcessor
01:08:48.695 [main] DEBUG io.micronaut.context.DefaultBeanContext --   class io.micronaut.scheduling.processor.ScheduledMethodProcessor null Definition: io.micronaut.scheduling.processor.ScheduledMethodProcessor
01:08:48.695 [main] DEBUG io.micronaut.context.DefaultBeanContext -- Found concrete candidate [Definition: io.micronaut.scheduling.processor.ScheduledMethodProcessor] for type: scheduledMethodProcessor 
01:08:48.696 [main] DEBUG io.micronaut.context.lifecycle -- Created bean [io.micronaut.scheduling.processor.ScheduledMethodProcessor$ApplicationEventListener$scheduleTasks1$Intercepted@59d2103b] from definition [Definition: io.micronaut.scheduling.processor.ScheduledMethodProcessor$ApplicationEventListener$scheduleTasks1$Intercepted] with qualifier [null]
01:08:48.696 [main] DEBUG io.micronaut.context.DefaultBeanContext -- Found a registration BeanRegistration: io.micronaut.scheduling.processor.ScheduledMethodProcessor$ApplicationEventListener$scheduleTasks1$Intercepted@59d2103b for candidate: Definition: io.micronaut.scheduling.processor.ScheduledMethodProcessor$ApplicationEventListener$scheduleTasks1$Intercepted with qualifier: <StartupEvent>
01:08:48.698 [main] DEBUG io.micronaut.context.DefaultBeanContext -- Finding candidate beans for type: TaskScheduler
01:08:48.699 [main] DEBUG io.micronaut.context.DefaultBeanContext --   class io.micronaut.scheduling.ScheduledExecutorTaskScheduler @Named('scheduled') and @Primary Definition: io.micronaut.scheduling.ScheduledExecutorTaskScheduler
01:08:48.700 [main] DEBUG io.micronaut.context.DefaultBeanContext -- Qualifying bean [taskScheduler] for qualifier: @Named('scheduled') 
01:08:48.700 [main] DEBUG io.micronaut.context.DefaultBeanContext -- Found concrete candidate [Definition: io.micronaut.scheduling.ScheduledExecutorTaskScheduler] for type: @Named('scheduled') taskScheduler 
01:08:48.700 [main] DEBUG io.micronaut.context.DefaultBeanContext -- Finding candidate beans for type: ExecutorService executorService
01:08:48.700 [main] DEBUG io.micronaut.context.DefaultBeanContext -- Finding candidate beans for type: ExecutorConfiguration
01:08:48.700 [main] DEBUG io.micronaut.core.beans.DefaultBeanIntrospector -- Found BeanIntrospection for type: class io.micronaut.scheduling.LoomSupport$LoomCondition,
01:08:48.702 [main] DEBUG io.micronaut.context.DefaultBeanContext --   interface io.micronaut.scheduling.executor.ExecutorConfiguration @Named('scheduled') Definition: io.micronaut.scheduling.executor.ScheduledExecutorServiceConfig
01:08:48.702 [main] DEBUG io.micronaut.context.DefaultBeanContext --   interface io.micronaut.scheduling.executor.ExecutorConfiguration @Named('io') Definition: io.micronaut.scheduling.executor.IOExecutorServiceConfig
01:08:48.702 [main] DEBUG io.micronaut.context.DefaultBeanContext --   interface io.micronaut.scheduling.executor.ExecutorConfiguration @Named('virtual') Definition: io.micronaut.scheduling.executor.IOExecutorServiceConfig
01:08:48.702 [main] DEBUG io.micronaut.context.DefaultBeanContext -- Finding candidate beans for type: EventLoopGroupConfiguration
01:08:48.702 [main] DEBUG io.micronaut.context.DefaultBeanContext --   class io.micronaut.http.server.netty.configuration.NettyHttpServerConfiguration$Worker @Named('netty-server-worker-event-loop') Definition: io.micronaut.http.server.netty.configuration.NettyHttpServerConfiguration$Worker
01:08:48.702 [main] DEBUG io.micronaut.context.DefaultBeanContext --   class io.micronaut.http.server.netty.configuration.NettyHttpServerConfiguration$Parent @Named('netty-server-parent-event-loop') Definition: io.micronaut.http.server.netty.configuration.NettyHttpServerConfiguration$Parent
01:08:48.703 [main] DEBUG io.micronaut.context.DefaultBeanContext --   interface java.util.concurrent.ExecutorService @Named('io') Definition: io.micronaut.scheduling.executor.ExecutorFactory
01:08:48.703 [main] DEBUG io.micronaut.context.DefaultBeanContext --   interface java.util.concurrent.ExecutorService @Named('blocking') Definition: io.micronaut.scheduling.executor.IOExecutorServiceConfig
01:08:48.703 [main] DEBUG io.micronaut.context.DefaultBeanContext --   interface java.util.concurrent.ExecutorService @Named('virtual') Definition: io.micronaut.scheduling.executor.ExecutorFactory
01:08:48.703 [main] DEBUG io.micronaut.context.DefaultBeanContext --   interface java.util.concurrent.ExecutorService @Named('scheduled') Definition: io.micronaut.scheduling.executor.ExecutorFactory
01:08:48.703 [main] DEBUG io.micronaut.context.DefaultBeanContext --   interface io.netty.channel.EventLoopGroup @Named('netty-server-parent-event-loop') Definition: io.micronaut.http.netty.channel.DefaultEventLoopGroupRegistry
01:08:48.703 [main] DEBUG io.micronaut.context.DefaultBeanContext --   interface io.netty.channel.EventLoopGroup @Named('netty-server-worker-event-loop') Definition: io.micronaut.http.netty.channel.DefaultEventLoopGroupRegistry
01:08:48.703 [main] DEBUG io.micronaut.context.DefaultBeanContext -- Qualifying bean [executorService] for qualifier: @Named('scheduled') 
01:08:48.703 [main] DEBUG io.micronaut.context.DefaultBeanContext -- Found concrete candidate [Definition: io.micronaut.scheduling.executor.ExecutorFactory] for type: @Named('scheduled') executorService 
01:08:48.703 [main] DEBUG io.micronaut.context.DefaultBeanContext -- Finding candidate beans for type: ExecutorFactory
01:08:48.703 [main] DEBUG io.micronaut.context.DefaultBeanContext --   class io.micronaut.scheduling.executor.ExecutorFactory null Definition: io.micronaut.scheduling.executor.ExecutorFactory
01:08:48.703 [main] DEBUG io.micronaut.context.DefaultBeanContext -- Found concrete candidate [Definition: io.micronaut.scheduling.executor.ExecutorFactory] for type: executorFactory 
01:08:48.704 [main] DEBUG io.micronaut.context.DefaultBeanContext -- Finding candidate beans for type: ThreadFactory threadFactory
01:08:48.704 [main] DEBUG io.micronaut.context.DefaultBeanContext -- Finding candidate beans for type: ExecutorConfiguration
01:08:48.704 [main] DEBUG io.micronaut.context.DefaultBeanContext --   interface io.micronaut.scheduling.executor.ExecutorConfiguration @Named('scheduled') Definition: io.micronaut.scheduling.executor.ScheduledExecutorServiceConfig
01:08:48.704 [main] DEBUG io.micronaut.context.DefaultBeanContext --   interface io.micronaut.scheduling.executor.ExecutorConfiguration @Named('io') Definition: io.micronaut.scheduling.executor.IOExecutorServiceConfig
01:08:48.704 [main] DEBUG io.micronaut.context.DefaultBeanContext --   interface io.micronaut.scheduling.executor.ExecutorConfiguration @Named('virtual') Definition: io.micronaut.scheduling.executor.IOExecutorServiceConfig
01:08:48.704 [main] DEBUG io.micronaut.context.DefaultBeanContext --   interface java.util.concurrent.ThreadFactory @Named('io') Definition: io.micronaut.scheduling.executor.ExecutorFactory
01:08:48.704 [main] DEBUG io.micronaut.context.DefaultBeanContext --   interface java.util.concurrent.ThreadFactory null Definition: io.micronaut.scheduling.executor.DefaultThreadFactory
01:08:48.704 [main] DEBUG io.micronaut.context.DefaultBeanContext --   interface java.util.concurrent.ThreadFactory @Named('scheduled') Definition: io.micronaut.scheduling.executor.ExecutorFactory
01:08:48.704 [main] DEBUG io.micronaut.context.DefaultBeanContext --   interface java.util.concurrent.ThreadFactory @Named('virtual') Definition: io.micronaut.scheduling.executor.ExecutorFactory
01:08:48.704 [main] DEBUG io.micronaut.context.DefaultBeanContext --   interface java.util.concurrent.ThreadFactory @Named('netty') Definition: io.micronaut.http.netty.channel.NettyThreadFactory
01:08:48.704 [main] DEBUG io.micronaut.context.DefaultBeanContext -- Searching for @Primary for type [threadFactory] from candidates: [Definition: io.micronaut.scheduling.executor.ExecutorFactory, Definition: io.micronaut.scheduling.executor.DefaultThreadFactory, Definition: io.micronaut.scheduling.executor.ExecutorFactory, Definition: io.micronaut.scheduling.executor.ExecutorFactory, Definition: io.micronaut.http.netty.channel.NettyThreadFactory] 
01:08:48.704 [main] DEBUG io.micronaut.context.DefaultBeanContext -- Found concrete candidate [Definition: io.micronaut.scheduling.executor.DefaultThreadFactory] for type: threadFactory 
01:08:48.704 [main] DEBUG io.micronaut.context.DefaultBeanContext -- Finding candidate beans for type: DefaultThreadFactory
01:08:48.705 [main] DEBUG io.micronaut.context.DefaultBeanContext --   class io.micronaut.scheduling.executor.DefaultThreadFactory null Definition: io.micronaut.scheduling.executor.DefaultThreadFactory
01:08:48.705 [main] DEBUG io.micronaut.context.DefaultBeanContext -- Found concrete candidate [Definition: io.micronaut.scheduling.executor.DefaultThreadFactory] for type: defaultThreadFactory 
01:08:48.705 [main] DEBUG io.micronaut.context.lifecycle -- Created bean [io.micronaut.scheduling.executor.DefaultThreadFactory@107ed6fc] from definition [Definition: io.micronaut.scheduling.executor.DefaultThreadFactory] with qualifier [null]
01:08:48.705 [main] DEBUG io.micronaut.context.lifecycle -- Created bean [java.util.concurrent.Executors$DefaultThreadFactory@1643d68f] from definition [Definition: io.micronaut.scheduling.executor.DefaultThreadFactory] with qualifier [null]
01:08:48.705 [main] DEBUG io.micronaut.context.lifecycle -- Created bean [io.micronaut.scheduling.executor.ExecutorFactory@186978a6] from definition [Definition: io.micronaut.scheduling.executor.ExecutorFactory] with qualifier [null]
01:08:48.706 [main] DEBUG io.micronaut.context.DefaultBeanContext -- Finding candidate beans for type: ExecutorConfiguration executorConfiguration
01:08:48.707 [main] DEBUG io.micronaut.context.DefaultBeanContext --   interface io.micronaut.scheduling.executor.ExecutorConfiguration @Named('scheduled') Definition: io.micronaut.scheduling.executor.ScheduledExecutorServiceConfig
01:08:48.707 [main] DEBUG io.micronaut.context.DefaultBeanContext --   interface io.micronaut.scheduling.executor.ExecutorConfiguration @Named('io') Definition: io.micronaut.scheduling.executor.IOExecutorServiceConfig
01:08:48.707 [main] DEBUG io.micronaut.context.DefaultBeanContext --   interface io.micronaut.scheduling.executor.ExecutorConfiguration @Named('virtual') Definition: io.micronaut.scheduling.executor.IOExecutorServiceConfig
01:08:48.707 [main] DEBUG io.micronaut.context.DefaultBeanContext -- Qualifying bean [executorConfiguration] for qualifier: @Named('scheduled') 
01:08:48.707 [main] DEBUG io.micronaut.context.DefaultBeanContext -- Found concrete candidate [Definition: io.micronaut.scheduling.executor.ScheduledExecutorServiceConfig] for type: @Named('scheduled') executorConfiguration 
01:08:48.707 [main] DEBUG io.micronaut.context.DefaultBeanContext -- Finding candidate beans for type: ScheduledExecutorServiceConfig
01:08:48.707 [main] DEBUG io.micronaut.context.DefaultBeanContext --   class io.micronaut.scheduling.executor.ScheduledExecutorServiceConfig null Definition: io.micronaut.scheduling.executor.ScheduledExecutorServiceConfig
01:08:48.707 [main] DEBUG io.micronaut.context.DefaultBeanContext -- Found concrete candidate [Definition: io.micronaut.scheduling.executor.ScheduledExecutorServiceConfig] for type: scheduledExecutorServiceConfig 
01:08:48.707 [main] DEBUG io.micronaut.context.lifecycle -- Created bean [io.micronaut.scheduling.executor.ScheduledExecutorServiceConfig@7a7471ce] from definition [Definition: io.micronaut.scheduling.executor.ScheduledExecutorServiceConfig] with qualifier [null]
01:08:48.708 [main] DEBUG io.micronaut.context.lifecycle -- Created bean [io.micronaut.scheduling.executor.UserExecutorConfiguration@2ed3b1f5] from definition [Definition: io.micronaut.scheduling.executor.ScheduledExecutorServiceConfig] with qualifier [@Named('scheduled')]
01:08:48.708 [main] DEBUG io.micronaut.context.DefaultBeanContext -- Finding candidate beans for type: ThreadFactory
01:08:48.708 [main] DEBUG io.micronaut.context.DefaultBeanContext -- Finding candidate beans for type: ExecutorConfiguration
01:08:48.708 [main] DEBUG io.micronaut.context.DefaultBeanContext --   interface io.micronaut.scheduling.executor.ExecutorConfiguration @Named('scheduled') Definition: io.micronaut.scheduling.executor.ScheduledExecutorServiceConfig
[...]
01:08:49.203 [main] DEBUG io.micronaut.context.DefaultBeanContext -- Finding candidate beans for type: ApplicationConfiguration applicationConfiguration
01:08:49.203 [main] DEBUG io.micronaut.context.DefaultBeanContext --   class io.micronaut.runtime.ApplicationConfiguration null Definition: io.micronaut.runtime.ApplicationConfiguration
01:08:49.203 [main] DEBUG io.micronaut.context.DefaultBeanContext -- Found concrete candidate [Definition: io.micronaut.runtime.ApplicationConfiguration] for type: applicationConfiguration 
01:08:49.203 [main] DEBUG io.micronaut.context.lifecycle -- Created bean [io.micronaut.management.health.indicator.service.ServiceReadyHealthIndicator@6724cdec] from definition [Definition: io.micronaut.management.health.indicator.service.ServiceReadyHealthIndicator] with qualifier [@Readiness]
01:08:49.203 [main] DEBUG io.micronaut.context.DefaultBeanContext -- Finding candidate beans for type: ApplicationEventPublisher<ServiceReadyEvent T> serviceReadyEventApplicationEventPublisher
01:08:49.203 [main] DEBUG io.micronaut.context.DefaultBeanContext --   interface io.micronaut.context.event.ApplicationEventPublisher null io.micronaut.context.event.ApplicationEventPublisherFactory@44ded103
01:08:49.203 [main] DEBUG io.micronaut.context.DefaultBeanContext -- Found concrete candidate [io.micronaut.context.event.ApplicationEventPublisherFactory@44ded103] for type: serviceReadyEventApplicationEventPublisher 
01:08:49.203 [main] DEBUG io.micronaut.context.lifecycle -- Created bean [io.micronaut.context.event.ApplicationEventPublisherFactory$2@52e04737] from definition [io.micronaut.context.event.ApplicationEventPublisherFactory@44ded103] with qualifier [null]
01:08:49.203 [main] DEBUG io.micronaut.context.DefaultBeanContext -- Finding candidate beans for type: ApplicationEventPublisher<ServiceStoppedEvent T> serviceStoppedEventApplicationEventPublisher
01:08:49.203 [main] DEBUG io.micronaut.context.DefaultBeanContext --   interface io.micronaut.context.event.ApplicationEventPublisher null io.micronaut.context.event.ApplicationEventPublisherFactory@44ded103
01:08:49.203 [main] DEBUG io.micronaut.context.DefaultBeanContext -- Found concrete candidate [io.micronaut.context.event.ApplicationEventPublisherFactory@44ded103] for type: serviceStoppedEventApplicationEventPublisher 
01:08:49.203 [main] DEBUG io.micronaut.context.lifecycle -- Created bean [io.micronaut.context.event.ApplicationEventPublisherFactory$2@1a4d1ab7] from definition [io.micronaut.context.event.ApplicationEventPublisherFactory@44ded103] with qualifier [null]
01:08:49.203 [main] DEBUG io.micronaut.context.lifecycle -- Created bean [io.micronaut.http.server.netty.discovery.NettyServiceDiscovery@546e61d5] from definition [Definition: io.micronaut.http.server.netty.discovery.NettyServiceDiscovery] with qualifier [null]
01:08:49.203 [main] DEBUG io.micronaut.context.DefaultBeanContext -- Finding candidate beans for type: NettyEmbeddedServerInstance
01:08:49.203 [main] DEBUG io.micronaut.context.DefaultBeanContext --   class io.micronaut.http.server.netty.discovery.NettyEmbeddedServerInstance null Definition: io.micronaut.http.server.netty.discovery.NettyEmbeddedServerInstance
01:08:49.203 [main] DEBUG io.micronaut.context.DefaultBeanContext -- Found concrete candidate [Definition: io.micronaut.http.server.netty.discovery.NettyEmbeddedServerInstance] for type: nettyEmbeddedServerInstance 
01:08:49.204 [main] DEBUG io.micronaut.context.DefaultBeanContext -- Resolving beans for type: io.micronaut.discovery.metadata.ServiceInstanceMetadataContributor
01:08:49.204 [main] DEBUG io.micronaut.context.DefaultBeanContext -- Finding candidate beans for type: ServiceInstanceMetadataContributor E
01:08:49.204 [main] DEBUG io.micronaut.context.DefaultBeanContext -- No bean candidates found for type: ServiceInstanceMetadataContributor E
01:08:49.204 [main] DEBUG io.micronaut.context.lifecycle -- Created bean [io.micronaut.http.server.netty.discovery.NettyEmbeddedServerInstance@30364216] from definition [Definition: io.micronaut.http.server.netty.discovery.NettyEmbeddedServerInstance] with qualifier [null]
01:08:49.204 [main] DEBUG io.micronaut.context.event.ApplicationEventPublisher -- Publishing event: io.micronaut.discovery.event.ServiceReadyEvent[source=io.micronaut.http.server.netty.discovery.NettyEmbeddedServerInstance@30364216]
01:08:49.204 [main] DEBUG io.micronaut.context.DefaultBeanContext -- Resolving beans for type: <ServiceReadyEvent> io.micronaut.context.event.ApplicationEventListener 
01:08:49.204 [main] DEBUG io.micronaut.context.DefaultBeanContext -- Resolving beans for type: @InterceptorBinding(NONE) io.micronaut.aop.Interceptor 
01:08:49.204 [main] DEBUG io.micronaut.context.lifecycle -- Created bean [io.micronaut.management.health.indicator.service.ServiceReadyHealthIndicator$ApplicationEventListener$onServiceStarted1$Intercepted@78d6447a] from definition [Definition: io.micronaut.management.health.indicator.service.ServiceReadyHealthIndicator$ApplicationEventListener$onServiceStarted1$Intercepted] with qualifier [null]
01:08:49.204 [main] DEBUG io.micronaut.context.DefaultBeanContext -- Found a registration BeanRegistration: io.micronaut.management.health.indicator.service.ServiceReadyHealthIndicator$ApplicationEventListener$onServiceStarted1$Intercepted@78d6447a for candidate: Definition: io.micronaut.management.health.indicator.service.ServiceReadyHealthIndicator$ApplicationEventListener$onServiceStarted1$Intercepted with qualifier: <ServiceReadyEvent>
01:08:49.204 [main] DEBUG io.micronaut.context.DefaultBeanContext -- Finding candidate beans for type: RefreshScope
01:08:49.204 [main] DEBUG io.micronaut.context.DefaultBeanContext --   class io.micronaut.runtime.context.scope.refresh.RefreshScope null Definition: io.micronaut.runtime.context.scope.refresh.RefreshScope
01:08:49.204 [main] DEBUG io.micronaut.context.DefaultBeanContext -- Found concrete candidate [Definition: io.micronaut.runtime.context.scope.refresh.RefreshScope] for type: refreshScope 
01:08:49.204 [main] DEBUG io.micronaut.context.lifecycle -- Created bean [io.micronaut.runtime.context.scope.refresh.RefreshScope@1e469dfd] from definition [Definition: io.micronaut.runtime.context.scope.refresh.RefreshScope] with qualifier [null]
01:08:49.208 [main] DEBUG io.micronaut.context.DefaultBeanContext -- Finding candidate beans for type: MockDataServiceTest
01:08:49.208 [main] DEBUG io.micronaut.context.DefaultBeanContext --   class com.example.dataqueryservice.service.MockDataServiceTest null Definition: com.example.dataqueryservice.service.MockDataServiceTest
01:08:49.212 [main] DEBUG io.micronaut.context.DefaultBeanContext -- Finding candidate beans for instance: com.example.dataqueryservice.service.MockDataServiceTest@3968bc60
01:08:49.212 [main] DEBUG io.micronaut.context.DefaultBeanContext -- Resolved bean candidates [Definition: com.example.dataqueryservice.service.MockDataServiceTest] for instance: com.example.dataqueryservice.service.MockDataServiceTest@3968bc60
01:08:49.212 [main] DEBUG io.micronaut.context.DefaultBeanContext -- Finding candidate beans for type: MockDataService mockDataService
01:08:49.213 [main] DEBUG io.micronaut.context.DefaultBeanContext --   class com.example.dataqueryservice.service.MockDataService null Definition: com.example.dataqueryservice.service.MockDataService
01:08:49.213 [main] DEBUG io.micronaut.context.DefaultBeanContext -- Found concrete candidate [Definition: com.example.dataqueryservice.service.MockDataService] for type: mockDataService 
01:08:49.213 [main] INFO com.example.dataqueryservice.service.MockDataService -- Mock data service initialized with 3 users and 5 products
01:08:49.213 [main] DEBUG io.micronaut.context.lifecycle -- Created bean [com.example.dataqueryservice.service.MockDataService@227a47] from definition [Definition: com.example.dataqueryservice.service.MockDataService] with qualifier [null]
01:08:49.213 [main] DEBUG io.micronaut.core.reflect.ClassUtils -- Bean of type [class com.example.dataqueryservice.service.MockDataServiceTest] uses reflection to inject field: 'mockDataService'
01:08:49.214 [main] DEBUG io.micronaut.context.DefaultBeanContext -- Finding candidate beans for type: MockDataService
01:08:49.214 [main] DEBUG io.micronaut.context.DefaultBeanContext --   class com.example.dataqueryservice.service.MockDataService null Definition: com.example.dataqueryservice.service.MockDataService
01:08:49.214 [main] DEBUG io.micronaut.context.DefaultBeanContext -- Found concrete candidate [Definition: com.example.dataqueryservice.service.MockDataService] for type: mockDataService 
]]></system-out>
  </testcase>
  <testcase name="testDeleteNonExistentProduct" classname="com.example.dataqueryservice.service.MockDataServiceTest" time="0.001">
    <system-out><![CDATA[01:08:49.223 [main] DEBUG io.micronaut.context.DefaultBeanContext -- Finding candidate beans for instance: com.example.dataqueryservice.service.MockDataServiceTest@2e66bc32
01:08:49.223 [main] DEBUG io.micronaut.core.reflect.ClassUtils -- Bean of type [class com.example.dataqueryservice.service.MockDataServiceTest] uses reflection to inject field: 'mockDataService'
01:08:49.223 [main] INFO com.example.dataqueryservice.service.MockDataService -- Deleted product: false, id: 999, traceId: test-trace-id
]]></system-out>
  </testcase>
  <testcase name="testGetProductsByCategoryEmpty" classname="com.example.dataqueryservice.service.MockDataServiceTest" time="0.001">
    <system-out><![CDATA[01:08:49.224 [main] DEBUG io.micronaut.context.DefaultBeanContext -- Finding candidate beans for instance: com.example.dataqueryservice.service.MockDataServiceTest@5fcfde70
01:08:49.224 [main] DEBUG io.micronaut.core.reflect.ClassUtils -- Bean of type [class com.example.dataqueryservice.service.MockDataServiceTest] uses reflection to inject field: 'mockDataService'
01:08:49.225 [main] DEBUG com.example.dataqueryservice.service.MockDataService -- Retrieved products by category: , count: 5, traceId: test-trace-id
]]></system-out>
  </testcase>
  <testcase name="testGetAllUsers" classname="com.example.dataqueryservice.service.MockDataServiceTest" time="0.0">
    <system-out><![CDATA[01:08:49.225 [main] DEBUG io.micronaut.context.DefaultBeanContext -- Finding candidate beans for instance: com.example.dataqueryservice.service.MockDataServiceTest@4d21c56e
01:08:49.225 [main] DEBUG io.micronaut.core.reflect.ClassUtils -- Bean of type [class com.example.dataqueryservice.service.MockDataServiceTest] uses reflection to inject field: 'mockDataService'
01:08:49.225 [main] DEBUG com.example.dataqueryservice.service.MockDataService -- Retrieved all users, count: 3, traceId: test-trace-id
]]></system-out>
  </testcase>
  <testcase name="testGetProductByIdNotFound" classname="com.example.dataqueryservice.service.MockDataServiceTest" time="0.0">
    <system-out><![CDATA[01:08:49.226 [main] DEBUG io.micronaut.context.DefaultBeanContext -- Finding candidate beans for instance: com.example.dataqueryservice.service.MockDataServiceTest@726aa968
01:08:49.226 [main] DEBUG io.micronaut.core.reflect.ClassUtils -- Bean of type [class com.example.dataqueryservice.service.MockDataServiceTest] uses reflection to inject field: 'mockDataService'
01:08:49.226 [main] DEBUG com.example.dataqueryservice.service.MockDataService -- Retrieved product by id: 999, found: false, traceId: test-trace-id
]]></system-out>
  </testcase>
  <testcase name="testGetProductsByCategory" classname="com.example.dataqueryservice.service.MockDataServiceTest" time="0.001">
    <system-out><![CDATA[01:08:49.227 [main] DEBUG io.micronaut.context.DefaultBeanContext -- Finding candidate beans for instance: com.example.dataqueryservice.service.MockDataServiceTest@15639440
01:08:49.227 [main] DEBUG io.micronaut.core.reflect.ClassUtils -- Bean of type [class com.example.dataqueryservice.service.MockDataServiceTest] uses reflection to inject field: 'mockDataService'
01:08:49.227 [main] DEBUG com.example.dataqueryservice.service.MockDataService -- Retrieved products by category: Electronics, count: 4, traceId: test-trace-id
]]></system-out>
  </testcase>
  <testcase name="testCreateProduct" classname="com.example.dataqueryservice.service.MockDataServiceTest" time="0.001">
    <system-out><![CDATA[01:08:49.228 [main] DEBUG io.micronaut.context.DefaultBeanContext -- Finding candidate beans for instance: com.example.dataqueryservice.service.MockDataServiceTest@5a6d30e2
01:08:49.228 [main] DEBUG io.micronaut.core.reflect.ClassUtils -- Bean of type [class com.example.dataqueryservice.service.MockDataServiceTest] uses reflection to inject field: 'mockDataService'
01:08:49.228 [main] INFO com.example.dataqueryservice.service.MockDataService -- Created product: New Product, id: 6, traceId: test-trace-id
]]></system-out>
  </testcase>
  <testcase name="testUpdateProduct" classname="com.example.dataqueryservice.service.MockDataServiceTest" time="0.0">
    <system-out><![CDATA[01:08:49.229 [main] DEBUG io.micronaut.context.DefaultBeanContext -- Finding candidate beans for instance: com.example.dataqueryservice.service.MockDataServiceTest@2b680207
01:08:49.229 [main] DEBUG io.micronaut.core.reflect.ClassUtils -- Bean of type [class com.example.dataqueryservice.service.MockDataServiceTest] uses reflection to inject field: 'mockDataService'
01:08:49.229 [main] INFO com.example.dataqueryservice.service.MockDataService -- Updated product: Updated Laptop, id: 1, traceId: test-trace-id
]]></system-out>
  </testcase>
  <testcase name="testUpdateProductPartial" classname="com.example.dataqueryservice.service.MockDataServiceTest" time="0.0">
    <system-out><![CDATA[01:08:49.230 [main] DEBUG io.micronaut.context.DefaultBeanContext -- Finding candidate beans for instance: com.example.dataqueryservice.service.MockDataServiceTest@70887727
01:08:49.230 [main] DEBUG io.micronaut.core.reflect.ClassUtils -- Bean of type [class com.example.dataqueryservice.service.MockDataServiceTest] uses reflection to inject field: 'mockDataService'
01:08:49.230 [main] DEBUG com.example.dataqueryservice.service.MockDataService -- Retrieved product by id: 1, found: true, traceId: test-trace-id
01:08:49.230 [main] INFO com.example.dataqueryservice.service.MockDataService -- Updated product: New Name Only, id: 1, traceId: test-trace-id
]]></system-out>
  </testcase>
  <testcase name="testUpdateNonExistentProduct" classname="com.example.dataqueryservice.service.MockDataServiceTest" time="0.001">
    <system-out><![CDATA[01:08:49.231 [main] DEBUG io.micronaut.context.DefaultBeanContext -- Finding candidate beans for instance: com.example.dataqueryservice.service.MockDataServiceTest@56da7487
01:08:49.231 [main] DEBUG io.micronaut.core.reflect.ClassUtils -- Bean of type [class com.example.dataqueryservice.service.MockDataServiceTest] uses reflection to inject field: 'mockDataService'
]]></system-out>
  </testcase>
  <testcase name="testGetProductsByCategoryNull" classname="com.example.dataqueryservice.service.MockDataServiceTest" time="0.0">
    <system-out><![CDATA[01:08:49.231 [main] DEBUG io.micronaut.context.DefaultBeanContext -- Finding candidate beans for instance: com.example.dataqueryservice.service.MockDataServiceTest@599e4d41
01:08:49.231 [main] DEBUG io.micronaut.core.reflect.ClassUtils -- Bean of type [class com.example.dataqueryservice.service.MockDataServiceTest] uses reflection to inject field: 'mockDataService'
01:08:49.231 [main] DEBUG com.example.dataqueryservice.service.MockDataService -- Retrieved products by category: null, count: 6, traceId: test-trace-id
]]></system-out>
  </testcase>
  <testcase name="testGetProductById" classname="com.example.dataqueryservice.service.MockDataServiceTest" time="0.0">
    <system-out><![CDATA[01:08:49.232 [main] DEBUG io.micronaut.context.DefaultBeanContext -- Finding candidate beans for instance: com.example.dataqueryservice.service.MockDataServiceTest@328d044f
01:08:49.232 [main] DEBUG io.micronaut.core.reflect.ClassUtils -- Bean of type [class com.example.dataqueryservice.service.MockDataServiceTest] uses reflection to inject field: 'mockDataService'
01:08:49.232 [main] DEBUG com.example.dataqueryservice.service.MockDataService -- Retrieved product by id: 1, found: true, traceId: test-trace-id
]]></system-out>
  </testcase>
  <testcase name="testGetUserById" classname="com.example.dataqueryservice.service.MockDataServiceTest" time="0.0">
    <system-out><![CDATA[01:08:49.232 [main] DEBUG io.micronaut.context.DefaultBeanContext -- Finding candidate beans for instance: com.example.dataqueryservice.service.MockDataServiceTest@10f7c76
01:08:49.232 [main] DEBUG io.micronaut.core.reflect.ClassUtils -- Bean of type [class com.example.dataqueryservice.service.MockDataServiceTest] uses reflection to inject field: 'mockDataService'
01:08:49.232 [main] DEBUG com.example.dataqueryservice.service.MockDataService -- Retrieved user by id: 1, found: true, traceId: test-trace-id
]]></system-out>
  </testcase>
  <testcase name="testGetUserCount" classname="com.example.dataqueryservice.service.MockDataServiceTest" time="0.0">
    <system-out><![CDATA[01:08:49.233 [main] DEBUG io.micronaut.context.DefaultBeanContext -- Finding candidate beans for instance: com.example.dataqueryservice.service.MockDataServiceTest@4745e9c
01:08:49.233 [main] DEBUG io.micronaut.core.reflect.ClassUtils -- Bean of type [class com.example.dataqueryservice.service.MockDataServiceTest] uses reflection to inject field: 'mockDataService'
]]></system-out>
  </testcase>
  <testcase name="testDeleteProduct" classname="com.example.dataqueryservice.service.MockDataServiceTest" time="0.001">
    <system-out><![CDATA[01:08:49.234 [main] DEBUG io.micronaut.context.DefaultBeanContext -- Finding candidate beans for instance: com.example.dataqueryservice.service.MockDataServiceTest@2f2bff16
01:08:49.234 [main] DEBUG io.micronaut.core.reflect.ClassUtils -- Bean of type [class com.example.dataqueryservice.service.MockDataServiceTest] uses reflection to inject field: 'mockDataService'
01:08:49.234 [main] INFO com.example.dataqueryservice.service.MockDataService -- Deleted product: true, id: 1, traceId: test-trace-id
01:08:49.234 [main] DEBUG com.example.dataqueryservice.service.MockDataService -- Retrieved product by id: 1, found: false, traceId: test-trace-id
]]></system-out>
  </testcase>
  <testcase name="testGetUserByIdNotFound" classname="com.example.dataqueryservice.service.MockDataServiceTest" time="0.001">
    <system-out><![CDATA[01:08:49.234 [main] DEBUG io.micronaut.context.DefaultBeanContext -- Finding candidate beans for instance: com.example.dataqueryservice.service.MockDataServiceTest@75de29c0
01:08:49.234 [main] DEBUG io.micronaut.core.reflect.ClassUtils -- Bean of type [class com.example.dataqueryservice.service.MockDataServiceTest] uses reflection to inject field: 'mockDataService'
01:08:49.234 [main] DEBUG com.example.dataqueryservice.service.MockDataService -- Retrieved user by id: 999, found: false, traceId: test-trace-id
]]></system-out>
  </testcase>
  <testcase name="testGetAllProducts" classname="com.example.dataqueryservice.service.MockDataServiceTest" time="0.0">
    <system-out><![CDATA[01:08:49.235 [main] DEBUG io.micronaut.context.DefaultBeanContext -- Finding candidate beans for instance: com.example.dataqueryservice.service.MockDataServiceTest@fc807c1
01:08:49.235 [main] DEBUG io.micronaut.core.reflect.ClassUtils -- Bean of type [class com.example.dataqueryservice.service.MockDataServiceTest] uses reflection to inject field: 'mockDataService'
01:08:49.235 [main] DEBUG com.example.dataqueryservice.service.MockDataService -- Retrieved all products, count: 5, traceId: test-trace-id
]]></system-out>
  </testcase>
</testsuite>